<?xml version="1.0" encoding="UTF-8"?>
<!-- Generated by org.testng.reporters.JUnitXMLReporter -->
<testsuite ignored="7" hostname="Dheeraj" failures="1" tests="1" name="Appriciate_Test C1227(failed)" time="25.699" errors="0" timestamp="2023-08-28T16:14:08 IST">
  <testcase classname="appriciate_flow.appriatiate_flow_team" name="CommentPositiveNegative_team" time="0.006">
    <failure type="java.lang.IllegalArgumentException" message="Cannot find elements when id is null.">
      <![CDATA[java.lang.IllegalArgumentException: Cannot find elements when id is null.
at org.openqa.selenium.internal.Require$ArgumentChecker.nonNull(Require.java:207)
at org.openqa.selenium.By$ById.<init>(By.java:188)
at org.openqa.selenium.By.id(By.java:49)
at utility_RR.Utility_RR.ScrollIntoView(Utility_RR.java:233)
at appriciate_flow.appriatiate_flow_team.CommentPositiveNegative_team(appriatiate_flow_team.java:222)
at java.base/java.util.ArrayList.forEach(ArrayList.java:1511)
... Removed 25 stack frames]]>
    </failure>
  </testcase> <!-- CommentPositiveNegative_team -->
  <testcase classname="appriciate_flow.appriatiate_flow_team" name="SocialFeedIDGet_team" time="0.0">
    <ignored/>
  </testcase> <!-- SocialFeedIDGet_team -->
  <testcase classname="appriciate_flow.appriatiate_flow_team" name="Appriate_Custom_msg_Negative_team" time="0.0">
    <ignored/>
  </testcase> <!-- Appriate_Custom_msg_Negative_team -->
  <testcase classname="appriciate_flow.appriatiate_flow_team" name="Appriated_List_Test_team" time="0.0">
    <ignored/>
  </testcase> <!-- Appriated_List_Test_team -->
  <testcase classname="appriciate_flow.appriatiate_flow_team" name="LikePositive_team" time="0.0">
    <ignored/>
  </testcase> <!-- LikePositive_team -->
  <testcase classname="appriciate_flow.appriatiate_flow_team" name="Appriate_award_Negative_team" time="0.0">
    <ignored/>
  </testcase> <!-- Appriate_award_Negative_team -->
  <testcase classname="appriciate_flow.appriatiate_flow_team" name="Appriate_emp_mail_Negative_team" time="0.0">
    <ignored/>
  </testcase> <!-- Appriate_emp_mail_Negative_team -->
  <testcase classname="appriciate_flow.appriatiate_flow_team" name="AppriateFlowTeam" time="0.0">
    <ignored/>
  </testcase> <!-- AppriateFlowTeam -->
</testsuite> <!-- Appriciate_Test C1227(failed) -->
