<?xml version="1.0" encoding="UTF-8"?>
<!-- Generated by org.testng.reporters.JUnitXMLReporter -->
<testsuite ignored="0" hostname="Dheeraj" failures="0" tests="8" name="Appriciate_Test_team_C1083" time="113.158" errors="0" timestamp="2023-08-31T11:17:58 IST">
  <testcase classname="appriciate_flow.appriatiate_flow_team" name="AppriateFlowTeam" time="30.088"/>
  <testcase classname="appriciate_flow.appriatiate_flow_team" name="SocialFeedIDGet_team" time="2.242"/>
  <testcase classname="appriciate_flow.appriatiate_flow_team" name="LikePositive_team" time="2.458"/>
  <testcase classname="appriciate_flow.appriatiate_flow_team" name="CommentPositiveNegative_team" time="10.076"/>
  <testcase classname="appriciate_flow.appriatiate_flow_team" name="Appriate_emp_mail_Negative_team" time="16.859"/>
  <testcase classname="appriciate_flow.appriatiate_flow_team" name="Appriate_award_Negative_team" time="5.212"/>
  <testcase classname="appriciate_flow.appriatiate_flow_team" name="Appriate_Custom_msg_Negative_team" time="6.848"/>
  <testcase classname="appriciate_flow.appriatiate_flow_team" name="Appriated_List_Test_team" time="3.425"/>
</testsuite> <!-- Appriciate_Test_team_C1083 -->
