<?xml version="1.0" encoding="UTF-8"?>
<!-- Generated by org.testng.reporters.JUnitXMLReporter -->
<testsuite ignored="0" hostname="Dheeraj" failures="0" tests="8" name="Appriciate_Test_team_C900" time="0.114" errors="0" timestamp="2023-09-11T13:00:29 IST">
  <testcase classname="appriciate_flow.appriatiate_flow_team" name="@BeforeClass beforeClass" time="0.071">
    <failure type="java.lang.NullPointerException" message="Cannot invoke &amp;quot;org.openqa.selenium.remote.RemoteWebDriver.get(String)&amp;quot; because &amp;quot;utility_RR.Utility_RR.driver&amp;quot; is null">
      <![CDATA[java.lang.NullPointerException: Cannot invoke "org.openqa.selenium.remote.RemoteWebDriver.get(String)" because "utility_RR.Utility_RR.driver" is null
at utility_RR.Utility_RR.startBrowser(Utility_RR.java:90)
at appriciate_flow.appriatiate_flow_team.beforeClass(appriatiate_flow_team.java:51)
at java.base/java.util.ArrayList.forEach(ArrayList.java:1511)
... Removed 23 stack frames]]>
    </failure>
  </testcase> <!-- @BeforeClass beforeClass -->
  <testcase classname="appriciate_flow.appriatiate_flow_team" name="@BeforeMethod before_Method_Appriciate" time="-1.694417429548E9">
    <skipped/>
  </testcase> <!-- @BeforeMethod before_Method_Appriciate -->
  <testcase classname="appriciate_flow.appriatiate_flow_team" name="@AfterMethod afterMethod_Appriciate1" time="-1.694417429554E9">
    <skipped/>
  </testcase> <!-- @AfterMethod afterMethod_Appriciate1 -->
  <testcase classname="appriciate_flow.appriatiate_flow_team" name="@BeforeMethod before_Method_Appriciate" time="-1.694417429568E9">
    <skipped/>
  </testcase> <!-- @BeforeMethod before_Method_Appriciate -->
  <testcase classname="appriciate_flow.appriatiate_flow_team" name="@AfterMethod afterMethod_Appriciate1" time="-1.694417429571E9">
    <skipped/>
  </testcase> <!-- @AfterMethod afterMethod_Appriciate1 -->
  <testcase classname="appriciate_flow.appriatiate_flow_team" name="@BeforeMethod before_Method_Appriciate" time="-1.694417429573E9">
    <skipped/>
  </testcase> <!-- @BeforeMethod before_Method_Appriciate -->
  <testcase classname="appriciate_flow.appriatiate_flow_team" name="@AfterMethod afterMethod_Appriciate1" time="-1.694417429577E9">
    <skipped/>
  </testcase> <!-- @AfterMethod afterMethod_Appriciate1 -->
  <testcase classname="appriciate_flow.appriatiate_flow_team" name="@BeforeMethod before_Method_Appriciate" time="-1.694417429578E9">
    <skipped/>
  </testcase> <!-- @BeforeMethod before_Method_Appriciate -->
  <testcase classname="appriciate_flow.appriatiate_flow_team" name="@AfterMethod afterMethod_Appriciate1" time="-1.694417429581E9">
    <skipped/>
  </testcase> <!-- @AfterMethod afterMethod_Appriciate1 -->
  <testcase classname="appriciate_flow.appriatiate_flow_team" name="@AfterClass afterClass" time="-1.694417429583E9">
    <skipped/>
  </testcase> <!-- @AfterClass afterClass -->
  <testcase classname="appriciate_flow.appriatiate_flow_team" name="AppriateFlowTeam" time="0.0">
    <skipped/>
  </testcase> <!-- AppriateFlowTeam -->
  <testcase classname="appriciate_flow.appriatiate_flow_team" name="SocialFeedIDGet_team" time="0.0">
    <skipped/>
  </testcase> <!-- SocialFeedIDGet_team -->
  <testcase classname="appriciate_flow.appriatiate_flow_team" name="LikePositive_team" time="0.0">
    <skipped/>
  </testcase> <!-- LikePositive_team -->
  <testcase classname="appriciate_flow.appriatiate_flow_team" name="CommentPositiveNegative_team" time="0.0">
    <skipped/>
  </testcase> <!-- CommentPositiveNegative_team -->
  <testcase classname="appriciate_flow.appriatiate_flow_team" name="Appriate_emp_mail_Negative_team" time="0.0">
    <skipped/>
  </testcase> <!-- Appriate_emp_mail_Negative_team -->
  <testcase classname="appriciate_flow.appriatiate_flow_team" name="Appriate_award_Negative_team" time="0.0">
    <skipped/>
  </testcase> <!-- Appriate_award_Negative_team -->
  <testcase classname="appriciate_flow.appriatiate_flow_team" name="Appriate_Custom_msg_Negative_team" time="0.0">
    <skipped/>
  </testcase> <!-- Appriate_Custom_msg_Negative_team -->
  <testcase classname="appriciate_flow.appriatiate_flow_team" name="Appriated_List_Test_team" time="0.0">
    <skipped/>
  </testcase> <!-- Appriated_List_Test_team -->
</testsuite> <!-- Appriciate_Test_team_C900 -->
