<?xml version="1.0" encoding="UTF-8"?>
<!-- Generated by org.testng.reporters.JUnitXMLReporter -->
<testsuite ignored="1" hostname="Neeru" failures="0" tests="7" name="Appriciate_Test_C1307" time="99.747" errors="0" timestamp="2024-05-16T16:18:47 IST">
  <testcase classname="appriciate_flow.N_appriatiate_flow" name="AppriateFlowSingle" time="13.549"/>
  <testcase classname="appriciate_flow.N_appriatiate_flow" name="SocialFeedIDGet" time="9.657"/>
  <testcase classname="appriciate_flow.N_appriatiate_flow" name="LikePositive" time="3.113"/>
  <testcase classname="appriciate_flow.N_appriatiate_flow" name="CommentPositiveNegative" time="11.223"/>
  <testcase classname="appriciate_flow.N_appriatiate_flow" name="Appriate_emp_mail_Negative" time="11.97"/>
  <testcase classname="appriciate_flow.N_appriatiate_flow" name="Appriate_award_Negative" time="6.144"/>
  <testcase classname="appriciate_flow.N_appriatiate_flow" name="Appriate_Custom_msg_Negative" time="8.879"/>
  <testcase classname="appriciate_flow.N_appriatiate_flow" name="Appriated_List_Test" time="0.0">
    <ignored/>
  </testcase> <!-- Appriated_List_Test -->
</testsuite> <!-- Appriciate_Test_C1307 -->
