<?xml version="1.0" encoding="UTF-8"?>
<!-- Generated by org.testng.reporters.JUnitXMLReporter -->
<testsuite ignored="0" hostname="Dheeraj" failures="0" tests="8" name="Appriciate_Test_C1270" time="101.753" errors="0" timestamp="2023-09-04T16:57:33 IST">
  <testcase classname="appriciate_flow.appriatiate_flow" name="AppriateFlowSingle" time="18.226"/>
  <testcase classname="appriciate_flow.appriatiate_flow" name="SocialFeedIDGet" time="2.331"/>
  <testcase classname="appriciate_flow.appriatiate_flow" name="LikePositive" time="2.495"/>
  <testcase classname="appriciate_flow.appriatiate_flow" name="CommentPositiveNegative" time="9.794"/>
  <testcase classname="appriciate_flow.appriatiate_flow" name="Appriate_emp_mail_Negative" time="18.648"/>
  <testcase classname="appriciate_flow.appriatiate_flow" name="Appriate_award_Negative" time="5.777"/>
  <testcase classname="appriciate_flow.appriatiate_flow" name="Appriate_Custom_msg_Negative" time="6.184"/>
  <testcase classname="appriciate_flow.appriatiate_flow" name="Appriated_List_Test" time="3.356"/>
</testsuite> <!-- Appriciate_Test_C1270 -->
