<?xml version="1.0" encoding="UTF-8"?>
<!-- Generated by org.testng.reporters.JUnitXMLReporter -->
<testsuite ignored="0" hostname="Dheeraj" failures="1" tests="8" name="Appriciate_Test C1227" time="199.942" errors="0" timestamp="2023-08-30T11:52:52 IST">
  <testcase classname="appriciate_flow.appriatiate_flow" name="AppriateFlowSingle" time="45.051"/>
  <testcase classname="appriciate_flow.appriatiate_flow" name="SocialFeedIDGet" time="6.213"/>
  <testcase classname="appriciate_flow.appriatiate_flow" name="LikePositive" time="8.996"/>
  <testcase classname="appriciate_flow.appriatiate_flow" name="CommentPositiveNegative" time="6.66">
    <failure type="org.openqa.selenium.ElementClickInterceptedException" message="element click intercepted: Element &amp;lt;img class=&amp;quot;closeCommentBox&amp;quot; onclick=&amp;quot;closeCommentOverlay(3377422);&amp;quot; src=&amp;quot;https://cdn2.workadvantage.in/images/img/image/271568/c5a0b4213a.png&amp;quot; alt=&amp;quot;cross&amp;quot; style=&amp;quot;width: 12px; visibility: visible;&amp;quot;&amp;gt; is not clickable at point (1951, 462). Other element would receive the click: &amp;lt;div class=&amp;quot;loading-indicator-benefit shown&amp;quot; style=&amp;quot;z-index: 100000;&amp;quot;&amp;gt;&amp;lt;/div&amp;gt;
  (Session info: MicrosoftEdge=116.0.1938.54)
Build info: version: &amp;apos;4.8.2&amp;apos;, revision: &amp;apos;826dbfc730&amp;apos;
System info: os.name: &amp;apos;Windows 11&amp;apos;, os.arch: &amp;apos;amd64&amp;apos;, os.version: &amp;apos;10.0&amp;apos;, java.version: &amp;apos;19&amp;apos;
Driver info: org.openqa.selenium.edge.EdgeDriver
Command: [6ea72fe811e8ebbacc480301a0b2507c, clickElement {id=9092A2D9295D2278B88FB3EA43F4223B_element_1118}]
Capabilities {acceptInsecureCerts: false, browserName: msedge, browserVersion: 116.0.1938.54, fedcm:accounts: true, ms:edgeOptions: {debuggerAddress: localhost:54513}, msedge: {msedgedriverVersion: 116.0.1938.62 (493f2197e519..., userDataDir: C:\Users\choug\AppData\Loca...}, networkConnectionEnabled: false, pageLoadStrategy: normal, platformName: WINDOWS, proxy: Proxy(), se:cdp: ws://localhost:54513/devtoo..., se:cdpVersion: 116.0.1938.54, setWindowRect: true, strictFileInteractability: false, timeouts: {implicit: 0, pageLoad: 300000, script: 30000}, unhandledPromptBehavior: dismiss and notify, webauthn:extension:credBlob: true, webauthn:extension:largeBlob: true, webauthn:extension:minPinLength: true, webauthn:extension:prf: true, webauthn:virtualAuthenticators: true}
Element: [[EdgeDriver: msedge on WINDOWS (6ea72fe811e8ebbacc480301a0b2507c)] -&amp;gt; xpath: //div[@id=&amp;apos;newsfeed-3377422&amp;apos;]//img[@class=&amp;apos;closeCommentBox&amp;apos;]]
Session ID: 6ea72fe811e8ebbacc480301a0b2507c">
      <![CDATA[org.openqa.selenium.ElementClickInterceptedException: element click intercepted: Element <img class="closeCommentBox" onclick="closeCommentOverlay(3377422);" src="https://cdn2.workadvantage.in/images/img/image/271568/c5a0b4213a.png" alt="cross" style="width: 12px; visibility: visible;"> is not clickable at point (1951, 462). Other element would receive the click: <div class="loading-indicator-benefit shown" style="z-index: 100000;"></div>
  (Session info: MicrosoftEdge=116.0.1938.54)
Build info: version: '4.8.2', revision: '826dbfc730'
System info: os.name: 'Windows 11', os.arch: 'amd64', os.version: '10.0', java.version: '19'
Driver info: org.openqa.selenium.edge.EdgeDriver
Command: [6ea72fe811e8ebbacc480301a0b2507c, clickElement {id=9092A2D9295D2278B88FB3EA43F4223B_element_1118}]
Capabilities {acceptInsecureCerts: false, browserName: msedge, browserVersion: 116.0.1938.54, fedcm:accounts: true, ms:edgeOptions: {debuggerAddress: localhost:54513}, msedge: {msedgedriverVersion: 116.0.1938.62 (493f2197e519..., userDataDir: C:\Users\choug\AppData\Loca...}, networkConnectionEnabled: false, pageLoadStrategy: normal, platformName: WINDOWS, proxy: Proxy(), se:cdp: ws://localhost:54513/devtoo..., se:cdpVersion: 116.0.1938.54, setWindowRect: true, strictFileInteractability: false, timeouts: {implicit: 0, pageLoad: 300000, script: 30000}, unhandledPromptBehavior: dismiss and notify, webauthn:extension:credBlob: true, webauthn:extension:largeBlob: true, webauthn:extension:minPinLength: true, webauthn:extension:prf: true, webauthn:virtualAuthenticators: true}
Element: [[EdgeDriver: msedge on WINDOWS (6ea72fe811e8ebbacc480301a0b2507c)] -> xpath: //div[@id='newsfeed-3377422']//img[@class='closeCommentBox']]
Session ID: 6ea72fe811e8ebbacc480301a0b2507c
at org.openqa.selenium.remote.codec.w3c.W3CHttpResponseCodec.createException(W3CHttpResponseCodec.java:200)
at org.openqa.selenium.remote.codec.w3c.W3CHttpResponseCodec.decode(W3CHttpResponseCodec.java:133)
at org.openqa.selenium.remote.codec.w3c.W3CHttpResponseCodec.decode(W3CHttpResponseCodec.java:53)
at org.openqa.selenium.remote.HttpCommandExecutor.execute(HttpCommandExecutor.java:193)
at org.openqa.selenium.remote.service.DriverCommandExecutor.invokeExecute(DriverCommandExecutor.java:183)
at org.openqa.selenium.remote.service.DriverCommandExecutor.execute(DriverCommandExecutor.java:158)
at org.openqa.selenium.remote.RemoteWebDriver.execute(RemoteWebDriver.java:543)
at org.openqa.selenium.remote.RemoteWebElement.execute(RemoteWebElement.java:257)
at org.openqa.selenium.remote.RemoteWebElement.click(RemoteWebElement.java:78)
at appriciate_flow.appriatiate_flow.CommentPositiveNegative(appriatiate_flow.java:224)
at java.base/java.util.ArrayList.forEach(ArrayList.java:1511)
... Removed 28 stack frames]]>
    </failure>
  </testcase> <!-- CommentPositiveNegative -->
  <testcase classname="appriciate_flow.appriatiate_flow" name="Appriate_emp_mail_Negative" time="22.702"/>
  <testcase classname="appriciate_flow.appriatiate_flow" name="Appriate_award_Negative" time="10.414"/>
  <testcase classname="appriciate_flow.appriatiate_flow" name="Appriate_Custom_msg_Negative" time="17.945"/>
  <testcase classname="appriciate_flow.appriatiate_flow" name="Appriated_List_Test" time="14.675"/>
</testsuite> <!-- Appriciate_Test C1227 -->
