<?xml version="1.0" encoding="UTF-8"?>
<!-- Generated by org.testng.reporters.JUnitXMLReporter -->
<testsuite ignored="0" hostname="Dheeraj" failures="0" tests="8" name="Appriciate_Test_C1218" time="126.071" errors="0" timestamp="2023-09-26T16:57:47 IST">
  <testcase classname="appriciate_flow.appriatiate_flow" name="AppriateFlowSingle" time="20.883"/>
  <testcase classname="appriciate_flow.appriatiate_flow" name="SocialFeedIDGet" time="5.325"/>
  <testcase classname="appriciate_flow.appriatiate_flow" name="LikePositive" time="2.718"/>
  <testcase classname="appriciate_flow.appriatiate_flow" name="CommentPositiveNegative" time="0.194"/>
  <testcase classname="appriciate_flow.appriatiate_flow" name="Appriate_emp_mail_Negative" time="0.158"/>
  <testcase classname="appriciate_flow.appriatiate_flow" name="Appriate_award_Negative" time="0.161"/>
  <testcase classname="appriciate_flow.appriatiate_flow" name="Appriate_Custom_msg_Negative" time="0.143"/>
  <testcase classname="appriciate_flow.appriatiate_flow" name="Appriated_List_Test" time="3.817"/>
</testsuite> <!-- Appriciate_Test_C1218 -->
