<?xml version="1.0" encoding="UTF-8"?>
<!-- Generated by org.testng.reporters.JUnitXMLReporter -->
<testsuite ignored="0" hostname="Dheeraj" failures="0" tests="8" name="Appriciate_Test_C900" time="132.475" errors="0" timestamp="2023-12-08T19:21:02 IST">
  <testcase classname="appriciate_flow.appriatiate_flow" name="AppriateFlowSingle" time="25.192"/>
  <testcase classname="appriciate_flow.appriatiate_flow" name="SocialFeedIDGet" time="5.98"/>
  <testcase classname="appriciate_flow.appriatiate_flow" name="LikePositive" time="2.71"/>
  <testcase classname="appriciate_flow.appriatiate_flow" name="CommentPositiveNegative" time="12.407"/>
  <testcase classname="appriciate_flow.appriatiate_flow" name="Appriate_emp_mail_Negative" time="21.695"/>
  <testcase classname="appriciate_flow.appriatiate_flow" name="Appriate_award_Negative" time="6.422"/>
  <testcase classname="appriciate_flow.appriatiate_flow" name="Appriate_Custom_msg_Negative" time="8.586"/>
  <testcase classname="appriciate_flow.appriatiate_flow" name="Appriated_List_Test" time="6.332"/>
</testsuite> <!-- Appriciate_Test_C900 -->
