<?xml version="1.0" encoding="UTF-8"?>
<!-- Generated by org.testng.reporters.JUnitXMLReporter -->
<testsuite ignored="0" hostname="Neeru" failures="0" tests="5" name="ChromeTest" time="68.428" errors="0" timestamp="2024-04-17T19:06:12 IST">
  <testcase classname="my_profile.my_profile" name="profile_wallet_verification" time="0.714"/>
  <testcase classname="my_profile.my_profile" name="profile_pic_Verification" time="3.206"/>
  <testcase classname="my_profile.my_profile" name="profile_info_edit_Verification" time="4.837"/>
  <testcase classname="my_profile.my_profile" name="profile_appreciated_list_Verification" time="4.764"/>
  <testcase classname="my_profile.my_profile" name="profile_awarded_list_Verification" time="4.09"/>
</testsuite> <!-- ChromeTest -->
