<?xml version="1.0" encoding="UTF-8"?>
<!-- Generated by org.testng.reporters.JUnitXMLReporter -->
<testsuite ignored="0" hostname="Dheeraj" failures="0" tests="10" name="Give_award_Single_C900" time="0.082" errors="0" timestamp="2023-09-11T13:00:29 IST">
  <testcase classname="giveAward.giveAward_flow" name="@BeforeClass beforeClass" time="0.062">
    <failure type="java.lang.NullPointerException" message="Cannot invoke &amp;quot;org.openqa.selenium.remote.RemoteWebDriver.get(String)&amp;quot; because &amp;quot;utility_RR.Utility_RR.driver&amp;quot; is null">
      <![CDATA[java.lang.NullPointerException: Cannot invoke "org.openqa.selenium.remote.RemoteWebDriver.get(String)" because "utility_RR.Utility_RR.driver" is null
at utility_RR.Utility_RR.startBrowser(Utility_RR.java:90)
at giveAward.giveAward_flow.beforeClass(giveAward_flow.java:50)
at java.base/java.util.ArrayList.forEach(ArrayList.java:1511)
... Removed 23 stack frames]]>
    </failure>
  </testcase> <!-- @BeforeClass beforeClass -->
  <testcase classname="giveAward.giveAward_flow" name="@BeforeMethod beforeMethod" time="-1.694417429662E9">
    <skipped/>
  </testcase> <!-- @BeforeMethod beforeMethod -->
  <testcase classname="giveAward.giveAward_flow" name="@AfterMethod afterMethod" time="-1.694417429664E9">
    <skipped/>
  </testcase> <!-- @AfterMethod afterMethod -->
  <testcase classname="giveAward.giveAward_flow" name="@BeforeMethod beforeMethod" time="-1.694417429668E9">
    <skipped/>
  </testcase> <!-- @BeforeMethod beforeMethod -->
  <testcase classname="giveAward.giveAward_flow" name="@AfterMethod afterMethod" time="-1.694417429669E9">
    <skipped/>
  </testcase> <!-- @AfterMethod afterMethod -->
  <testcase classname="giveAward.giveAward_flow" name="@BeforeMethod beforeMethod" time="-1.69441742967E9">
    <skipped/>
  </testcase> <!-- @BeforeMethod beforeMethod -->
  <testcase classname="giveAward.giveAward_flow" name="@AfterMethod afterMethod" time="-1.694417429671E9">
    <skipped/>
  </testcase> <!-- @AfterMethod afterMethod -->
  <testcase classname="giveAward.giveAward_flow" name="@BeforeMethod beforeMethod" time="-1.694417429672E9">
    <skipped/>
  </testcase> <!-- @BeforeMethod beforeMethod -->
  <testcase classname="giveAward.giveAward_flow" name="@AfterMethod afterMethod" time="-1.694417429673E9">
    <skipped/>
  </testcase> <!-- @AfterMethod afterMethod -->
  <testcase classname="giveAward.giveAward_flow" name="@BeforeMethod beforeMethod" time="-1.694417429674E9">
    <skipped/>
  </testcase> <!-- @BeforeMethod beforeMethod -->
  <testcase classname="giveAward.giveAward_flow" name="@AfterMethod afterMethod" time="-1.694417429675E9">
    <skipped/>
  </testcase> <!-- @AfterMethod afterMethod -->
  <testcase classname="giveAward.giveAward_flow" name="@AfterClass afterClass" time="-1.694417429676E9">
    <skipped/>
  </testcase> <!-- @AfterClass afterClass -->
  <testcase classname="giveAward.giveAward_flow" name="GiveAwardFlowSingle" time="0.0">
    <skipped/>
  </testcase> <!-- GiveAwardFlowSingle -->
  <testcase classname="giveAward.giveAward_flow" name="GiveAward_single_Amount_Deduction_Admin" time="0.0">
    <skipped/>
  </testcase> <!-- GiveAward_single_Amount_Deduction_Admin -->
  <testcase classname="giveAward.giveAward_flow" name="SocialFeedIDGet" time="0.0">
    <skipped/>
  </testcase> <!-- SocialFeedIDGet -->
  <testcase classname="giveAward.giveAward_flow" name="LikePositive" time="0.0">
    <skipped/>
  </testcase> <!-- LikePositive -->
  <testcase classname="giveAward.giveAward_flow" name="CommentPositiveNegative" time="0.0">
    <skipped/>
  </testcase> <!-- CommentPositiveNegative -->
  <testcase classname="giveAward.giveAward_flow" name="Appriate_emp_mail_Negative" time="0.0">
    <skipped/>
  </testcase> <!-- Appriate_emp_mail_Negative -->
  <testcase classname="giveAward.giveAward_flow" name="Give_award_custom_msg_negative" time="0.0">
    <skipped/>
  </testcase> <!-- Give_award_custom_msg_negative -->
  <testcase classname="giveAward.giveAward_flow" name="Give_award_value_Statement_positive" time="0.0">
    <skipped/>
  </testcase> <!-- Give_award_value_Statement_positive -->
  <testcase classname="giveAward.giveAward_flow" name="GiveAward_Point_Transfer_negative_Single" time="0.0">
    <skipped/>
  </testcase> <!-- GiveAward_Point_Transfer_negative_Single -->
  <testcase classname="giveAward.giveAward_flow" name="Appriated_List_Test" time="0.0">
    <skipped/>
  </testcase> <!-- Appriated_List_Test -->
</testsuite> <!-- Give_award_Single_C900 -->
