<?xml version="1.0" encoding="UTF-8"?>
<!-- Generated by org.testng.reporters.JUnitXMLReporter -->
<testsuite ignored="0" hostname="Dheeraj" failures="0" tests="10" name="Give_award_Single" time="162.073" errors="0" timestamp="2023-09-07T13:06:27 IST">
  <testcase classname="giveAward.giveAward_flow" name="GiveAwardFlowSingle" time="34.31"/>
  <testcase classname="giveAward.giveAward_flow" name="GiveAward_single_Amount_Deduction_Admin" time="9.945"/>
  <testcase classname="giveAward.giveAward_flow" name="SocialFeedIDGet" time="2.266"/>
  <testcase classname="giveAward.giveAward_flow" name="LikePositive" time="3.671"/>
  <testcase classname="giveAward.giveAward_flow" name="CommentPositiveNegative" time="10.861"/>
  <testcase classname="giveAward.giveAward_flow" name="Appriate_emp_mail_Negative" time="17.8"/>
  <testcase classname="giveAward.giveAward_flow" name="Give_award_custom_msg_negative" time="11.914"/>
  <testcase classname="giveAward.giveAward_flow" name="Give_award_value_Statement_positive" time="11.454"/>
  <testcase classname="giveAward.giveAward_flow" name="GiveAward_Point_Transfer_negative_Single" time="12.092"/>
  <testcase classname="giveAward.giveAward_flow" name="Appriated_List_Test" time="3.04"/>
</testsuite> <!-- Give_award_Single -->
