<?xml version="1.0" encoding="UTF-8"?>
<!-- Generated by org.testng.reporters.JUnitXMLReporter -->
<testsuite ignored="1" hostname="Neeru" failures="0" tests="2" name="Tes1" time="5.704" errors="0" timestamp="2024-04-29T15:07:53 IST">
  <testcase classname="vendor_verify.vendor_api_verification" name="@BeforeClass beforeClass" time="5.627">
    <failure type="java.lang.NullPointerException" message="Cannot invoke &amp;quot;org.openqa.selenium.WebDriver.findElement(org.openqa.selenium.By)&amp;quot; because &amp;quot;utility_RR.Utility_RR.driver&amp;quot; is null">
      <![CDATA[java.lang.NullPointerException: Cannot invoke "org.openqa.selenium.WebDriver.findElement(org.openqa.selenium.By)" because "utility_RR.Utility_RR.driver" is null
at utility_RR.Utility_RR.newui_login(Utility_RR.java:301)
at vendor_verify.vendor_api_verification.beforeClass(vendor_api_verification.java:59)
at java.base/java.util.ArrayList.forEach(ArrayList.java:1511)
... Removed 25 stack frames]]>
    </failure>
  </testcase> <!-- @BeforeClass beforeClass -->
  <testcase classname="vendor_verify.vendor_api_verification" name="@BeforeMethod beforeMethod" time="0.0">
    <skipped/>
  </testcase> <!-- @BeforeMethod beforeMethod -->
  <testcase classname="vendor_verify.vendor_api_verification" name="@AfterMethod afterMethod" time="0.0">
    <skipped/>
  </testcase> <!-- @AfterMethod afterMethod -->
  <testcase classname="vendor_verify.vendor_api_verification" name="@BeforeMethod beforeMethod" time="0.0">
    <skipped/>
  </testcase> <!-- @BeforeMethod beforeMethod -->
  <testcase classname="vendor_verify.vendor_api_verification" name="@AfterMethod afterMethod" time="0.0">
    <skipped/>
  </testcase> <!-- @AfterMethod afterMethod -->
  <testcase classname="vendor_verify.vendor_api_verification" name="@AfterClass afterClass" time="0.0">
    <skipped/>
  </testcase> <!-- @AfterClass afterClass -->
  <testcase classname="vendor_verify.vendor_api_verification" name="Country_verify" time="0.0">
    <skipped/>
  </testcase> <!-- Country_verify -->
  <testcase classname="vendor_verify.vendor_api_verification" name="vendor_verify" time="0.0">
    <skipped/>
  </testcase> <!-- vendor_verify -->
  <testcase classname="vendor_verify.vendor_api_verification" name="vendor_verify1" time="0.0">
    <ignored/>
  </testcase> <!-- vendor_verify1 -->
</testsuite> <!-- Tes1 -->
