<?xml version="1.0" encoding="UTF-8"?>
<!-- Generated by org.testng.reporters.JUnitXMLReporter -->
<testsuite ignored="0" hostname="Dheeraj" failures="0" tests="5" name="Test1" time="48.918" errors="0" timestamp="2023-10-23T13:35:22 IST">
  <testcase classname="my_profile.my_profile" name="profile_wallet_verification" time="3.555"/>
  <testcase classname="my_profile.my_profile" name="profile_pic_Verification" time="3.652"/>
  <testcase classname="my_profile.my_profile" name="profile_info_edit_Verification" time="5.508"/>
  <testcase classname="my_profile.my_profile" name="profile_appreciated_list_Verification" time="5.184"/>
  <testcase classname="my_profile.my_profile" name="profile_awarded_list_Verification" time="5.035"/>
</testsuite> <!-- Test1 -->
