<?xml version="1.0" encoding="UTF-8"?>
<!-- Generated by org.testng.reporters.JUnitXMLReporter -->
<testsuite ignored="0" hostname="Neeru" failures="0" tests="5" name="Test" time="108.343" errors="0" timestamp="2024-05-31T15:35:43 IST">
  <testcase classname="Afni_testing.budgetRequestFlow" name="requestAmount" time="8.54"/>
  <testcase classname="Afni_testing.budgetRequestFlow" name="submitWithoutAmount" time="3.426"/>
  <testcase classname="Afni_testing.budgetRequestFlow" name="submitWithoutDocument" time="5.567"/>
  <testcase classname="Afni_testing.budgetApproverFlow" name="budgetApprover" time="1.685"/>
  <testcase classname="Afni_testing.budgetApproverFlow" name="uploadedFileCheck" time="6.747"/>
</testsuite> <!-- Test -->
