<?xml version="1.0" encoding="UTF-8"?>
<testng-results ignored="0" total="2" passed="2" failed="0" skipped="0">
  <reporter-output>
    <line>
      <![CDATA[<font color="red">Difference in Screenshot, Please check the mentioned image : excel\UiTesting\actualImage\page_rewards_home.png</font>]]>
    </line>
  </reporter-output>
  <suite started-at="2024-04-15T00:08:53 IST" name="Suite" finished-at="2024-04-15T00:09:56 IST" duration-ms="63187">
    <groups>
    </groups>
    <test started-at="2024-04-15T00:08:53 IST" name="Test" finished-at="2024-04-15T00:09:56 IST" duration-ms="63187">
      <class name="uiTesting.UiTesting">
        <test-method signature="Ui_Testing_Expected(java.lang.String)[pri:1, instance:uiTesting.UiTesting@7db12bb6]" started-at="2024-04-15T00:08:53 IST" name="Ui_Testing_Expected" finished-at="2024-04-15T00:09:32 IST" duration-ms="38588" status="PASS">
          <params>
            <param index="0">
              <value>
                <![CDATA[C466]]>
              </value>
            </param>
          </params>
          <reporter-output>
          </reporter-output>
        </test-method> <!-- Ui_Testing_Expected -->
        <test-method signature="Ui_Testing_actual(java.lang.String)[pri:2, instance:uiTesting.UiTesting@7db12bb6]" started-at="2024-04-15T00:09:32 IST" name="Ui_Testing_actual" finished-at="2024-04-15T00:09:56 IST" duration-ms="24564" status="PASS">
          <params>
            <param index="0">
              <value>
                <![CDATA[C466]]>
              </value>
            </param>
          </params>
          <reporter-output>
            <line>
              <![CDATA[<font color="red">Difference in Screenshot, Please check the mentioned image : excel\UiTesting\actualImage\page_rewards_home.png</font>]]>
            </line>
          </reporter-output>
        </test-method> <!-- Ui_Testing_actual -->
      </class> <!-- uiTesting.UiTesting -->
    </test> <!-- Test -->
  </suite> <!-- Suite -->
</testng-results>
