<?xml version="1.0" encoding="UTF-8"?>
<testng-results ignored="0" total="5" passed="5" failed="0" skipped="0">
  <reporter-output>
    <line>
      <![CDATA[<font color="red">Uploaded File URL does not match expected URL.</font>]]>
    </line>
  </reporter-output>
  <suite started-at="2024-05-31T15:33:55 IST" name="Suite" finished-at="2024-05-31T15:35:43 IST" duration-ms="108343">
    <groups>
    </groups>
    <test started-at="2024-05-31T15:33:55 IST" name="Test" finished-at="2024-05-31T15:35:43 IST" duration-ms="108343">
      <class name="Afni_testing.budgetApproverFlow">
        <test-method is-config="true" signature="beforeClass(java.lang.String)[pri:0, instance:Afni_testing.budgetApproverFlow@24faea88]" started-at="2024-05-31T15:35:04 IST" name="beforeClass" finished-at="2024-05-31T15:35:26 IST" duration-ms="22200" status="PASS">
          <params>
            <param index="0">
              <value>
                <![CDATA[C1146]]>
              </value>
            </param>
          </params>
          <reporter-output>
          </reporter-output>
        </test-method> <!-- beforeClass -->
        <test-method is-config="true" signature="beforeMethod()[pri:0, instance:Afni_testing.budgetApproverFlow@24faea88]" started-at="2024-05-31T15:35:26 IST" name="beforeMethod" finished-at="2024-05-31T15:35:30 IST" duration-ms="3563" status="PASS">
          <reporter-output>
          </reporter-output>
        </test-method> <!-- beforeMethod -->
        <test-method signature="budgetApprover(java.lang.String)[pri:1, instance:Afni_testing.budgetApproverFlow@24faea88]" started-at="2024-05-31T15:35:30 IST" name="budgetApprover" finished-at="2024-05-31T15:35:32 IST" duration-ms="1685" status="PASS">
          <params>
            <param index="0">
              <value>
                <![CDATA[C1146]]>
              </value>
            </param>
          </params>
          <reporter-output>
          </reporter-output>
        </test-method> <!-- budgetApprover -->
        <test-method is-config="true" signature="afterMethod()[pri:0, instance:Afni_testing.budgetApproverFlow@24faea88]" started-at="2024-05-31T15:35:32 IST" name="afterMethod" finished-at="2024-05-31T15:35:32 IST" duration-ms="1" status="PASS">
          <reporter-output>
          </reporter-output>
        </test-method> <!-- afterMethod -->
        <test-method is-config="true" signature="beforeMethod()[pri:0, instance:Afni_testing.budgetApproverFlow@24faea88]" started-at="2024-05-31T15:35:32 IST" name="beforeMethod" finished-at="2024-05-31T15:35:35 IST" duration-ms="3785" status="PASS">
          <reporter-output>
          </reporter-output>
        </test-method> <!-- beforeMethod -->
        <test-method signature="uploadedFileCheck(java.lang.String)[pri:2, instance:Afni_testing.budgetApproverFlow@24faea88]" started-at="2024-05-31T15:35:35 IST" name="uploadedFileCheck" finished-at="2024-05-31T15:35:42 IST" duration-ms="6747" status="PASS">
          <params>
            <param index="0">
              <value>
                <![CDATA[C1146]]>
              </value>
            </param>
          </params>
          <reporter-output>
            <line>
              <![CDATA[<font color="red">Uploaded File URL does not match expected URL.</font>]]>
            </line>
          </reporter-output>
        </test-method> <!-- uploadedFileCheck -->
        <test-method is-config="true" signature="afterClass()[pri:0, instance:Afni_testing.budgetApproverFlow@24faea88]" started-at="2024-05-31T15:35:42 IST" name="afterClass" finished-at="2024-05-31T15:35:43 IST" duration-ms="1014" status="PASS">
          <reporter-output>
          </reporter-output>
        </test-method> <!-- afterClass -->
        <test-method is-config="true" signature="afterMethod()[pri:0, instance:Afni_testing.budgetApproverFlow@24faea88]" started-at="2024-05-31T15:35:42 IST" name="afterMethod" finished-at="2024-05-31T15:35:42 IST" duration-ms="0" status="PASS">
          <reporter-output>
          </reporter-output>
        </test-method> <!-- afterMethod -->
      </class> <!-- Afni_testing.budgetApproverFlow -->
      <class name="Afni_testing.budgetRequestFlow">
        <test-method is-config="true" signature="beforeClass(java.lang.String)[pri:0, instance:Afni_testing.budgetRequestFlow@741b3bc3]" started-at="2024-05-31T15:33:55 IST" name="beforeClass" finished-at="2024-05-31T15:34:30 IST" duration-ms="34730" status="PASS">
          <params>
            <param index="0">
              <value>
                <![CDATA[C1146]]>
              </value>
            </param>
          </params>
          <reporter-output>
          </reporter-output>
        </test-method> <!-- beforeClass -->
        <test-method is-config="true" signature="beforeMethod()[pri:0, instance:Afni_testing.budgetRequestFlow@741b3bc3]" started-at="2024-05-31T15:34:30 IST" name="beforeMethod" finished-at="2024-05-31T15:34:37 IST" duration-ms="6921" status="PASS">
          <reporter-output>
          </reporter-output>
        </test-method> <!-- beforeMethod -->
        <test-method signature="requestAmount(java.lang.String)[pri:1, instance:Afni_testing.budgetRequestFlow@741b3bc3]" started-at="2024-05-31T15:34:37 IST" name="requestAmount" finished-at="2024-05-31T15:34:45 IST" duration-ms="8540" status="PASS">
          <params>
            <param index="0">
              <value>
                <![CDATA[C1146]]>
              </value>
            </param>
          </params>
          <reporter-output>
          </reporter-output>
        </test-method> <!-- requestAmount -->
        <test-method is-config="true" signature="afterMethod()[pri:0, instance:Afni_testing.budgetRequestFlow@741b3bc3]" started-at="2024-05-31T15:34:45 IST" name="afterMethod" finished-at="2024-05-31T15:34:45 IST" duration-ms="12" status="PASS">
          <reporter-output>
          </reporter-output>
        </test-method> <!-- afterMethod -->
        <test-method is-config="true" signature="beforeMethod()[pri:0, instance:Afni_testing.budgetRequestFlow@741b3bc3]" started-at="2024-05-31T15:34:45 IST" name="beforeMethod" finished-at="2024-05-31T15:34:47 IST" duration-ms="1967" status="PASS">
          <reporter-output>
          </reporter-output>
        </test-method> <!-- beforeMethod -->
        <test-method signature="submitWithoutAmount(java.lang.String)[pri:2, instance:Afni_testing.budgetRequestFlow@741b3bc3]" started-at="2024-05-31T15:34:47 IST" name="submitWithoutAmount" finished-at="2024-05-31T15:34:50 IST" duration-ms="3426" status="PASS">
          <params>
            <param index="0">
              <value>
                <![CDATA[C1146]]>
              </value>
            </param>
          </params>
          <reporter-output>
          </reporter-output>
        </test-method> <!-- submitWithoutAmount -->
        <test-method is-config="true" signature="afterMethod()[pri:0, instance:Afni_testing.budgetRequestFlow@741b3bc3]" started-at="2024-05-31T15:34:50 IST" name="afterMethod" finished-at="2024-05-31T15:34:50 IST" duration-ms="0" status="PASS">
          <reporter-output>
          </reporter-output>
        </test-method> <!-- afterMethod -->
        <test-method is-config="true" signature="beforeMethod()[pri:0, instance:Afni_testing.budgetRequestFlow@741b3bc3]" started-at="2024-05-31T15:34:50 IST" name="beforeMethod" finished-at="2024-05-31T15:34:57 IST" duration-ms="6600" status="PASS">
          <reporter-output>
          </reporter-output>
        </test-method> <!-- beforeMethod -->
        <test-method signature="submitWithoutDocument(java.lang.String)[pri:3, instance:Afni_testing.budgetRequestFlow@741b3bc3]" started-at="2024-05-31T15:34:57 IST" name="submitWithoutDocument" finished-at="2024-05-31T15:35:03 IST" duration-ms="5567" status="PASS">
          <params>
            <param index="0">
              <value>
                <![CDATA[C1146]]>
              </value>
            </param>
          </params>
          <reporter-output>
          </reporter-output>
        </test-method> <!-- submitWithoutDocument -->
        <test-method is-config="true" signature="afterClass()[pri:0, instance:Afni_testing.budgetRequestFlow@741b3bc3]" started-at="2024-05-31T15:35:03 IST" name="afterClass" finished-at="2024-05-31T15:35:04 IST" duration-ms="1485" status="PASS">
          <reporter-output>
          </reporter-output>
        </test-method> <!-- afterClass -->
        <test-method is-config="true" signature="afterMethod()[pri:0, instance:Afni_testing.budgetRequestFlow@741b3bc3]" started-at="2024-05-31T15:35:03 IST" name="afterMethod" finished-at="2024-05-31T15:35:03 IST" duration-ms="0" status="PASS">
          <reporter-output>
          </reporter-output>
        </test-method> <!-- afterMethod -->
      </class> <!-- Afni_testing.budgetRequestFlow -->
    </test> <!-- Test -->
  </suite> <!-- Suite -->
</testng-results>
