<?xml version="1.0" encoding="UTF-8"?>
<testng-results ignored="0" total="1" passed="1" failed="0" skipped="0">
  <reporter-output>
  </reporter-output>
  <suite started-at="2024-04-25T10:26:58 IST" name="Suite" finished-at="2024-04-25T10:28:31 IST" duration-ms="93534">
    <groups>
    </groups>
    <test started-at="2024-04-25T10:26:58 IST" name="Test" finished-at="2024-04-25T10:28:31 IST" duration-ms="93534">
      <class name="nominationFlow.Nomination_flow">
        <test-method signature="nominateSessionCreation(java.lang.String)[pri:0, instance:nominationFlow.Nomination_flow@6c1a5b54]" started-at="2024-04-25T10:26:58 IST" name="nominateSessionCreation" finished-at="2024-04-25T10:28:31 IST" duration-ms="93446" status="PASS">
          <params>
            <param index="0">
              <value>
                <![CDATA[C1291]]>
              </value>
            </param>
          </params>
          <reporter-output>
          </reporter-output>
        </test-method> <!-- nominateSessionCreation -->
      </class> <!-- nominationFlow.Nomination_flow -->
    </test> <!-- Test -->
  </suite> <!-- Suite -->
</testng-results>
