<?xml version="1.0" encoding="UTF-8"?>
<testng-results ignored="0" total="3" passed="3" failed="0" skipped="0">
  <reporter-output>
  </reporter-output>
  <suite started-at="2024-04-18T17:20:35 IST" name="Suite" finished-at="2024-04-18T17:21:04 IST" duration-ms="29234">
    <groups>
    </groups>
    <test started-at="2024-04-18T17:20:35 IST" name="Test" finished-at="2024-04-18T17:21:04 IST" duration-ms="29234">
      <class name="my_profile.i_want">
        <test-method is-config="true" signature="beforeClass(java.lang.String)[pri:0, instance:my_profile.i_want@449a4f23]" started-at="2024-04-18T17:20:35 IST" name="beforeClass" finished-at="2024-04-18T17:20:58 IST" duration-ms="23051" status="PASS">
          <params>
            <param index="0">
              <value>
                <![CDATA[C1307]]>
              </value>
            </param>
          </params>
          <reporter-output>
          </reporter-output>
        </test-method> <!-- beforeClass -->
        <test-method is-config="true" signature="before_Method_Appriciate()[pri:0, instance:my_profile.i_want@449a4f23]" started-at="2024-04-18T17:20:58 IST" name="before_Method_Appriciate" finished-at="2024-04-18T17:21:00 IST" duration-ms="2042" status="PASS">
          <reporter-output>
          </reporter-output>
        </test-method> <!-- before_Method_Appriciate -->
        <test-method signature="verify_label_all_label_name(java.lang.String)[pri:301, instance:my_profile.i_want@449a4f23]" started-at="2024-04-18T17:21:00 IST" name="verify_label_all_label_name" finished-at="2024-04-18T17:21:02 IST" duration-ms="1571" status="PASS">
          <params>
            <param index="0">
              <value>
                <![CDATA[C1307]]>
              </value>
            </param>
          </params>
          <reporter-output>
          </reporter-output>
        </test-method> <!-- verify_label_all_label_name -->
        <test-method is-config="true" signature="afterMethod()[pri:0, instance:my_profile.i_want@449a4f23]" started-at="2024-04-18T17:21:02 IST" name="afterMethod" finished-at="2024-04-18T17:21:02 IST" duration-ms="0" status="PASS">
          <reporter-output>
          </reporter-output>
        </test-method> <!-- afterMethod -->
        <test-method is-config="true" signature="before_Method_Appriciate()[pri:0, instance:my_profile.i_want@449a4f23]" started-at="2024-04-18T17:21:02 IST" name="before_Method_Appriciate" finished-at="2024-04-18T17:21:02 IST" duration-ms="502" status="PASS">
          <reporter-output>
          </reporter-output>
        </test-method> <!-- before_Method_Appriciate -->
        <test-method signature="error_message_verification(java.lang.String)[pri:304, instance:my_profile.i_want@449a4f23]" started-at="2024-04-18T17:21:02 IST" name="error_message_verification" finished-at="2024-04-18T17:21:03 IST" duration-ms="1021" status="PASS">
          <params>
            <param index="0">
              <value>
                <![CDATA[C1307]]>
              </value>
            </param>
          </params>
          <reporter-output>
          </reporter-output>
        </test-method> <!-- error_message_verification -->
        <test-method is-config="true" signature="afterMethod()[pri:0, instance:my_profile.i_want@449a4f23]" started-at="2024-04-18T17:21:03 IST" name="afterMethod" finished-at="2024-04-18T17:21:03 IST" duration-ms="14" status="PASS">
          <reporter-output>
          </reporter-output>
        </test-method> <!-- afterMethod -->
        <test-method is-config="true" signature="before_Method_Appriciate()[pri:0, instance:my_profile.i_want@449a4f23]" started-at="2024-04-18T17:21:03 IST" name="before_Method_Appriciate" finished-at="2024-04-18T17:21:04 IST" duration-ms="481" status="PASS">
          <reporter-output>
          </reporter-output>
        </test-method> <!-- before_Method_Appriciate -->
        <test-method signature="profile_awarded_list_Verification(java.lang.String)[pri:305, instance:my_profile.i_want@449a4f23]" started-at="2024-04-18T17:21:04 IST" name="profile_awarded_list_Verification" finished-at="2024-04-18T17:21:04 IST" duration-ms="2" status="PASS">
          <params>
            <param index="0">
              <value>
                <![CDATA[C1307]]>
              </value>
            </param>
          </params>
          <reporter-output>
          </reporter-output>
        </test-method> <!-- profile_awarded_list_Verification -->
        <test-method is-config="true" signature="afterMethod()[pri:0, instance:my_profile.i_want@449a4f23]" started-at="2024-04-18T17:21:04 IST" name="afterMethod" finished-at="2024-04-18T17:21:04 IST" duration-ms="3" status="PASS">
          <reporter-output>
          </reporter-output>
        </test-method> <!-- afterMethod -->
        <test-method is-config="true" signature="afterClass()[pri:0, instance:my_profile.i_want@449a4f23]" started-at="2024-04-18T17:21:04 IST" name="afterClass" finished-at="2024-04-18T17:21:04 IST" duration-ms="457" status="PASS">
          <reporter-output>
          </reporter-output>
        </test-method> <!-- afterClass -->
      </class> <!-- my_profile.i_want -->
    </test> <!-- Test -->
  </suite> <!-- Suite -->
</testng-results>
