<?xml version="1.0" encoding="UTF-8"?>
<testng-results ignored="0" total="2" passed="2" failed="0" skipped="0">
  <reporter-output>
  </reporter-output>
  <suite started-at="2024-04-18T18:11:38 IST" name="Suite" finished-at="2024-04-18T18:12:34 IST" duration-ms="55587">
    <groups>
    </groups>
    <test started-at="2024-04-18T18:11:38 IST" name="Test11" finished-at="2024-04-18T18:12:34 IST" duration-ms="55587">
      <class name="my_profile.my_wallets2">
        <test-method is-config="true" signature="beforeClass(java.lang.String)[pri:0, instance:my_profile.my_wallets2@75d3a5e0]" started-at="2024-04-18T18:11:39 IST" name="beforeClass" finished-at="2024-04-18T18:11:58 IST" duration-ms="19689" status="PASS">
          <params>
            <param index="0">
              <value>
                <![CDATA[C1307]]>
              </value>
            </param>
          </params>
          <reporter-output>
          </reporter-output>
        </test-method> <!-- beforeClass -->
        <test-method is-config="true" signature="beforeMethod1()[pri:0, instance:my_profile.my_wallets2@75d3a5e0]" started-at="2024-04-18T18:11:58 IST" name="beforeMethod1" finished-at="2024-04-18T18:11:59 IST" duration-ms="307" status="PASS">
          <reporter-output>
          </reporter-output>
        </test-method> <!-- beforeMethod1 -->
        <test-method signature="wallet_count(java.lang.String)[pri:1, instance:my_profile.my_wallets2@75d3a5e0]" started-at="2024-04-18T18:11:59 IST" name="wallet_count" finished-at="2024-04-18T18:12:33 IST" duration-ms="34729" status="PASS">
          <params>
            <param index="0">
              <value>
                <![CDATA[C1307]]>
              </value>
            </param>
          </params>
          <reporter-output>
          </reporter-output>
        </test-method> <!-- wallet_count -->
        <test-method is-config="true" signature="afterMethod1()[pri:0, instance:my_profile.my_wallets2@75d3a5e0]" started-at="2024-04-18T18:12:33 IST" name="afterMethod1" finished-at="2024-04-18T18:12:33 IST" duration-ms="5" status="PASS">
          <reporter-output>
          </reporter-output>
        </test-method> <!-- afterMethod1 -->
        <test-method is-config="true" signature="beforeMethod1()[pri:0, instance:my_profile.my_wallets2@75d3a5e0]" started-at="2024-04-18T18:12:33 IST" name="beforeMethod1" finished-at="2024-04-18T18:12:34 IST" duration-ms="385" status="PASS">
          <reporter-output>
          </reporter-output>
        </test-method> <!-- beforeMethod1 -->
        <test-method signature="entires_count(java.lang.String)[pri:2, instance:my_profile.my_wallets2@75d3a5e0]" started-at="2024-04-18T18:12:34 IST" name="entires_count" finished-at="2024-04-18T18:12:34 IST" duration-ms="168" status="PASS">
          <params>
            <param index="0">
              <value>
                <![CDATA[C1307]]>
              </value>
            </param>
          </params>
          <reporter-output>
          </reporter-output>
        </test-method> <!-- entires_count -->
        <test-method is-config="true" signature="afterMethod1()[pri:0, instance:my_profile.my_wallets2@75d3a5e0]" started-at="2024-04-18T18:12:34 IST" name="afterMethod1" finished-at="2024-04-18T18:12:34 IST" duration-ms="13" status="PASS">
          <reporter-output>
          </reporter-output>
        </test-method> <!-- afterMethod1 -->
        <test-method is-config="true" signature="afterClass()[pri:0, instance:my_profile.my_wallets2@75d3a5e0]" started-at="2024-04-18T18:12:34 IST" name="afterClass" finished-at="2024-04-18T18:12:34 IST" duration-ms="246" status="PASS">
          <reporter-output>
          </reporter-output>
        </test-method> <!-- afterClass -->
      </class> <!-- my_profile.my_wallets2 -->
    </test> <!-- Test11 -->
  </suite> <!-- Suite -->
</testng-results>
