<?xml version="1.0" encoding="UTF-8"?>
<testng-results ignored="0" total="1" passed="1" failed="0" skipped="0">
  <reporter-output>
    <line>
      <![CDATA[5066298 : NewsFeed Deleted]]>
    </line>
    <line>
      <![CDATA[5066305 : NewsFeed Deleted]]>
    </line>
    <line>
      <![CDATA[5066326 : NewsFeed Deleted]]>
    </line>
  </reporter-output>
  <suite started-at="2024-05-22T23:39:58 IST" name="Suite" finished-at="2024-05-22T23:40:36 IST" duration-ms="37808">
    <groups>
    </groups>
    <test started-at="2024-05-22T23:39:58 IST" name="FeedDelete" finished-at="2024-05-22T23:40:36 IST" duration-ms="37808">
      <class name="genericFlow.SocialFeedDelete">
        <test-method is-config="true" signature="FeedDelete_before_class(java.lang.String)[pri:0, instance:genericFlow.SocialFeedDelete@7161d8d1]" started-at="2024-05-22T23:39:58 IST" name="FeedDelete_before_class" finished-at="2024-05-22T23:40:19 IST" duration-ms="20784" status="PASS">
          <params>
            <param index="0">
              <value>
                <![CDATA[C900]]>
              </value>
            </param>
          </params>
          <reporter-output>
          </reporter-output>
        </test-method> <!-- FeedDelete_before_class -->
        <test-method signature="feedDelete()[pri:0, instance:genericFlow.SocialFeedDelete@7161d8d1]" started-at="2024-05-22T23:40:19 IST" name="feedDelete" finished-at="2024-05-22T23:40:36 IST" duration-ms="16533" status="PASS">
          <reporter-output>
            <line>
              <![CDATA[5066298 : NewsFeed Deleted]]>
            </line>
            <line>
              <![CDATA[5066305 : NewsFeed Deleted]]>
            </line>
            <line>
              <![CDATA[5066326 : NewsFeed Deleted]]>
            </line>
          </reporter-output>
        </test-method> <!-- feedDelete -->
        <test-method is-config="true" signature="FeedDelete_after_class()[pri:0, instance:genericFlow.SocialFeedDelete@7161d8d1]" started-at="2024-05-22T23:40:36 IST" name="FeedDelete_after_class" finished-at="2024-05-22T23:40:36 IST" duration-ms="441" status="PASS">
          <reporter-output>
          </reporter-output>
        </test-method> <!-- FeedDelete_after_class -->
      </class> <!-- genericFlow.SocialFeedDelete -->
    </test> <!-- FeedDelete -->
  </suite> <!-- Suite -->
</testng-results>
