<?xml version="1.0" encoding="UTF-8"?>
<testng-results ignored="0" total="1" passed="0" failed="1" skipped="0">
  <reporter-output>
    <line>
      <![CDATA[<font color="red">Status Code: 200</font>]]>
    </line>
    <line>
      <![CDATA[<font color="red">Response Time: 700 ms</font>]]>
    </line>
  </reporter-output>
  <suite started-at="2024-05-24T12:21:01 IST" name="Suite" finished-at="2024-05-24T12:21:40 IST" duration-ms="38328">
    <groups>
    </groups>
    <test started-at="2024-05-24T12:21:01 IST" name="ResponseTimeTest" finished-at="2024-05-24T12:21:40 IST" duration-ms="38328">
      <class name="genericFlow.ResponseTime">
        <test-method signature="response_time_test(java.lang.String)[pri:0, instance:genericFlow.ResponseTime@2a7f1f10]" started-at="2024-05-24T12:21:01 IST" name="response_time_test" finished-at="2024-05-24T12:21:40 IST" duration-ms="38278" status="FAIL">
          <params>
            <param index="0">
              <value>
                <![CDATA[C466]]>
              </value>
            </param>
          </params>
          <exception class="java.lang.AssertionError">
            <message>
              <![CDATA[null]]>
            </message>
            <full-stacktrace>
              <![CDATA[java.lang.AssertionError: null
at org.testng.Assert.fail(Assert.java:110)
at org.testng.Assert.fail(Assert.java:115)
at genericFlow.ResponseTime.response_time_test(ResponseTime.java:138)
at java.base/jdk.internal.reflect.NativeMethodAccessorImpl.invoke0(Native Method)
at java.base/jdk.internal.reflect.NativeMethodAccessorImpl.invoke(NativeMethodAccessorImpl.java:77)
at java.base/jdk.internal.reflect.DelegatingMethodAccessorImpl.invoke(DelegatingMethodAccessorImpl.java:43)
at java.base/java.lang.reflect.Method.invoke(Method.java:568)
at org.testng.internal.invokers.MethodInvocationHelper.invokeMethod(MethodInvocationHelper.java:136)
at org.testng.internal.invokers.TestInvoker.invokeMethod(TestInvoker.java:658)
at org.testng.internal.invokers.TestInvoker.invokeTestMethod(TestInvoker.java:219)
at org.testng.internal.invokers.MethodRunner.runInSequence(MethodRunner.java:50)
at org.testng.internal.invokers.TestInvoker$MethodInvocationAgent.invoke(TestInvoker.java:923)
at org.testng.internal.invokers.TestInvoker.invokeTestMethods(TestInvoker.java:192)
at org.testng.internal.invokers.TestMethodWorker.invokeTestMethods(TestMethodWorker.java:146)
at org.testng.internal.invokers.TestMethodWorker.run(TestMethodWorker.java:128)
at java.base/java.util.ArrayList.forEach(ArrayList.java:1511)
at org.testng.TestRunner.privateRun(TestRunner.java:808)
at org.testng.TestRunner.run(TestRunner.java:603)
at org.testng.SuiteRunner.runTest(SuiteRunner.java:429)
at org.testng.SuiteRunner.runSequentially(SuiteRunner.java:423)
at org.testng.SuiteRunner.privateRun(SuiteRunner.java:383)
at org.testng.SuiteRunner.run(SuiteRunner.java:326)
at org.testng.SuiteRunnerWorker.runSuite(SuiteRunnerWorker.java:52)
at org.testng.SuiteRunnerWorker.run(SuiteRunnerWorker.java:95)
at org.testng.TestNG.runSuitesSequentially(TestNG.java:1249)
at org.testng.TestNG.runSuitesLocally(TestNG.java:1169)
at org.testng.TestNG.runSuites(TestNG.java:1092)
at org.testng.TestNG.run(TestNG.java:1060)
at org.testng.remote.AbstractRemoteTestNG.run(AbstractRemoteTestNG.java:115)
at org.testng.remote.RemoteTestNG.initAndRun(RemoteTestNG.java:251)
at org.testng.remote.RemoteTestNG.main(RemoteTestNG.java:77)
]]>
            </full-stacktrace>
          </exception> <!-- java.lang.AssertionError -->
          <reporter-output>
            <line>
              <![CDATA[<font color="red">Status Code: 200</font>]]>
            </line>
            <line>
              <![CDATA[<font color="red">Response Time: 700 ms</font>]]>
            </line>
          </reporter-output>
        </test-method> <!-- response_time_test -->
      </class> <!-- genericFlow.ResponseTime -->
    </test> <!-- ResponseTimeTest -->
  </suite> <!-- Suite -->
</testng-results>
