<?xml version="1.0" encoding="UTF-8"?>
<testng-results ignored="0" total="1" passed="1" failed="0" skipped="0">
  <reporter-output>
    <line>
      <![CDATA[3544085 : NewsFeed Deleted]]>
    </line>
    <line>
      <![CDATA[3544117 : NewsFeed Deleted]]>
    </line>
    <line>
      <![CDATA[3544118 : NewsFeed Deleted]]>
    </line>
    <line>
      <![CDATA[3544119 : NewsFeed Deleted]]>
    </line>
  </reporter-output>
  <suite started-at="2023-09-26T18:45:12 IST" name="Suite" finished-at="2023-09-26T18:45:43 IST" duration-ms="30250">
    <groups>
    </groups>
    <test started-at="2023-09-26T18:45:12 IST" name="FeedDelete" finished-at="2023-09-26T18:45:43 IST" duration-ms="30250">
      <class name="genericFlow.SocialFeedDelete">
        <test-method is-config="true" signature="FeedDelete_before_class(java.lang.String)[pri:0, instance:genericFlow.SocialFeedDelete@9597028]" started-at="2023-09-26T18:45:12 IST" name="FeedDelete_before_class" finished-at="2023-09-26T18:45:26 IST" duration-ms="13366" status="PASS">
          <params>
            <param index="0">
              <value>
                <![CDATA[C900]]>
              </value>
            </param>
          </params>
          <reporter-output>
          </reporter-output>
        </test-method> <!-- FeedDelete_before_class -->
        <test-method signature="feedDelete()[pri:0, instance:genericFlow.SocialFeedDelete@9597028]" started-at="2023-09-26T18:45:26 IST" name="feedDelete" finished-at="2023-09-26T18:45:42 IST" duration-ms="16620" status="PASS">
          <reporter-output>
            <line>
              <![CDATA[3544085 : NewsFeed Deleted]]>
            </line>
            <line>
              <![CDATA[3544117 : NewsFeed Deleted]]>
            </line>
            <line>
              <![CDATA[3544118 : NewsFeed Deleted]]>
            </line>
            <line>
              <![CDATA[3544119 : NewsFeed Deleted]]>
            </line>
          </reporter-output>
        </test-method> <!-- feedDelete -->
        <test-method is-config="true" signature="FeedDelete_after_class()[pri:0, instance:genericFlow.SocialFeedDelete@9597028]" started-at="2023-09-26T18:45:42 IST" name="FeedDelete_after_class" finished-at="2023-09-26T18:45:43 IST" duration-ms="224" status="PASS">
          <reporter-output>
          </reporter-output>
        </test-method> <!-- FeedDelete_after_class -->
      </class> <!-- genericFlow.SocialFeedDelete -->
    </test> <!-- FeedDelete -->
  </suite> <!-- Suite -->
</testng-results>
