<?xml version="1.0" encoding="UTF-8"?>
<testng-results ignored="0" total="5" passed="5" failed="0" skipped="0">
  <reporter-output>
    <line>
      <![CDATA[Wallet Functionality is not available in this corpoarte]]>
    </line>
    <line>
      <![CDATA[Profile picture edited]]>
    </line>
    <line>
      <![CDATA[Information edit tested]]>
    </line>
    <line>
      <![CDATA[Appreciation received in my profile is tested]]>
    </line>
    <line>
      <![CDATA[Award received in my profile is tested]]>
    </line>
  </reporter-output>
  <suite started-at="2024-04-17T12:10:45 IST" name="Suite" finished-at="2024-04-17T12:12:08 IST" duration-ms="82862">
    <groups>
    </groups>
    <test started-at="2024-04-17T12:10:45 IST" name="ChromeTest" finished-at="2024-04-17T12:12:08 IST" duration-ms="82862">
      <class name="my_profile.my_profile">
        <test-method is-config="true" signature="beforeClass(java.lang.String)[pri:0, instance:my_profile.my_profile@2e8c1c9b]" started-at="2024-04-17T12:10:45 IST" name="beforeClass" finished-at="2024-04-17T12:11:18 IST" duration-ms="33118" status="PASS">
          <params>
            <param index="0">
              <value>
                <![CDATA[C1307]]>
              </value>
            </param>
          </params>
          <reporter-output>
          </reporter-output>
        </test-method> <!-- beforeClass -->
        <test-method is-config="true" signature="before_Method_Appriciate()[pri:0, instance:my_profile.my_profile@2e8c1c9b]" started-at="2024-04-17T12:11:18 IST" name="before_Method_Appriciate" finished-at="2024-04-17T12:11:40 IST" duration-ms="21755" status="PASS">
          <reporter-output>
          </reporter-output>
        </test-method> <!-- before_Method_Appriciate -->
        <test-method signature="profile_wallet_verification(java.lang.String)[pri:301, instance:my_profile.my_profile@2e8c1c9b]" started-at="2024-04-17T12:11:40 IST" name="profile_wallet_verification" finished-at="2024-04-17T12:11:40 IST" duration-ms="589" status="PASS">
          <params>
            <param index="0">
              <value>
                <![CDATA[C1307]]>
              </value>
            </param>
          </params>
          <reporter-output>
            <line>
              <![CDATA[Wallet Functionality is not available in this corpoarte]]>
            </line>
          </reporter-output>
        </test-method> <!-- profile_wallet_verification -->
        <test-method is-config="true" signature="afterMethod()[pri:0, instance:my_profile.my_profile@2e8c1c9b]" started-at="2024-04-17T12:11:40 IST" name="afterMethod" finished-at="2024-04-17T12:11:40 IST" duration-ms="52" status="PASS">
          <reporter-output>
          </reporter-output>
        </test-method> <!-- afterMethod -->
        <test-method is-config="true" signature="before_Method_Appriciate()[pri:0, instance:my_profile.my_profile@2e8c1c9b]" started-at="2024-04-17T12:11:40 IST" name="before_Method_Appriciate" finished-at="2024-04-17T12:11:42 IST" duration-ms="1521" status="PASS">
          <reporter-output>
          </reporter-output>
        </test-method> <!-- before_Method_Appriciate -->
        <test-method signature="profile_pic_Verification(java.lang.String)[pri:302, instance:my_profile.my_profile@2e8c1c9b]" started-at="2024-04-17T12:11:42 IST" name="profile_pic_Verification" finished-at="2024-04-17T12:11:46 IST" duration-ms="4171" status="PASS">
          <params>
            <param index="0">
              <value>
                <![CDATA[C1307]]>
              </value>
            </param>
          </params>
          <reporter-output>
            <line>
              <![CDATA[Profile picture edited]]>
            </line>
          </reporter-output>
        </test-method> <!-- profile_pic_Verification -->
        <test-method is-config="true" signature="afterMethod()[pri:0, instance:my_profile.my_profile@2e8c1c9b]" started-at="2024-04-17T12:11:46 IST" name="afterMethod" finished-at="2024-04-17T12:11:46 IST" duration-ms="7" status="PASS">
          <reporter-output>
          </reporter-output>
        </test-method> <!-- afterMethod -->
        <test-method is-config="true" signature="before_Method_Appriciate()[pri:0, instance:my_profile.my_profile@2e8c1c9b]" started-at="2024-04-17T12:11:46 IST" name="before_Method_Appriciate" finished-at="2024-04-17T12:11:48 IST" duration-ms="1667" status="PASS">
          <reporter-output>
          </reporter-output>
        </test-method> <!-- before_Method_Appriciate -->
        <test-method signature="profile_info_edit_Verification(java.lang.String)[pri:303, instance:my_profile.my_profile@2e8c1c9b]" started-at="2024-04-17T12:11:48 IST" name="profile_info_edit_Verification" finished-at="2024-04-17T12:11:53 IST" duration-ms="5127" status="PASS">
          <params>
            <param index="0">
              <value>
                <![CDATA[C1307]]>
              </value>
            </param>
          </params>
          <reporter-output>
            <line>
              <![CDATA[Information edit tested]]>
            </line>
          </reporter-output>
        </test-method> <!-- profile_info_edit_Verification -->
        <test-method is-config="true" signature="afterMethod()[pri:0, instance:my_profile.my_profile@2e8c1c9b]" started-at="2024-04-17T12:11:53 IST" name="afterMethod" finished-at="2024-04-17T12:11:53 IST" duration-ms="3" status="PASS">
          <reporter-output>
          </reporter-output>
        </test-method> <!-- afterMethod -->
        <test-method is-config="true" signature="before_Method_Appriciate()[pri:0, instance:my_profile.my_profile@2e8c1c9b]" started-at="2024-04-17T12:11:53 IST" name="before_Method_Appriciate" finished-at="2024-04-17T12:11:54 IST" duration-ms="974" status="PASS">
          <reporter-output>
          </reporter-output>
        </test-method> <!-- before_Method_Appriciate -->
        <test-method signature="profile_appreciated_list_Verification(java.lang.String)[pri:304, instance:my_profile.my_profile@2e8c1c9b]" started-at="2024-04-17T12:11:54 IST" name="profile_appreciated_list_Verification" finished-at="2024-04-17T12:12:01 IST" duration-ms="7146" status="PASS">
          <params>
            <param index="0">
              <value>
                <![CDATA[C1307]]>
              </value>
            </param>
          </params>
          <reporter-output>
            <line>
              <![CDATA[Appreciation received in my profile is tested]]>
            </line>
          </reporter-output>
        </test-method> <!-- profile_appreciated_list_Verification -->
        <test-method is-config="true" signature="afterMethod()[pri:0, instance:my_profile.my_profile@2e8c1c9b]" started-at="2024-04-17T12:12:01 IST" name="afterMethod" finished-at="2024-04-17T12:12:01 IST" duration-ms="12" status="PASS">
          <reporter-output>
          </reporter-output>
        </test-method> <!-- afterMethod -->
        <test-method is-config="true" signature="before_Method_Appriciate()[pri:0, instance:my_profile.my_profile@2e8c1c9b]" started-at="2024-04-17T12:12:01 IST" name="before_Method_Appriciate" finished-at="2024-04-17T12:12:02 IST" duration-ms="1113" status="PASS">
          <reporter-output>
          </reporter-output>
        </test-method> <!-- before_Method_Appriciate -->
        <test-method signature="profile_awarded_list_Verification(java.lang.String)[pri:305, instance:my_profile.my_profile@2e8c1c9b]" started-at="2024-04-17T12:12:02 IST" name="profile_awarded_list_Verification" finished-at="2024-04-17T12:12:08 IST" duration-ms="5305" status="PASS">
          <params>
            <param index="0">
              <value>
                <![CDATA[C1307]]>
              </value>
            </param>
          </params>
          <reporter-output>
            <line>
              <![CDATA[Award received in my profile is tested]]>
            </line>
          </reporter-output>
        </test-method> <!-- profile_awarded_list_Verification -->
        <test-method is-config="true" signature="afterMethod()[pri:0, instance:my_profile.my_profile@2e8c1c9b]" started-at="2024-04-17T12:12:08 IST" name="afterMethod" finished-at="2024-04-17T12:12:08 IST" duration-ms="12" status="PASS">
          <reporter-output>
          </reporter-output>
        </test-method> <!-- afterMethod -->
        <test-method is-config="true" signature="afterClass()[pri:0, instance:my_profile.my_profile@2e8c1c9b]" started-at="2024-04-17T12:12:08 IST" name="afterClass" finished-at="2024-04-17T12:12:08 IST" duration-ms="222" status="PASS">
          <reporter-output>
          </reporter-output>
        </test-method> <!-- afterClass -->
      </class> <!-- my_profile.my_profile -->
    </test> <!-- ChromeTest -->
  </suite> <!-- Suite -->
</testng-results>
