<?xml version="1.0" encoding="UTF-8"?>
<testng-results ignored="0" total="16" passed="16" failed="0" skipped="0">
  <reporter-output>
    <line>
      <![CDATA[Wallet Functionality is not available in this corpoarte]]>
    </line>
    <line>
      <![CDATA[Profile picture edited]]>
    </line>
    <line>
      <![CDATA[Information edit tested]]>
    </line>
    <line>
      <![CDATA[Appreciation received in my profile is tested]]>
    </line>
    <line>
      <![CDATA[Award received in my profile is tested]]>
    </line>
    <line>
      <![CDATA[amount blank verifed]]>
    </line>
    <line>
      <![CDATA[amount 1 verifed]]>
    </line>
    <line>
      <![CDATA[amount 30000 verifed]]>
    </line>
  </reporter-output>
  <suite started-at="2024-04-19T15:21:17 IST" name="Suite" finished-at="2024-04-19T15:24:09 IST" duration-ms="172242">
    <groups>
    </groups>
    <test started-at="2024-04-19T15:21:17 IST" name="Test" finished-at="2024-04-19T15:24:09 IST" duration-ms="172242">
      <class name="my_profile.my_wallets2">
        <test-method is-config="true" signature="beforeClass(java.lang.String)[pri:0, instance:my_profile.my_wallets2@2d901eb0]" started-at="2024-04-19T15:22:26 IST" name="beforeClass" finished-at="2024-04-19T15:22:45 IST" duration-ms="18393" status="PASS">
          <params>
            <param index="0">
              <value>
                <![CDATA[C1307]]>
              </value>
            </param>
          </params>
          <reporter-output>
          </reporter-output>
        </test-method> <!-- beforeClass -->
        <test-method is-config="true" signature="beforeMethod1()[pri:0, instance:my_profile.my_wallets2@2d901eb0]" started-at="2024-04-19T15:22:45 IST" name="beforeMethod1" finished-at="2024-04-19T15:22:45 IST" duration-ms="342" status="PASS">
          <reporter-output>
          </reporter-output>
        </test-method> <!-- beforeMethod1 -->
        <test-method signature="wallet_count(java.lang.String)[pri:1, instance:my_profile.my_wallets2@2d901eb0]" started-at="2024-04-19T15:22:45 IST" name="wallet_count" finished-at="2024-04-19T15:22:50 IST" duration-ms="4838" status="PASS">
          <params>
            <param index="0">
              <value>
                <![CDATA[C1307]]>
              </value>
            </param>
          </params>
          <reporter-output>
          </reporter-output>
        </test-method> <!-- wallet_count -->
        <test-method is-config="true" signature="afterMethod1()[pri:0, instance:my_profile.my_wallets2@2d901eb0]" started-at="2024-04-19T15:22:50 IST" name="afterMethod1" finished-at="2024-04-19T15:22:50 IST" duration-ms="19" status="PASS">
          <reporter-output>
          </reporter-output>
        </test-method> <!-- afterMethod1 -->
        <test-method is-config="true" signature="beforeMethod1()[pri:0, instance:my_profile.my_wallets2@2d901eb0]" started-at="2024-04-19T15:22:50 IST" name="beforeMethod1" finished-at="2024-04-19T15:22:50 IST" duration-ms="274" status="PASS">
          <reporter-output>
          </reporter-output>
        </test-method> <!-- beforeMethod1 -->
        <test-method signature="entires_count(java.lang.String)[pri:2, instance:my_profile.my_wallets2@2d901eb0]" started-at="2024-04-19T15:22:50 IST" name="entires_count" finished-at="2024-04-19T15:22:51 IST" duration-ms="244" status="PASS">
          <params>
            <param index="0">
              <value>
                <![CDATA[C1307]]>
              </value>
            </param>
          </params>
          <reporter-output>
          </reporter-output>
        </test-method> <!-- entires_count -->
        <test-method is-config="true" signature="afterMethod1()[pri:0, instance:my_profile.my_wallets2@2d901eb0]" started-at="2024-04-19T15:22:51 IST" name="afterMethod1" finished-at="2024-04-19T15:22:51 IST" duration-ms="0" status="PASS">
          <reporter-output>
          </reporter-output>
        </test-method> <!-- afterMethod1 -->
        <test-method is-config="true" signature="afterClass()[pri:0, instance:my_profile.my_wallets2@2d901eb0]" started-at="2024-04-19T15:22:51 IST" name="afterClass" finished-at="2024-04-19T15:22:51 IST" duration-ms="253" status="PASS">
          <reporter-output>
          </reporter-output>
        </test-method> <!-- afterClass -->
      </class> <!-- my_profile.my_wallets2 -->
      <class name="my_profile.i_want">
        <test-method is-config="true" signature="beforeClass(java.lang.String)[pri:0, instance:my_profile.i_want@3f191845]" started-at="2024-04-19T15:23:45 IST" name="beforeClass" finished-at="2024-04-19T15:24:03 IST" duration-ms="18011" status="PASS">
          <params>
            <param index="0">
              <value>
                <![CDATA[C1307]]>
              </value>
            </param>
          </params>
          <reporter-output>
          </reporter-output>
        </test-method> <!-- beforeClass -->
        <test-method is-config="true" signature="before_Method_Appriciate()[pri:0, instance:my_profile.i_want@3f191845]" started-at="2024-04-19T15:24:03 IST" name="before_Method_Appriciate" finished-at="2024-04-19T15:24:06 IST" duration-ms="2853" status="PASS">
          <reporter-output>
          </reporter-output>
        </test-method> <!-- before_Method_Appriciate -->
        <test-method signature="verify_label_all_label_name(java.lang.String)[pri:301, instance:my_profile.i_want@3f191845]" started-at="2024-04-19T15:24:06 IST" name="verify_label_all_label_name" finished-at="2024-04-19T15:24:07 IST" duration-ms="1425" status="PASS">
          <params>
            <param index="0">
              <value>
                <![CDATA[C1307]]>
              </value>
            </param>
          </params>
          <reporter-output>
          </reporter-output>
        </test-method> <!-- verify_label_all_label_name -->
        <test-method is-config="true" signature="afterMethod()[pri:0, instance:my_profile.i_want@3f191845]" started-at="2024-04-19T15:24:07 IST" name="afterMethod" finished-at="2024-04-19T15:24:07 IST" duration-ms="10" status="PASS">
          <reporter-output>
          </reporter-output>
        </test-method> <!-- afterMethod -->
        <test-method is-config="true" signature="before_Method_Appriciate()[pri:0, instance:my_profile.i_want@3f191845]" started-at="2024-04-19T15:24:07 IST" name="before_Method_Appriciate" finished-at="2024-04-19T15:24:07 IST" duration-ms="219" status="PASS">
          <reporter-output>
          </reporter-output>
        </test-method> <!-- before_Method_Appriciate -->
        <test-method signature="error_message_verification(java.lang.String)[pri:304, instance:my_profile.i_want@3f191845]" started-at="2024-04-19T15:24:07 IST" name="error_message_verification" finished-at="2024-04-19T15:24:08 IST" duration-ms="959" status="PASS">
          <params>
            <param index="0">
              <value>
                <![CDATA[C1307]]>
              </value>
            </param>
          </params>
          <reporter-output>
          </reporter-output>
        </test-method> <!-- error_message_verification -->
        <test-method is-config="true" signature="afterMethod()[pri:0, instance:my_profile.i_want@3f191845]" started-at="2024-04-19T15:24:08 IST" name="afterMethod" finished-at="2024-04-19T15:24:08 IST" duration-ms="15" status="PASS">
          <reporter-output>
          </reporter-output>
        </test-method> <!-- afterMethod -->
        <test-method is-config="true" signature="before_Method_Appriciate()[pri:0, instance:my_profile.i_want@3f191845]" started-at="2024-04-19T15:24:08 IST" name="before_Method_Appriciate" finished-at="2024-04-19T15:24:09 IST" duration-ms="276" status="PASS">
          <reporter-output>
          </reporter-output>
        </test-method> <!-- before_Method_Appriciate -->
        <test-method signature="profile_awarded_list_Verification(java.lang.String)[pri:305, instance:my_profile.i_want@3f191845]" started-at="2024-04-19T15:24:09 IST" name="profile_awarded_list_Verification" finished-at="2024-04-19T15:24:09 IST" duration-ms="2" status="PASS">
          <params>
            <param index="0">
              <value>
                <![CDATA[C1307]]>
              </value>
            </param>
          </params>
          <reporter-output>
          </reporter-output>
        </test-method> <!-- profile_awarded_list_Verification -->
        <test-method is-config="true" signature="afterMethod()[pri:0, instance:my_profile.i_want@3f191845]" started-at="2024-04-19T15:24:09 IST" name="afterMethod" finished-at="2024-04-19T15:24:09 IST" duration-ms="2" status="PASS">
          <reporter-output>
          </reporter-output>
        </test-method> <!-- afterMethod -->
        <test-method is-config="true" signature="afterClass()[pri:0, instance:my_profile.i_want@3f191845]" started-at="2024-04-19T15:24:09 IST" name="afterClass" finished-at="2024-04-19T15:24:09 IST" duration-ms="532" status="PASS">
          <reporter-output>
          </reporter-output>
        </test-method> <!-- afterClass -->
      </class> <!-- my_profile.i_want -->
      <class name="my_profile.my_profile_page">
        <test-method is-config="true" signature="beforeClass(java.lang.String)[pri:0, instance:my_profile.my_profile_page@35dab4eb]" started-at="2024-04-19T15:21:40 IST" name="beforeClass" finished-at="2024-04-19T15:21:59 IST" duration-ms="18517" status="PASS">
          <params>
            <param index="0">
              <value>
                <![CDATA[C1307]]>
              </value>
            </param>
          </params>
          <reporter-output>
          </reporter-output>
        </test-method> <!-- beforeClass -->
        <test-method is-config="true" signature="before_Method_Appriciate()[pri:0, instance:my_profile.my_profile_page@35dab4eb]" started-at="2024-04-19T15:21:59 IST" name="before_Method_Appriciate" finished-at="2024-04-19T15:22:00 IST" duration-ms="670" status="PASS">
          <reporter-output>
          </reporter-output>
        </test-method> <!-- before_Method_Appriciate -->
        <test-method signature="profile_wallet_verification(java.lang.String)[pri:301, instance:my_profile.my_profile_page@35dab4eb]" started-at="2024-04-19T15:22:00 IST" name="profile_wallet_verification" finished-at="2024-04-19T15:22:00 IST" duration-ms="384" status="PASS">
          <params>
            <param index="0">
              <value>
                <![CDATA[C1307]]>
              </value>
            </param>
          </params>
          <reporter-output>
            <line>
              <![CDATA[Wallet Functionality is not available in this corpoarte]]>
            </line>
          </reporter-output>
        </test-method> <!-- profile_wallet_verification -->
        <test-method is-config="true" signature="afterMethod()[pri:0, instance:my_profile.my_profile_page@35dab4eb]" started-at="2024-04-19T15:22:00 IST" name="afterMethod" finished-at="2024-04-19T15:22:00 IST" duration-ms="9" status="PASS">
          <reporter-output>
          </reporter-output>
        </test-method> <!-- afterMethod -->
        <test-method is-config="true" signature="before_Method_Appriciate()[pri:0, instance:my_profile.my_profile_page@35dab4eb]" started-at="2024-04-19T15:22:00 IST" name="before_Method_Appriciate" finished-at="2024-04-19T15:22:01 IST" duration-ms="921" status="PASS">
          <reporter-output>
          </reporter-output>
        </test-method> <!-- before_Method_Appriciate -->
        <test-method signature="profile_pic_Verification(java.lang.String)[pri:302, instance:my_profile.my_profile_page@35dab4eb]" started-at="2024-04-19T15:22:01 IST" name="profile_pic_Verification" finished-at="2024-04-19T15:22:04 IST" duration-ms="2795" status="PASS">
          <params>
            <param index="0">
              <value>
                <![CDATA[C1307]]>
              </value>
            </param>
          </params>
          <reporter-output>
            <line>
              <![CDATA[Profile picture edited]]>
            </line>
          </reporter-output>
        </test-method> <!-- profile_pic_Verification -->
        <test-method is-config="true" signature="afterMethod()[pri:0, instance:my_profile.my_profile_page@35dab4eb]" started-at="2024-04-19T15:22:04 IST" name="afterMethod" finished-at="2024-04-19T15:22:04 IST" duration-ms="2" status="PASS">
          <reporter-output>
          </reporter-output>
        </test-method> <!-- afterMethod -->
        <test-method is-config="true" signature="before_Method_Appriciate()[pri:0, instance:my_profile.my_profile_page@35dab4eb]" started-at="2024-04-19T15:22:04 IST" name="before_Method_Appriciate" finished-at="2024-04-19T15:22:04 IST" duration-ms="698" status="PASS">
          <reporter-output>
          </reporter-output>
        </test-method> <!-- before_Method_Appriciate -->
        <test-method signature="profile_info_edit_Verification(java.lang.String)[pri:303, instance:my_profile.my_profile_page@35dab4eb]" started-at="2024-04-19T15:22:04 IST" name="profile_info_edit_Verification" finished-at="2024-04-19T15:22:09 IST" duration-ms="4664" status="PASS">
          <params>
            <param index="0">
              <value>
                <![CDATA[C1307]]>
              </value>
            </param>
          </params>
          <reporter-output>
            <line>
              <![CDATA[Information edit tested]]>
            </line>
          </reporter-output>
        </test-method> <!-- profile_info_edit_Verification -->
        <test-method is-config="true" signature="afterMethod()[pri:0, instance:my_profile.my_profile_page@35dab4eb]" started-at="2024-04-19T15:22:09 IST" name="afterMethod" finished-at="2024-04-19T15:22:09 IST" duration-ms="3" status="PASS">
          <reporter-output>
          </reporter-output>
        </test-method> <!-- afterMethod -->
        <test-method is-config="true" signature="before_Method_Appriciate()[pri:0, instance:my_profile.my_profile_page@35dab4eb]" started-at="2024-04-19T15:22:09 IST" name="before_Method_Appriciate" finished-at="2024-04-19T15:22:10 IST" duration-ms="888" status="PASS">
          <reporter-output>
          </reporter-output>
        </test-method> <!-- before_Method_Appriciate -->
        <test-method signature="profile_appreciated_list_Verification(java.lang.String)[pri:304, instance:my_profile.my_profile_page@35dab4eb]" started-at="2024-04-19T15:22:10 IST" name="profile_appreciated_list_Verification" finished-at="2024-04-19T15:22:15 IST" duration-ms="5336" status="PASS">
          <params>
            <param index="0">
              <value>
                <![CDATA[C1307]]>
              </value>
            </param>
          </params>
          <reporter-output>
            <line>
              <![CDATA[Appreciation received in my profile is tested]]>
            </line>
          </reporter-output>
        </test-method> <!-- profile_appreciated_list_Verification -->
        <test-method is-config="true" signature="afterMethod()[pri:0, instance:my_profile.my_profile_page@35dab4eb]" started-at="2024-04-19T15:22:15 IST" name="afterMethod" finished-at="2024-04-19T15:22:15 IST" duration-ms="11" status="PASS">
          <reporter-output>
          </reporter-output>
        </test-method> <!-- afterMethod -->
        <test-method is-config="true" signature="before_Method_Appriciate()[pri:0, instance:my_profile.my_profile_page@35dab4eb]" started-at="2024-04-19T15:22:15 IST" name="before_Method_Appriciate" finished-at="2024-04-19T15:22:16 IST" duration-ms="555" status="PASS">
          <reporter-output>
          </reporter-output>
        </test-method> <!-- before_Method_Appriciate -->
        <test-method signature="profile_awarded_list_Verification(java.lang.String)[pri:305, instance:my_profile.my_profile_page@35dab4eb]" started-at="2024-04-19T15:22:16 IST" name="profile_awarded_list_Verification" finished-at="2024-04-19T15:22:20 IST" duration-ms="4001" status="PASS">
          <params>
            <param index="0">
              <value>
                <![CDATA[C1307]]>
              </value>
            </param>
          </params>
          <reporter-output>
            <line>
              <![CDATA[Award received in my profile is tested]]>
            </line>
          </reporter-output>
        </test-method> <!-- profile_awarded_list_Verification -->
        <test-method is-config="true" signature="afterMethod()[pri:0, instance:my_profile.my_profile_page@35dab4eb]" started-at="2024-04-19T15:22:20 IST" name="afterMethod" finished-at="2024-04-19T15:22:20 IST" duration-ms="5" status="PASS">
          <reporter-output>
          </reporter-output>
        </test-method> <!-- afterMethod -->
        <test-method is-config="true" signature="afterClass()[pri:0, instance:my_profile.my_profile_page@35dab4eb]" started-at="2024-04-19T15:22:20 IST" name="afterClass" finished-at="2024-04-19T15:22:26 IST" duration-ms="6558" status="PASS">
          <reporter-output>
          </reporter-output>
        </test-method> <!-- afterClass -->
      </class> <!-- my_profile.my_profile_page -->
      <class name="my_profile.add_wallet_points">
        <test-method is-config="true" signature="beforeClass(java.lang.String)[pri:0, instance:my_profile.add_wallet_points@3ba987b8]" started-at="2024-04-19T15:22:51 IST" name="beforeClass" finished-at="2024-04-19T15:23:09 IST" duration-ms="18493" status="PASS">
          <params>
            <param index="0">
              <value>
                <![CDATA[C1307]]>
              </value>
            </param>
          </params>
          <reporter-output>
          </reporter-output>
        </test-method> <!-- beforeClass -->
        <test-method is-config="true" signature="before_Method_Appriciate()[pri:0, instance:my_profile.add_wallet_points@3ba987b8]" started-at="2024-04-19T15:23:09 IST" name="before_Method_Appriciate" finished-at="2024-04-19T15:23:16 IST" duration-ms="6322" status="PASS">
          <reporter-output>
          </reporter-output>
        </test-method> <!-- before_Method_Appriciate -->
        <test-method signature="verify_hardcoded_amount_available(java.lang.String)[pri:301, instance:my_profile.add_wallet_points@3ba987b8]" started-at="2024-04-19T15:23:16 IST" name="verify_hardcoded_amount_available" finished-at="2024-04-19T15:23:17 IST" duration-ms="1062" status="PASS">
          <params>
            <param index="0">
              <value>
                <![CDATA[C1307]]>
              </value>
            </param>
          </params>
          <reporter-output>
          </reporter-output>
        </test-method> <!-- verify_hardcoded_amount_available -->
        <test-method is-config="true" signature="afterMethod()[pri:0, instance:my_profile.add_wallet_points@3ba987b8]" started-at="2024-04-19T15:23:17 IST" name="afterMethod" finished-at="2024-04-19T15:23:17 IST" duration-ms="3" status="PASS">
          <reporter-output>
          </reporter-output>
        </test-method> <!-- afterMethod -->
        <test-method is-config="true" signature="before_Method_Appriciate()[pri:0, instance:my_profile.add_wallet_points@3ba987b8]" started-at="2024-04-19T15:23:17 IST" name="before_Method_Appriciate" finished-at="2024-04-19T15:23:19 IST" duration-ms="2711" status="PASS">
          <reporter-output>
          </reporter-output>
        </test-method> <!-- before_Method_Appriciate -->
        <test-method signature="wallet_balance_verification(java.lang.String)[pri:302, instance:my_profile.add_wallet_points@3ba987b8]" started-at="2024-04-19T15:23:19 IST" name="wallet_balance_verification" finished-at="2024-04-19T15:23:19 IST" duration-ms="45" status="PASS">
          <params>
            <param index="0">
              <value>
                <![CDATA[C1307]]>
              </value>
            </param>
          </params>
          <reporter-output>
          </reporter-output>
        </test-method> <!-- wallet_balance_verification -->
        <test-method is-config="true" signature="afterMethod()[pri:0, instance:my_profile.add_wallet_points@3ba987b8]" started-at="2024-04-19T15:23:19 IST" name="afterMethod" finished-at="2024-04-19T15:23:19 IST" duration-ms="6" status="PASS">
          <reporter-output>
          </reporter-output>
        </test-method> <!-- afterMethod -->
        <test-method is-config="true" signature="before_Method_Appriciate()[pri:0, instance:my_profile.add_wallet_points@3ba987b8]" started-at="2024-04-19T15:23:19 IST" name="before_Method_Appriciate" finished-at="2024-04-19T15:23:22 IST" duration-ms="2922" status="PASS">
          <reporter-output>
          </reporter-output>
        </test-method> <!-- before_Method_Appriciate -->
        <test-method signature="error_amount_verification(java.lang.String)[pri:303, instance:my_profile.add_wallet_points@3ba987b8]" started-at="2024-04-19T15:23:22 IST" name="error_amount_verification" finished-at="2024-04-19T15:23:30 IST" duration-ms="7341" status="PASS">
          <params>
            <param index="0">
              <value>
                <![CDATA[C1307]]>
              </value>
            </param>
          </params>
          <reporter-output>
            <line>
              <![CDATA[amount blank verifed]]>
            </line>
            <line>
              <![CDATA[amount 1 verifed]]>
            </line>
            <line>
              <![CDATA[amount 30000 verifed]]>
            </line>
          </reporter-output>
        </test-method> <!-- error_amount_verification -->
        <test-method is-config="true" signature="afterMethod()[pri:0, instance:my_profile.add_wallet_points@3ba987b8]" started-at="2024-04-19T15:23:30 IST" name="afterMethod" finished-at="2024-04-19T15:23:30 IST" duration-ms="11" status="PASS">
          <reporter-output>
          </reporter-output>
        </test-method> <!-- afterMethod -->
        <test-method is-config="true" signature="before_Method_Appriciate()[pri:0, instance:my_profile.add_wallet_points@3ba987b8]" started-at="2024-04-19T15:23:30 IST" name="before_Method_Appriciate" finished-at="2024-04-19T15:23:34 IST" duration-ms="4531" status="PASS">
          <reporter-output>
          </reporter-output>
        </test-method> <!-- before_Method_Appriciate -->
        <test-method signature="error_rajorpay_verification(java.lang.String)[pri:304, instance:my_profile.add_wallet_points@3ba987b8]" started-at="2024-04-19T15:23:34 IST" name="error_rajorpay_verification" finished-at="2024-04-19T15:23:38 IST" duration-ms="4148" status="PASS">
          <params>
            <param index="0">
              <value>
                <![CDATA[C1307]]>
              </value>
            </param>
          </params>
          <reporter-output>
          </reporter-output>
        </test-method> <!-- error_rajorpay_verification -->
        <test-method is-config="true" signature="afterMethod()[pri:0, instance:my_profile.add_wallet_points@3ba987b8]" started-at="2024-04-19T15:23:38 IST" name="afterMethod" finished-at="2024-04-19T15:23:38 IST" duration-ms="15" status="PASS">
          <reporter-output>
          </reporter-output>
        </test-method> <!-- afterMethod -->
        <test-method is-config="true" signature="afterClass()[pri:0, instance:my_profile.add_wallet_points@3ba987b8]" started-at="2024-04-19T15:23:38 IST" name="afterClass" finished-at="2024-04-19T15:23:45 IST" duration-ms="6553" status="PASS">
          <reporter-output>
          </reporter-output>
        </test-method> <!-- afterClass -->
      </class> <!-- my_profile.add_wallet_points -->
      <class name="my_profile.add_gift_card">
        <test-method is-config="true" signature="beforeClass(java.lang.String)[pri:0, instance:my_profile.add_gift_card@4c60d6e9]" started-at="2024-04-19T15:21:17 IST" name="beforeClass" finished-at="2024-04-19T15:21:37 IST" duration-ms="20290" status="PASS">
          <params>
            <param index="0">
              <value>
                <![CDATA[C1307]]>
              </value>
            </param>
          </params>
          <reporter-output>
          </reporter-output>
        </test-method> <!-- beforeClass -->
        <test-method is-config="true" signature="before_Method_Appriciate()[pri:0, instance:my_profile.add_gift_card@4c60d6e9]" started-at="2024-04-19T15:21:37 IST" name="before_Method_Appriciate" finished-at="2024-04-19T15:21:38 IST" duration-ms="690" status="PASS">
          <reporter-output>
          </reporter-output>
        </test-method> <!-- before_Method_Appriciate -->
        <test-method signature="verify_all_label_name(java.lang.String)[pri:301, instance:my_profile.add_gift_card@4c60d6e9]" started-at="2024-04-19T15:21:38 IST" name="verify_all_label_name" finished-at="2024-04-19T15:21:39 IST" duration-ms="1056" status="PASS">
          <params>
            <param index="0">
              <value>
                <![CDATA[C1307]]>
              </value>
            </param>
          </params>
          <reporter-output>
          </reporter-output>
        </test-method> <!-- verify_all_label_name -->
        <test-method is-config="true" signature="afterMethod()[pri:0, instance:my_profile.add_gift_card@4c60d6e9]" started-at="2024-04-19T15:21:39 IST" name="afterMethod" finished-at="2024-04-19T15:21:39 IST" duration-ms="4" status="PASS">
          <reporter-output>
          </reporter-output>
        </test-method> <!-- afterMethod -->
        <test-method is-config="true" signature="before_Method_Appriciate()[pri:0, instance:my_profile.add_gift_card@4c60d6e9]" started-at="2024-04-19T15:21:39 IST" name="before_Method_Appriciate" finished-at="2024-04-19T15:21:39 IST" duration-ms="355" status="PASS">
          <reporter-output>
          </reporter-output>
        </test-method> <!-- before_Method_Appriciate -->
        <test-method signature="error_message_verification(java.lang.String)[pri:304, instance:my_profile.add_gift_card@4c60d6e9]" started-at="2024-04-19T15:21:39 IST" name="error_message_verification" finished-at="2024-04-19T15:21:40 IST" duration-ms="560" status="PASS">
          <params>
            <param index="0">
              <value>
                <![CDATA[C1307]]>
              </value>
            </param>
          </params>
          <reporter-output>
          </reporter-output>
        </test-method> <!-- error_message_verification -->
        <test-method is-config="true" signature="afterMethod()[pri:0, instance:my_profile.add_gift_card@4c60d6e9]" started-at="2024-04-19T15:21:40 IST" name="afterMethod" finished-at="2024-04-19T15:21:40 IST" duration-ms="5" status="PASS">
          <reporter-output>
          </reporter-output>
        </test-method> <!-- afterMethod -->
        <test-method is-config="true" signature="afterClass()[pri:0, instance:my_profile.add_gift_card@4c60d6e9]" started-at="2024-04-19T15:21:40 IST" name="afterClass" finished-at="2024-04-19T15:21:40 IST" duration-ms="307" status="PASS">
          <reporter-output>
          </reporter-output>
        </test-method> <!-- afterClass -->
      </class> <!-- my_profile.add_gift_card -->
    </test> <!-- Test -->
  </suite> <!-- Suite -->
</testng-results>
