<?xml version="1.0" encoding="UTF-8"?>
<testng-results ignored="0" total="1" passed="1" failed="0" skipped="0">
  <reporter-output>
    <line>
      <![CDATA[3363766 : NewsFeed Deleted]]>
    </line>
  </reporter-output>
  <suite started-at="2023-08-28T16:43:22 IST" name="Suite" finished-at="2023-08-28T16:43:54 IST" duration-ms="31948">
    <groups>
    </groups>
    <test started-at="2023-08-28T16:43:22 IST" name="FeedDelete" finished-at="2023-08-28T16:43:54 IST" duration-ms="31948">
      <class name="genericFlow.SocialFeedDelete">
        <test-method is-config="true" signature="FeedDelete_before_class()[pri:0, instance:genericFlow.SocialFeedDelete@294425a7]" started-at="2023-08-28T16:43:22 IST" name="FeedDelete_before_class" finished-at="2023-08-28T16:43:45 IST" duration-ms="22989" status="PASS">
          <reporter-output>
          </reporter-output>
        </test-method> <!-- FeedDelete_before_class -->
        <test-method signature="feedDelete()[pri:0, instance:genericFlow.SocialFeedDelete@294425a7]" started-at="2023-08-28T16:43:45 IST" name="feedDelete" finished-at="2023-08-28T16:43:54 IST" duration-ms="8709" status="PASS">
          <reporter-output>
            <line>
              <![CDATA[3363766 : NewsFeed Deleted]]>
            </line>
          </reporter-output>
        </test-method> <!-- feedDelete -->
        <test-method is-config="true" signature="FeedDelete_after_class()[pri:0, instance:genericFlow.SocialFeedDelete@294425a7]" started-at="2023-08-28T16:43:54 IST" name="FeedDelete_after_class" finished-at="2023-08-28T16:43:54 IST" duration-ms="216" status="PASS">
          <reporter-output>
          </reporter-output>
        </test-method> <!-- FeedDelete_after_class -->
      </class> <!-- genericFlow.SocialFeedDelete -->
    </test> <!-- FeedDelete -->
  </suite> <!-- Suite -->
</testng-results>
