<?xml version="1.0" encoding="UTF-8"?>
<testng-results ignored="0" total="1" passed="1" failed="0" skipped="0">
  <reporter-output>
    <line>
      <![CDATA[4923837 : NewsFeed Deleted]]>
    </line>
    <line>
      <![CDATA[4929617 : NewsFeed Deleted]]>
    </line>
    <line>
      <![CDATA[5039055 : NewsFeed Deleted]]>
    </line>
    <line>
      <![CDATA[5039091 : NewsFeed Deleted]]>
    </line>
    <line>
      <![CDATA[5039165 : NewsFeed Deleted]]>
    </line>
    <line>
      <![CDATA[5039208 : NewsFeed Deleted]]>
    </line>
  </reporter-output>
  <suite started-at="2024-05-16T16:19:38 IST" name="Suite" finished-at="2024-05-16T16:20:26 IST" duration-ms="48013">
    <groups>
    </groups>
    <test started-at="2024-05-16T16:19:38 IST" name="FeedDelete" finished-at="2024-05-16T16:20:26 IST" duration-ms="48013">
      <class name="genericFlow.SocialFeedDelete">
        <test-method is-config="true" signature="FeedDelete_before_class(java.lang.String)[pri:0, instance:genericFlow.SocialFeedDelete@74d1dc36]" started-at="2024-05-16T16:19:38 IST" name="FeedDelete_before_class" finished-at="2024-05-16T16:19:57 IST" duration-ms="19505" status="PASS">
          <params>
            <param index="0">
              <value>
                <![CDATA[C900]]>
              </value>
            </param>
          </params>
          <reporter-output>
          </reporter-output>
        </test-method> <!-- FeedDelete_before_class -->
        <test-method signature="feedDelete()[pri:0, instance:genericFlow.SocialFeedDelete@74d1dc36]" started-at="2024-05-16T16:19:57 IST" name="feedDelete" finished-at="2024-05-16T16:20:26 IST" duration-ms="28314" status="PASS">
          <reporter-output>
            <line>
              <![CDATA[4923837 : NewsFeed Deleted]]>
            </line>
            <line>
              <![CDATA[4929617 : NewsFeed Deleted]]>
            </line>
            <line>
              <![CDATA[5039055 : NewsFeed Deleted]]>
            </line>
            <line>
              <![CDATA[5039091 : NewsFeed Deleted]]>
            </line>
            <line>
              <![CDATA[5039165 : NewsFeed Deleted]]>
            </line>
            <line>
              <![CDATA[5039208 : NewsFeed Deleted]]>
            </line>
          </reporter-output>
        </test-method> <!-- feedDelete -->
        <test-method is-config="true" signature="FeedDelete_after_class()[pri:0, instance:genericFlow.SocialFeedDelete@74d1dc36]" started-at="2024-05-16T16:20:26 IST" name="FeedDelete_after_class" finished-at="2024-05-16T16:20:26 IST" duration-ms="165" status="PASS">
          <reporter-output>
          </reporter-output>
        </test-method> <!-- FeedDelete_after_class -->
      </class> <!-- genericFlow.SocialFeedDelete -->
    </test> <!-- FeedDelete -->
  </suite> <!-- Suite -->
</testng-results>
