# JRE version: Java(TM) SE Runtime Environment (17.0.10+11) (build 17.0.10+11-LTS-240)
# Java VM: Java HotSpot(TM) 64-Bit Server VM (17.0.10+11-LTS-240, mixed mode, sharing, tiered, compressed oops, compressed class ptrs, g1 gc, windows-amd64)
GC Precious Log:
 CPUs: 4 total, 4 available
 Memory: 7890M
 Large Page Support: Disabled
 NUMA Support: Disabled
 Compressed Oops: Enabled (32-bit)
 Heap Region Size: 1M
 Heap Min Capacity: 8M
 Heap Initial Capacity: 124M
 Heap Max Capacity: 1974M
 Pre-touch: Disabled
 Parallel Workers: 4
 Concurrent Workers: 1
 Concurrent Refinement Workers: 4
 Periodic GC: Disabled
Heap:
 garbage-first heap   total 116736K, used 65153K [0x0000000084a00000, 0x0000000100000000)
  region size 1024K, 10 young (10240K), 2 survivors (2048K)
 Metaspace       used 35761K, committed 36288K, reserved 1114112K
  class space    used 3845K, committed 4096K, reserved 1048576K
GC Heap History (20 events):
Event: 21.822 GC heap before
{Heap before GC invocations=19 (full 0):
 garbage-first heap   total 91136K, used 54789K [0x0000000084a00000, 0x0000000100000000)
  region size 1024K, 4 young (4096K), 3 survivors (3072K)
 Metaspace       used 30508K, committed 30912K, reserved 1114112K
  class space    used 3414K, committed 3584K, reserved 1048576K
}
Event: 21.824 GC heap after
{Heap after GC invocations=20 (full 0):
 garbage-first heap   total 91136K, used 55432K [0x0000000084a00000, 0x0000000100000000)
  region size 1024K, 1 young (1024K), 1 survivors (1024K)
 Metaspace       used 30508K, committed 30912K, reserved 1114112K
  class space    used 3414K, committed 3584K, reserved 1048576K
}
Event: 22.536 GC heap before
{Heap before GC invocations=21 (full 0):
 garbage-first heap   total 97280K, used 70792K [0x0000000084a00000, 0x0000000100000000)
  region size 1024K, 15 young (15360K), 1 survivors (1024K)
 Metaspace       used 30712K, committed 31104K, reserved 1114112K
  class space    used 3426K, committed 3648K, reserved 1048576K
}
Event: 22.540 GC heap after
{Heap after GC invocations=22 (full 0):
 garbage-first heap   total 97280K, used 58920K [0x0000000084a00000, 0x0000000100000000)
  region size 1024K, 2 young (2048K), 2 survivors (2048K)
 Metaspace       used 30712K, committed 31104K, reserved 1114112K
  class space    used 3426K, committed 3648K, reserved 1048576K
}
Event: 22.591 GC heap before
{Heap before GC invocations=22 (full 0):
 garbage-first heap   total 97280K, used 60968K [0x0000000084a00000, 0x0000000100000000)
  region size 1024K, 4 young (4096K), 2 survivors (2048K)
 Metaspace       used 30715K, committed 31104K, reserved 1114112K
  class space    used 3426K, committed 3648K, reserved 1048576K
}
Event: 22.596 GC heap after
{Heap after GC invocations=23 (full 0):
 garbage-first heap   total 116736K, used 58381K [0x0000000084a00000, 0x0000000100000000)
  region size 1024K, 1 young (1024K), 1 survivors (1024K)
 Metaspace       used 30715K, committed 31104K, reserved 1114112K
  class space    used 3426K, committed 3648K, reserved 1048576K
}
Event: 23.113 GC heap before
{Heap before GC invocations=23 (full 0):
 garbage-first heap   total 116736K, used 72717K [0x0000000084a00000, 0x0000000100000000)
  region size 1024K, 16 young (16384K), 1 survivors (1024K)
 Metaspace       used 31696K, committed 32064K, reserved 1114112K
  class space    used 3540K, committed 3712K, reserved 1048576K
}
Event: 23.117 GC heap after
{Heap after GC invocations=24 (full 0):
 garbage-first heap   total 116736K, used 59747K [0x0000000084a00000, 0x0000000100000000)
  region size 1024K, 2 young (2048K), 2 survivors (2048K)
 Metaspace       used 31696K, committed 32064K, reserved 1114112K
  class space    used 3540K, committed 3712K, reserved 1048576K
}
Event: 23.996 GC heap before
{Heap before GC invocations=25 (full 0):
 garbage-first heap   total 116736K, used 86371K [0x0000000084a00000, 0x0000000100000000)
  region size 1024K, 26 young (26624K), 2 survivors (2048K)
 Metaspace       used 32878K, committed 33344K, reserved 1114112K
  class space    used 3625K, committed 3840K, reserved 1048576K
}
Event: 24.002 GC heap after
{Heap after GC invocations=26 (full 0):
 garbage-first heap   total 116736K, used 62485K [0x0000000084a00000, 0x0000000100000000)
  region size 1024K, 4 young (4096K), 4 survivors (4096K)
 Metaspace       used 32878K, committed 33344K, reserved 1114112K
  class space    used 3625K, committed 3840K, reserved 1048576K
}
Event: 24.019 GC heap before
{Heap before GC invocations=26 (full 0):
 garbage-first heap   total 116736K, used 63509K [0x0000000084a00000, 0x0000000100000000)
  region size 1024K, 5 young (5120K), 4 survivors (4096K)
 Metaspace       used 32895K, committed 33344K, reserved 1114112K
  class space    used 3625K, committed 3840K, reserved 1048576K
}
Event: 24.025 GC heap after
{Heap after GC invocations=27 (full 0):
 garbage-first heap   total 116736K, used 62296K [0x0000000084a00000, 0x0000000100000000)
  region size 1024K, 1 young (1024K), 1 survivors (1024K)
 Metaspace       used 32895K, committed 33344K, reserved 1114112K
  class space    used 3625K, committed 3840K, reserved 1048576K
}
Event: 24.488 GC heap before
{Heap before GC invocations=27 (full 0):
 garbage-first heap   total 116736K, used 86872K [0x0000000084a00000, 0x0000000100000000)
  region size 1024K, 25 young (25600K), 1 survivors (1024K)
 Metaspace       used 33138K, committed 33600K, reserved 1114112K
  class space    used 3625K, committed 3840K, reserved 1048576K
}
Event: 24.491 GC heap after
{Heap after GC invocations=28 (full 0):
 garbage-first heap   total 116736K, used 62406K [0x0000000084a00000, 0x0000000100000000)
  region size 1024K, 1 young (1024K), 1 survivors (1024K)
 Metaspace       used 33138K, committed 33600K, reserved 1114112K
  class space    used 3625K, committed 3840K, reserved 1048576K
}
Event: 25.967 GC heap before
{Heap before GC invocations=29 (full 0):
 garbage-first heap   total 116736K, used 89030K [0x0000000084a00000, 0x0000000100000000)
  region size 1024K, 27 young (27648K), 1 survivors (1024K)
 Metaspace       used 33538K, committed 33920K, reserved 1114112K
  class space    used 3654K, committed 3840K, reserved 1048576K
}
Event: 25.970 GC heap after
{Heap after GC invocations=30 (full 0):
 garbage-first heap   total 116736K, used 61129K [0x0000000084a00000, 0x0000000100000000)
  region size 1024K, 2 young (2048K), 2 survivors (2048K)
 Metaspace       used 33538K, committed 33920K, reserved 1114112K
  class space    used 3654K, committed 3840K, reserved 1048576K
}
Event: 26.038 GC heap before
{Heap before GC invocations=30 (full 0):
 garbage-first heap   total 116736K, used 63177K [0x0000000084a00000, 0x0000000100000000)
  region size 1024K, 5 young (5120K), 2 survivors (2048K)
 Metaspace       used 33790K, committed 34176K, reserved 1114112K
  class space    used 3664K, committed 3840K, reserved 1048576K
}
Event: 26.041 GC heap after
{Heap after GC invocations=31 (full 0):
 garbage-first heap   total 116736K, used 61221K [0x0000000084a00000, 0x0000000100000000)
  region size 1024K, 1 young (1024K), 1 survivors (1024K)
 Metaspace       used 33790K, committed 34176K, reserved 1114112K
  class space    used 3664K, committed 3840K, reserved 1048576K
}
Event: 27.200 GC heap before
{Heap before GC invocations=31 (full 0):
 garbage-first heap   total 116736K, used 90917K [0x0000000084a00000, 0x0000000100000000)
  region size 1024K, 30 young (30720K), 1 survivors (1024K)
 Metaspace       used 34962K, committed 35456K, reserved 1114112K
  class space    used 3777K, committed 4032K, reserved 1048576K
}
Event: 27.202 GC heap after
{Heap after GC invocations=32 (full 0):
 garbage-first heap   total 116736K, used 62081K [0x0000000084a00000, 0x0000000100000000)
  region size 1024K, 2 young (2048K), 2 survivors (2048K)
 Metaspace       used 34962K, committed 35456K, reserved 1114112K
  class space    used 3777K, committed 4032K, reserved 1048576K
}

