# JRE version: Java(TM) SE Runtime Environment (17.0.10+11) (build 17.0.10+11-LTS-240)
# Java VM: Java HotSpot(TM) 64-Bit Server VM (17.0.10+11-LTS-240, mixed mode, sharing, tiered, compressed oops, compressed class ptrs, g1 gc, windows-amd64)
GC Precious Log:
 CPUs: 4 total, 4 available
 Memory: 7890M
 Large Page Support: Disabled
 NUMA Support: Disabled
 Compressed Oops: Enabled (32-bit)
 Heap Region Size: 1M
 Heap Min Capacity: 8M
 Heap Initial Capacity: 124M
 Heap Max Capacity: 1974M
 Pre-touch: Disabled
 Parallel Workers: 4
 Concurrent Workers: 1
 Concurrent Refinement Workers: 4
 Periodic GC: Disabled
Heap:
 garbage-first heap   total 167936K, used 95804K [0x0000000084a00000, 0x0000000100000000)
  region size 1024K, 78 young (79872K), 5 survivors (5120K)
 Metaspace       used 31470K, committed 31872K, reserved 1114112K
  class space    used 3720K, committed 3904K, reserved 1048576K
GC Heap History (20 events):
Event: 49.476 GC heap before
{Heap before GC invocations=77 (full 0):
 garbage-first heap   total 167936K, used 117952K [0x0000000084a00000, 0x0000000100000000)
  region size 1024K, 98 young (100352K), 2 survivors (2048K)
 Metaspace       used 31428K, committed 31808K, reserved 1114112K
  class space    used 3719K, committed 3904K, reserved 1048576K
}
Event: 49.477 GC heap after
{Heap after GC invocations=78 (full 0):
 garbage-first heap   total 167936K, used 19837K [0x0000000084a00000, 0x0000000100000000)
  region size 1024K, 2 young (2048K), 2 survivors (2048K)
 Metaspace       used 31428K, committed 31808K, reserved 1114112K
  class space    used 3719K, committed 3904K, reserved 1048576K
}
Event: 49.760 GC heap before
{Heap before GC invocations=78 (full 0):
 garbage-first heap   total 167936K, used 117117K [0x0000000084a00000, 0x0000000100000000)
  region size 1024K, 98 young (100352K), 2 survivors (2048K)
 Metaspace       used 31432K, committed 31808K, reserved 1114112K
  class space    used 3719K, committed 3904K, reserved 1048576K
}
Event: 49.763 GC heap after
{Heap after GC invocations=79 (full 0):
 garbage-first heap   total 167936K, used 19692K [0x0000000084a00000, 0x0000000100000000)
  region size 1024K, 2 young (2048K), 2 survivors (2048K)
 Metaspace       used 31432K, committed 31808K, reserved 1114112K
  class space    used 3719K, committed 3904K, reserved 1048576K
}
Event: 50.035 GC heap before
{Heap before GC invocations=79 (full 0):
 garbage-first heap   total 167936K, used 116972K [0x0000000084a00000, 0x0000000100000000)
  region size 1024K, 98 young (100352K), 2 survivors (2048K)
 Metaspace       used 31435K, committed 31808K, reserved 1114112K
  class space    used 3719K, committed 3904K, reserved 1048576K
}
Event: 50.039 GC heap after
{Heap after GC invocations=80 (full 0):
 garbage-first heap   total 167936K, used 22527K [0x0000000084a00000, 0x0000000100000000)
  region size 1024K, 4 young (4096K), 4 survivors (4096K)
 Metaspace       used 31435K, committed 31808K, reserved 1114112K
  class space    used 3719K, committed 3904K, reserved 1048576K
}
Event: 50.322 GC heap before
{Heap before GC invocations=80 (full 0):
 garbage-first heap   total 167936K, used 118783K [0x0000000084a00000, 0x0000000100000000)
  region size 1024K, 98 young (100352K), 4 survivors (4096K)
 Metaspace       used 31438K, committed 31808K, reserved 1114112K
  class space    used 3719K, committed 3904K, reserved 1048576K
}
Event: 50.324 GC heap after
{Heap after GC invocations=81 (full 0):
 garbage-first heap   total 167936K, used 20024K [0x0000000084a00000, 0x0000000100000000)
  region size 1024K, 2 young (2048K), 2 survivors (2048K)
 Metaspace       used 31438K, committed 31808K, reserved 1114112K
  class space    used 3719K, committed 3904K, reserved 1048576K
}
Event: 50.604 GC heap before
{Heap before GC invocations=81 (full 0):
 garbage-first heap   total 167936K, used 118328K [0x0000000084a00000, 0x0000000100000000)
  region size 1024K, 98 young (100352K), 2 survivors (2048K)
 Metaspace       used 31438K, committed 31808K, reserved 1114112K
  class space    used 3719K, committed 3904K, reserved 1048576K
}
Event: 50.606 GC heap after
{Heap after GC invocations=82 (full 0):
 garbage-first heap   total 167936K, used 19057K [0x0000000084a00000, 0x0000000100000000)
  region size 1024K, 1 young (1024K), 1 survivors (1024K)
 Metaspace       used 31438K, committed 31808K, reserved 1114112K
  class space    used 3719K, committed 3904K, reserved 1048576K
}
Event: 50.842 GC heap before
{Heap before GC invocations=82 (full 0):
 garbage-first heap   total 167936K, used 118385K [0x0000000084a00000, 0x0000000100000000)
  region size 1024K, 98 young (100352K), 1 survivors (1024K)
 Metaspace       used 31447K, committed 31808K, reserved 1114112K
  class space    used 3719K, committed 3904K, reserved 1048576K
}
Event: 50.843 GC heap after
{Heap after GC invocations=83 (full 0):
 garbage-first heap   total 167936K, used 19824K [0x0000000084a00000, 0x0000000100000000)
  region size 1024K, 2 young (2048K), 2 survivors (2048K)
 Metaspace       used 31447K, committed 31808K, reserved 1114112K
  class space    used 3719K, committed 3904K, reserved 1048576K
}
Event: 51.125 GC heap before
{Heap before GC invocations=83 (full 0):
 garbage-first heap   total 167936K, used 118128K [0x0000000084a00000, 0x0000000100000000)
  region size 1024K, 98 young (100352K), 2 survivors (2048K)
 Metaspace       used 31458K, committed 31808K, reserved 1114112K
  class space    used 3719K, committed 3904K, reserved 1048576K
}
Event: 51.127 GC heap after
{Heap after GC invocations=84 (full 0):
 garbage-first heap   total 167936K, used 19693K [0x0000000084a00000, 0x0000000100000000)
  region size 1024K, 2 young (2048K), 2 survivors (2048K)
 Metaspace       used 31458K, committed 31808K, reserved 1114112K
  class space    used 3719K, committed 3904K, reserved 1048576K
}
Event: 51.419 GC heap before
{Heap before GC invocations=84 (full 0):
 garbage-first heap   total 167936K, used 116973K [0x0000000084a00000, 0x0000000100000000)
  region size 1024K, 98 young (100352K), 2 survivors (2048K)
 Metaspace       used 31459K, committed 31808K, reserved 1114112K
  class space    used 3719K, committed 3904K, reserved 1048576K
}
Event: 51.422 GC heap after
{Heap after GC invocations=85 (full 0):
 garbage-first heap   total 167936K, used 21740K [0x0000000084a00000, 0x0000000100000000)
  region size 1024K, 4 young (4096K), 4 survivors (4096K)
 Metaspace       used 31459K, committed 31808K, reserved 1114112K
  class space    used 3719K, committed 3904K, reserved 1048576K
}
Event: 51.712 GC heap before
{Heap before GC invocations=85 (full 0):
 garbage-first heap   total 167936K, used 117996K [0x0000000084a00000, 0x0000000100000000)
  region size 1024K, 98 young (100352K), 4 survivors (4096K)
 Metaspace       used 31468K, committed 31872K, reserved 1114112K
  class space    used 3719K, committed 3904K, reserved 1048576K
}
Event: 51.714 GC heap after
{Heap after GC invocations=86 (full 0):
 garbage-first heap   total 167936K, used 19844K [0x0000000084a00000, 0x0000000100000000)
  region size 1024K, 2 young (2048K), 2 survivors (2048K)
 Metaspace       used 31468K, committed 31872K, reserved 1114112K
  class space    used 3719K, committed 3904K, reserved 1048576K
}
Event: 51.990 GC heap before
{Heap before GC invocations=86 (full 0):
 garbage-first heap   total 167936K, used 117124K [0x0000000084a00000, 0x0000000100000000)
  region size 1024K, 98 young (100352K), 2 survivors (2048K)
 Metaspace       used 31470K, committed 31872K, reserved 1114112K
  class space    used 3720K, committed 3904K, reserved 1048576K
}
Event: 51.993 GC heap after
{Heap after GC invocations=87 (full 0):
 garbage-first heap   total 167936K, used 23100K [0x0000000084a00000, 0x0000000100000000)
  region size 1024K, 5 young (5120K), 5 survivors (5120K)
 Metaspace       used 31470K, committed 31872K, reserved 1114112K
  class space    used 3720K, committed 3904K, reserved 1048576K
}

