# JRE version: Java(TM) SE Runtime Environment (17.0.10+11) (build 17.0.10+11-LTS-240)
# Java VM: Java HotSpot(TM) 64-Bit Server VM (17.0.10+11-LTS-240, mixed mode, sharing, tiered, compressed oops, compressed class ptrs, g1 gc, windows-amd64)
GC Precious Log:
 CPUs: 4 total, 4 available
 Memory: 7890M
 Large Page Support: Disabled
 NUMA Support: Disabled
 Compressed Oops: Enabled (32-bit)
 Heap Region Size: 1M
 Heap Min Capacity: 8M
 Heap Initial Capacity: 124M
 Heap Max Capacity: 1974M
 Pre-touch: Disabled
 Parallel Workers: 4
 Concurrent Workers: 1
 Concurrent Refinement Workers: 4
 Periodic GC: Disabled
Heap:
 garbage-first heap   total 129024K, used 52417K [0x0000000084a00000, 0x0000000100000000)
  region size 1024K, 27 young (27648K), 5 survivors (5120K)
 Metaspace       used 30958K, committed 31296K, reserved 1114112K
  class space    used 3714K, committed 3904K, reserved 1048576K
GC Heap History (20 events):
Event: 26.645 GC heap before
{Heap before GC invocations=6 (full 0):
 garbage-first heap   total 66560K, used 18973K [0x0000000084a00000, 0x0000000100000000)
  region size 1024K, 4 young (4096K), 3 survivors (3072K)
 Metaspace       used 27941K, committed 28288K, reserved 1114112K
  class space    used 3378K, committed 3584K, reserved 1048576K
}
Event: 26.649 GC heap after
{Heap after GC invocations=7 (full 0):
 garbage-first heap   total 66560K, used 17836K [0x0000000084a00000, 0x0000000100000000)
  region size 1024K, 1 young (1024K), 1 survivors (1024K)
 Metaspace       used 27941K, committed 28288K, reserved 1114112K
  class space    used 3378K, committed 3584K, reserved 1048576K
}
Event: 27.187 GC heap before
{Heap before GC invocations=7 (full 0):
 garbage-first heap   total 66560K, used 45484K [0x0000000084a00000, 0x0000000100000000)
  region size 1024K, 28 young (28672K), 1 survivors (1024K)
 Metaspace       used 28489K, committed 28800K, reserved 1114112K
  class space    used 3407K, committed 3584K, reserved 1048576K
}
Event: 27.190 GC heap after
{Heap after GC invocations=8 (full 0):
 garbage-first heap   total 66560K, used 21132K [0x0000000084a00000, 0x0000000100000000)
  region size 1024K, 4 young (4096K), 4 survivors (4096K)
 Metaspace       used 28489K, committed 28800K, reserved 1114112K
  class space    used 3407K, committed 3584K, reserved 1048576K
}
Event: 35.426 GC heap before
{Heap before GC invocations=8 (full 0):
 garbage-first heap   total 66560K, used 46732K [0x0000000084a00000, 0x0000000100000000)
  region size 1024K, 29 young (29696K), 4 survivors (4096K)
 Metaspace       used 30649K, committed 30976K, reserved 1114112K
  class space    used 3690K, committed 3840K, reserved 1048576K
}
Event: 35.430 GC heap after
{Heap after GC invocations=9 (full 0):
 garbage-first heap   total 66560K, used 22305K [0x0000000084a00000, 0x0000000100000000)
  region size 1024K, 2 young (2048K), 2 survivors (2048K)
 Metaspace       used 30649K, committed 30976K, reserved 1114112K
  class space    used 3690K, committed 3840K, reserved 1048576K
}
Event: 35.514 GC heap before
{Heap before GC invocations=9 (full 0):
 garbage-first heap   total 66560K, used 46881K [0x0000000084a00000, 0x0000000100000000)
  region size 1024K, 27 young (27648K), 2 survivors (2048K)
 Metaspace       used 30656K, committed 30976K, reserved 1114112K
  class space    used 3690K, committed 3840K, reserved 1048576K
}
Event: 35.519 GC heap after
{Heap after GC invocations=10 (full 0):
 garbage-first heap   total 66560K, used 26248K [0x0000000084a00000, 0x0000000100000000)
  region size 1024K, 4 young (4096K), 4 survivors (4096K)
 Metaspace       used 30656K, committed 30976K, reserved 1114112K
  class space    used 3690K, committed 3840K, reserved 1048576K
}
Event: 35.574 GC heap before
{Heap before GC invocations=10 (full 0):
 garbage-first heap   total 66560K, used 46728K [0x0000000084a00000, 0x0000000100000000)
  region size 1024K, 25 young (25600K), 4 survivors (4096K)
 Metaspace       used 30752K, committed 31104K, reserved 1114112K
  class space    used 3704K, committed 3904K, reserved 1048576K
}
Event: 35.577 GC heap after
{Heap after GC invocations=11 (full 0):
 garbage-first heap   total 66560K, used 27974K [0x0000000084a00000, 0x0000000100000000)
  region size 1024K, 2 young (2048K), 2 survivors (2048K)
 Metaspace       used 30752K, committed 31104K, reserved 1114112K
  class space    used 3704K, committed 3904K, reserved 1048576K
}
Event: 35.662 GC heap before
{Heap before GC invocations=11 (full 0):
 garbage-first heap   total 66560K, used 47430K [0x0000000084a00000, 0x0000000100000000)
  region size 1024K, 22 young (22528K), 2 survivors (2048K)
 Metaspace       used 30788K, committed 31168K, reserved 1114112K
  class space    used 3704K, committed 3904K, reserved 1048576K
}
Event: 35.664 GC heap after
{Heap after GC invocations=12 (full 0):
 garbage-first heap   total 66560K, used 27841K [0x0000000084a00000, 0x0000000100000000)
  region size 1024K, 2 young (2048K), 2 survivors (2048K)
 Metaspace       used 30788K, committed 31168K, reserved 1114112K
  class space    used 3704K, committed 3904K, reserved 1048576K
}
Event: 35.717 GC heap before
{Heap before GC invocations=12 (full 0):
 garbage-first heap   total 66560K, used 48321K [0x0000000084a00000, 0x0000000100000000)
  region size 1024K, 23 young (23552K), 2 survivors (2048K)
 Metaspace       used 30814K, committed 31168K, reserved 1114112K
  class space    used 3704K, committed 3904K, reserved 1048576K
}
Event: 35.718 GC heap after
{Heap after GC invocations=13 (full 0):
 garbage-first heap   total 129024K, used 27727K [0x0000000084a00000, 0x0000000100000000)
  region size 1024K, 2 young (2048K), 2 survivors (2048K)
 Metaspace       used 30814K, committed 31168K, reserved 1114112K
  class space    used 3704K, committed 3904K, reserved 1048576K
}
Event: 35.881 GC heap before
{Heap before GC invocations=13 (full 0):
 garbage-first heap   total 129024K, used 91215K [0x0000000084a00000, 0x0000000100000000)
  region size 1024K, 64 young (65536K), 2 survivors (2048K)
 Metaspace       used 30839K, committed 31168K, reserved 1114112K
  class space    used 3704K, committed 3904K, reserved 1048576K
}
Event: 35.883 GC heap after
{Heap after GC invocations=14 (full 0):
 garbage-first heap   total 129024K, used 27861K [0x0000000084a00000, 0x0000000100000000)
  region size 1024K, 2 young (2048K), 2 survivors (2048K)
 Metaspace       used 30839K, committed 31168K, reserved 1114112K
  class space    used 3704K, committed 3904K, reserved 1048576K
}
Event: 36.055 GC heap before
{Heap before GC invocations=14 (full 0):
 garbage-first heap   total 129024K, used 102613K [0x0000000084a00000, 0x0000000100000000)
  region size 1024K, 75 young (76800K), 2 survivors (2048K)
 Metaspace       used 30920K, committed 31296K, reserved 1114112K
  class space    used 3713K, committed 3904K, reserved 1048576K
}
Event: 36.057 GC heap after
{Heap after GC invocations=15 (full 0):
 garbage-first heap   total 129024K, used 27734K [0x0000000084a00000, 0x0000000100000000)
  region size 1024K, 2 young (2048K), 2 survivors (2048K)
 Metaspace       used 30920K, committed 31296K, reserved 1114112K
  class space    used 3713K, committed 3904K, reserved 1048576K
}
Event: 36.255 GC heap before
{Heap before GC invocations=15 (full 0):
 garbage-first heap   total 129024K, used 102486K [0x0000000084a00000, 0x0000000100000000)
  region size 1024K, 75 young (76800K), 2 survivors (2048K)
 Metaspace       used 30958K, committed 31296K, reserved 1114112K
  class space    used 3714K, committed 3904K, reserved 1048576K
}
Event: 36.258 GC heap after
{Heap after GC invocations=16 (full 0):
 garbage-first heap   total 129024K, used 30913K [0x0000000084a00000, 0x0000000100000000)
  region size 1024K, 5 young (5120K), 5 survivors (5120K)
 Metaspace       used 30958K, committed 31296K, reserved 1114112K
  class space    used 3714K, committed 3904K, reserved 1048576K
}

