# JRE version: Java(TM) SE Runtime Environment (17.0.10+11) (build 17.0.10+11-LTS-240)
# Java VM: Java HotSpot(TM) 64-Bit Server VM (17.0.10+11-LTS-240, mixed mode, sharing, tiered, compressed oops, compressed class ptrs, g1 gc, windows-amd64)
GC Precious Log:
 CPUs: 4 total, 4 available
 Memory: 7890M
 Large Page Support: Disabled
 NUMA Support: Disabled
 Compressed Oops: Enabled (32-bit)
 Heap Region Size: 1M
 Heap Min Capacity: 8M
 Heap Initial Capacity: 124M
 Heap Max Capacity: 1974M
 Pre-touch: Disabled
 Parallel Workers: 4
 Concurrent Workers: 1
 Concurrent Refinement Workers: 4
 Periodic GC: Disabled
Heap:
 garbage-first heap   total 166912K, used 92158K [0x0000000084a00000, 0x0000000100000000)
  region size 1024K, 34 young (34816K), 4 survivors (4096K)
 Metaspace       used 33622K, committed 34048K, reserved 1114112K
  class space    used 3661K, committed 3904K, reserved 1048576K
GC Heap History (20 events):
Event: 5.248 GC heap before
{Heap before GC invocations=7 (full 0):
 garbage-first heap   total 68608K, used 21471K [0x0000000084a00000, 0x0000000100000000)
  region size 1024K, 3 young (3072K), 2 survivors (2048K)
 Metaspace       used 21729K, committed 22144K, reserved 1114112K
  class space    used 2442K, committed 2624K, reserved 1048576K
}
Event: 5.250 GC heap after
{Heap after GC invocations=8 (full 0):
 garbage-first heap   total 68608K, used 21053K [0x0000000084a00000, 0x0000000100000000)
  region size 1024K, 1 young (1024K), 1 survivors (1024K)
 Metaspace       used 21729K, committed 22144K, reserved 1114112K
  class space    used 2442K, committed 2624K, reserved 1048576K
}
Event: 6.265 GC heap before
{Heap before GC invocations=8 (full 0):
 garbage-first heap   total 68608K, used 54845K [0x0000000084a00000, 0x0000000100000000)
  region size 1024K, 32 young (32768K), 1 survivors (1024K)
 Metaspace       used 28285K, committed 28672K, reserved 1114112K
  class space    used 3238K, committed 3456K, reserved 1048576K
}
Event: 6.268 GC heap after
{Heap after GC invocations=9 (full 0):
 garbage-first heap   total 68608K, used 26199K [0x0000000084a00000, 0x0000000100000000)
  region size 1024K, 4 young (4096K), 4 survivors (4096K)
 Metaspace       used 28285K, committed 28672K, reserved 1114112K
  class space    used 3238K, committed 3456K, reserved 1048576K
}
Event: 6.746 GC heap before
{Heap before GC invocations=9 (full 0):
 garbage-first heap   total 68608K, used 52823K [0x0000000084a00000, 0x0000000100000000)
  region size 1024K, 29 young (29696K), 4 survivors (4096K)
 Metaspace       used 29748K, committed 30144K, reserved 1114112K
  class space    used 3356K, committed 3584K, reserved 1048576K
}
Event: 6.752 GC heap after
{Heap after GC invocations=10 (full 0):
 garbage-first heap   total 68608K, used 35908K [0x0000000084a00000, 0x0000000100000000)
  region size 1024K, 4 young (4096K), 4 survivors (4096K)
 Metaspace       used 29748K, committed 30144K, reserved 1114112K
  class space    used 3356K, committed 3584K, reserved 1048576K
}
Event: 6.772 GC heap before
{Heap before GC invocations=10 (full 0):
 garbage-first heap   total 68608K, used 37956K [0x0000000084a00000, 0x0000000100000000)
  region size 1024K, 7 young (7168K), 4 survivors (4096K)
 Metaspace       used 29764K, committed 30144K, reserved 1114112K
  class space    used 3356K, committed 3584K, reserved 1048576K
}
Event: 6.775 GC heap after
{Heap after GC invocations=11 (full 0):
 garbage-first heap   total 110592K, used 36806K [0x0000000084a00000, 0x0000000100000000)
  region size 1024K, 1 young (1024K), 1 survivors (1024K)
 Metaspace       used 29764K, committed 30144K, reserved 1114112K
  class space    used 3356K, committed 3584K, reserved 1048576K
}
Event: 7.104 GC heap before
{Heap before GC invocations=11 (full 0):
 garbage-first heap   total 110592K, used 70598K [0x0000000084a00000, 0x0000000100000000)
  region size 1024K, 32 young (32768K), 1 survivors (1024K)
 Metaspace       used 29808K, committed 30272K, reserved 1114112K
  class space    used 3359K, committed 3584K, reserved 1048576K
}
Event: 7.109 GC heap after
{Heap after GC invocations=12 (full 0):
 garbage-first heap   total 110592K, used 48744K [0x0000000084a00000, 0x0000000100000000)
  region size 1024K, 4 young (4096K), 4 survivors (4096K)
 Metaspace       used 29808K, committed 30272K, reserved 1114112K
  class space    used 3359K, committed 3584K, reserved 1048576K
}
Event: 7.429 GC heap before
{Heap before GC invocations=12 (full 0):
 garbage-first heap   total 110592K, used 74344K [0x0000000084a00000, 0x0000000100000000)
  region size 1024K, 29 young (29696K), 4 survivors (4096K)
 Metaspace       used 30453K, committed 30912K, reserved 1114112K
  class space    used 3412K, committed 3648K, reserved 1048576K
}
Event: 7.435 GC heap after
{Heap after GC invocations=13 (full 0):
 garbage-first heap   total 110592K, used 54500K [0x0000000084a00000, 0x0000000100000000)
  region size 1024K, 4 young (4096K), 4 survivors (4096K)
 Metaspace       used 30453K, committed 30912K, reserved 1114112K
  class space    used 3412K, committed 3648K, reserved 1048576K
}
Event: 7.453 GC heap before
{Heap before GC invocations=13 (full 0):
 garbage-first heap   total 110592K, used 54500K [0x0000000084a00000, 0x0000000100000000)
  region size 1024K, 5 young (5120K), 4 survivors (4096K)
 Metaspace       used 30457K, committed 30912K, reserved 1114112K
  class space    used 3412K, committed 3648K, reserved 1048576K
}
Event: 7.456 GC heap after
{Heap after GC invocations=14 (full 0):
 garbage-first heap   total 110592K, used 55300K [0x0000000084a00000, 0x0000000100000000)
  region size 1024K, 1 young (1024K), 1 survivors (1024K)
 Metaspace       used 30457K, committed 30912K, reserved 1114112K
  class space    used 3412K, committed 3648K, reserved 1048576K
}
Event: 7.738 GC heap before
{Heap before GC invocations=15 (full 0):
 garbage-first heap   total 110592K, used 79876K [0x0000000084a00000, 0x0000000100000000)
  region size 1024K, 25 young (25600K), 1 survivors (1024K)
 Metaspace       used 30684K, committed 31104K, reserved 1114112K
  class space    used 3428K, committed 3648K, reserved 1048576K
}
Event: 7.742 GC heap after
{Heap after GC invocations=16 (full 0):
 garbage-first heap   total 110592K, used 59344K [0x0000000084a00000, 0x0000000100000000)
  region size 1024K, 4 young (4096K), 4 survivors (4096K)
 Metaspace       used 30684K, committed 31104K, reserved 1114112K
  class space    used 3428K, committed 3648K, reserved 1048576K
}
Event: 7.904 GC heap before
{Heap before GC invocations=16 (full 0):
 garbage-first heap   total 110592K, used 66512K [0x0000000084a00000, 0x0000000100000000)
  region size 1024K, 12 young (12288K), 4 survivors (4096K)
 Metaspace       used 31575K, committed 32000K, reserved 1114112K
  class space    used 3537K, committed 3776K, reserved 1048576K
}
Event: 7.913 GC heap after
{Heap after GC invocations=17 (full 0):
 garbage-first heap   total 166912K, used 60242K [0x0000000084a00000, 0x0000000100000000)
  region size 1024K, 1 young (1024K), 1 survivors (1024K)
 Metaspace       used 31575K, committed 32000K, reserved 1114112K
  class space    used 3537K, committed 3776K, reserved 1048576K
}
Event: 8.806 GC heap before
{Heap before GC invocations=17 (full 0):
 garbage-first heap   total 166912K, used 114514K [0x0000000084a00000, 0x0000000100000000)
  region size 1024K, 52 young (53248K), 1 survivors (1024K)
 Metaspace       used 33025K, committed 33472K, reserved 1114112K
  class space    used 3623K, committed 3840K, reserved 1048576K
}
Event: 8.812 GC heap after
{Heap after GC invocations=18 (full 0):
 garbage-first heap   total 166912K, used 63486K [0x0000000084a00000, 0x0000000100000000)
  region size 1024K, 4 young (4096K), 4 survivors (4096K)
 Metaspace       used 33025K, committed 33472K, reserved 1114112K
  class space    used 3623K, committed 3840K, reserved 1048576K
}

