# JRE version: Java(TM) SE Runtime Environment (17.0.10+11) (build 17.0.10+11-LTS-240)
# Java VM: Java HotSpot(TM) 64-Bit Server VM (17.0.10+11-LTS-240, mixed mode, sharing, tiered, compressed oops, compressed class ptrs, g1 gc, windows-amd64)
GC Precious Log:
 CPUs: 4 total, 4 available
 Memory: 7890M
 Large Page Support: Disabled
 NUMA Support: Disabled
 Compressed Oops: Enabled (32-bit)
 Heap Region Size: 1M
 Heap Min Capacity: 8M
 Heap Initial Capacity: 124M
 Heap Max Capacity: 1974M
 Pre-touch: Disabled
 Parallel Workers: 4
 Concurrent Workers: 1
 Concurrent Refinement Workers: 4
 Periodic GC: Disabled
Heap:
 garbage-first heap   total 200704K, used 127807K [0x0000000084a00000, 0x0000000100000000)
  region size 1024K, 105 young (107520K), 2 survivors (2048K)
 Metaspace       used 31622K, committed 32000K, reserved 1114112K
  class space    used 3719K, committed 3904K, reserved 1048576K
GC Heap History (20 events):
Event: 62.767 GC heap before
{Heap before GC invocations=98 (full 0):
 garbage-first heap   total 200704K, used 141092K [0x0000000084a00000, 0x0000000100000000)
  region size 1024K, 117 young (119808K), 2 survivors (2048K)
 Metaspace       used 31606K, committed 31936K, reserved 1114112K
  class space    used 3719K, committed 3904K, reserved 1048576K
}
Event: 62.769 GC heap after
{Heap after GC invocations=99 (full 0):
 garbage-first heap   total 200704K, used 26859K [0x0000000084a00000, 0x0000000100000000)
  region size 1024K, 4 young (4096K), 4 survivors (4096K)
 Metaspace       used 31606K, committed 31936K, reserved 1114112K
  class space    used 3719K, committed 3904K, reserved 1048576K
}
Event: 62.984 GC heap before
{Heap before GC invocations=99 (full 0):
 garbage-first heap   total 200704K, used 142571K [0x0000000084a00000, 0x0000000100000000)
  region size 1024K, 117 young (119808K), 4 survivors (4096K)
 Metaspace       used 31606K, committed 31936K, reserved 1114112K
  class space    used 3719K, committed 3904K, reserved 1048576K
}
Event: 62.991 GC heap after
{Heap after GC invocations=100 (full 0):
 garbage-first heap   total 200704K, used 24373K [0x0000000084a00000, 0x0000000100000000)
  region size 1024K, 2 young (2048K), 2 survivors (2048K)
 Metaspace       used 31606K, committed 31936K, reserved 1114112K
  class space    used 3719K, committed 3904K, reserved 1048576K
}
Event: 63.199 GC heap before
{Heap before GC invocations=100 (full 0):
 garbage-first heap   total 200704K, used 141109K [0x0000000084a00000, 0x0000000100000000)
  region size 1024K, 117 young (119808K), 2 survivors (2048K)
 Metaspace       used 31606K, committed 31936K, reserved 1114112K
  class space    used 3719K, committed 3904K, reserved 1048576K
}
Event: 63.201 GC heap after
{Heap after GC invocations=101 (full 0):
 garbage-first heap   total 200704K, used 24487K [0x0000000084a00000, 0x0000000100000000)
  region size 1024K, 2 young (2048K), 2 survivors (2048K)
 Metaspace       used 31606K, committed 31936K, reserved 1114112K
  class space    used 3719K, committed 3904K, reserved 1048576K
}
Event: 63.374 GC heap before
{Heap before GC invocations=101 (full 0):
 garbage-first heap   total 200704K, used 141223K [0x0000000084a00000, 0x0000000100000000)
  region size 1024K, 117 young (119808K), 2 survivors (2048K)
 Metaspace       used 31606K, committed 31936K, reserved 1114112K
  class space    used 3719K, committed 3904K, reserved 1048576K
}
Event: 63.377 GC heap after
{Heap after GC invocations=102 (full 0):
 garbage-first heap   total 200704K, used 27544K [0x0000000084a00000, 0x0000000100000000)
  region size 1024K, 5 young (5120K), 5 survivors (5120K)
 Metaspace       used 31606K, committed 31936K, reserved 1114112K
  class space    used 3719K, committed 3904K, reserved 1048576K
}
Event: 63.564 GC heap before
{Heap before GC invocations=102 (full 0):
 garbage-first heap   total 200704K, used 141208K [0x0000000084a00000, 0x0000000100000000)
  region size 1024K, 117 young (119808K), 5 survivors (5120K)
 Metaspace       used 31619K, committed 32000K, reserved 1114112K
  class space    used 3719K, committed 3904K, reserved 1048576K
}
Event: 63.565 GC heap after
{Heap after GC invocations=103 (full 0):
 garbage-first heap   total 200704K, used 24566K [0x0000000084a00000, 0x0000000100000000)
  region size 1024K, 2 young (2048K), 2 survivors (2048K)
 Metaspace       used 31619K, committed 32000K, reserved 1114112K
  class space    used 3719K, committed 3904K, reserved 1048576K
}
Event: 63.795 GC heap before
{Heap before GC invocations=103 (full 0):
 garbage-first heap   total 200704K, used 141302K [0x0000000084a00000, 0x0000000100000000)
  region size 1024K, 117 young (119808K), 2 survivors (2048K)
 Metaspace       used 31619K, committed 32000K, reserved 1114112K
  class space    used 3719K, committed 3904K, reserved 1048576K
}
Event: 63.796 GC heap after
{Heap after GC invocations=104 (full 0):
 garbage-first heap   total 200704K, used 24547K [0x0000000084a00000, 0x0000000100000000)
  region size 1024K, 2 young (2048K), 2 survivors (2048K)
 Metaspace       used 31619K, committed 32000K, reserved 1114112K
  class space    used 3719K, committed 3904K, reserved 1048576K
}
Event: 63.994 GC heap before
{Heap before GC invocations=104 (full 0):
 garbage-first heap   total 200704K, used 142307K [0x0000000084a00000, 0x0000000100000000)
  region size 1024K, 117 young (119808K), 2 survivors (2048K)
 Metaspace       used 31619K, committed 32000K, reserved 1114112K
  class space    used 3719K, committed 3904K, reserved 1048576K
}
Event: 63.994 GC heap after
{Heap after GC invocations=105 (full 0):
 garbage-first heap   total 200704K, used 23769K [0x0000000084a00000, 0x0000000100000000)
  region size 1024K, 1 young (1024K), 1 survivors (1024K)
 Metaspace       used 31619K, committed 32000K, reserved 1114112K
  class space    used 3719K, committed 3904K, reserved 1048576K
}
Event: 64.190 GC heap before
{Heap before GC invocations=105 (full 0):
 garbage-first heap   total 200704K, used 141529K [0x0000000084a00000, 0x0000000100000000)
  region size 1024K, 117 young (119808K), 1 survivors (1024K)
 Metaspace       used 31619K, committed 32000K, reserved 1114112K
  class space    used 3719K, committed 3904K, reserved 1048576K
}
Event: 64.191 GC heap after
{Heap after GC invocations=106 (full 0):
 garbage-first heap   total 200704K, used 24360K [0x0000000084a00000, 0x0000000100000000)
  region size 1024K, 2 young (2048K), 2 survivors (2048K)
 Metaspace       used 31619K, committed 32000K, reserved 1114112K
  class space    used 3719K, committed 3904K, reserved 1048576K
}
Event: 64.365 GC heap before
{Heap before GC invocations=106 (full 0):
 garbage-first heap   total 200704K, used 141096K [0x0000000084a00000, 0x0000000100000000)
  region size 1024K, 117 young (119808K), 2 survivors (2048K)
 Metaspace       used 31619K, committed 32000K, reserved 1114112K
  class space    used 3719K, committed 3904K, reserved 1048576K
}
Event: 64.367 GC heap after
{Heap after GC invocations=107 (full 0):
 garbage-first heap   total 200704K, used 26527K [0x0000000084a00000, 0x0000000100000000)
  region size 1024K, 4 young (4096K), 4 survivors (4096K)
 Metaspace       used 31619K, committed 32000K, reserved 1114112K
  class space    used 3719K, committed 3904K, reserved 1048576K
}
Event: 64.532 GC heap before
{Heap before GC invocations=107 (full 0):
 garbage-first heap   total 200704K, used 141215K [0x0000000084a00000, 0x0000000100000000)
  region size 1024K, 117 young (119808K), 4 survivors (4096K)
 Metaspace       used 31622K, committed 32000K, reserved 1114112K
  class space    used 3719K, committed 3904K, reserved 1048576K
}
Event: 64.532 GC heap after
{Heap after GC invocations=108 (full 0):
 garbage-first heap   total 200704K, used 24383K [0x0000000084a00000, 0x0000000100000000)
  region size 1024K, 2 young (2048K), 2 survivors (2048K)
 Metaspace       used 31622K, committed 32000K, reserved 1114112K
  class space    used 3719K, committed 3904K, reserved 1048576K
}

