# JRE version: Java(TM) SE Runtime Environment (17.0.10+11) (build 17.0.10+11-LTS-240)
# Java VM: Java HotSpot(TM) 64-Bit Server VM (17.0.10+11-LTS-240, mixed mode, sharing, tiered, compressed oops, compressed class ptrs, g1 gc, windows-amd64)
GC Precious Log:
 CPUs: 4 total, 4 available
 Memory: 7890M
 Large Page Support: Disabled
 NUMA Support: Disabled
 Compressed Oops: Enabled (32-bit)
 Heap Region Size: 1M
 Heap Min Capacity: 8M
 Heap Initial Capacity: 124M
 Heap Max Capacity: 1974M
 Pre-touch: Disabled
 Parallel Workers: 4
 Concurrent Workers: 1
 Concurrent Refinement Workers: 4
 Periodic GC: Disabled
Heap:
 garbage-first heap   total 109568K, used 83846K [0x0000000084a00000, 0x0000000100000000)
  region size 1024K, 24 young (24576K), 2 survivors (2048K)
 Metaspace       used 35438K, committed 35904K, reserved 1114112K
  class space    used 3814K, committed 4032K, reserved 1048576K
GC Heap History (20 events):
Event: 32.385 GC heap before
{Heap before GC invocations=11 (full 0):
 garbage-first heap   total 89088K, used 64707K [0x0000000084a00000, 0x0000000100000000)
  region size 1024K, 27 young (27648K), 1 survivors (1024K)
 Metaspace       used 29848K, committed 30272K, reserved 1114112K
  class space    used 3358K, committed 3584K, reserved 1048576K
}
Event: 32.391 GC heap after
{Heap after GC invocations=12 (full 0):
 garbage-first heap   total 89088K, used 46651K [0x0000000084a00000, 0x0000000100000000)
  region size 1024K, 4 young (4096K), 4 survivors (4096K)
 Metaspace       used 29848K, committed 30272K, reserved 1114112K
  class space    used 3358K, committed 3584K, reserved 1048576K
}
Event: 33.681 GC heap before
{Heap before GC invocations=12 (full 0):
 garbage-first heap   total 89088K, used 65083K [0x0000000084a00000, 0x0000000100000000)
  region size 1024K, 23 young (23552K), 4 survivors (4096K)
 Metaspace       used 30386K, committed 30848K, reserved 1114112K
  class space    used 3410K, committed 3584K, reserved 1048576K
}
Event: 33.693 GC heap after
{Heap after GC invocations=13 (full 0):
 garbage-first heap   total 89088K, used 51661K [0x0000000084a00000, 0x0000000100000000)
  region size 1024K, 3 young (3072K), 3 survivors (3072K)
 Metaspace       used 30386K, committed 30848K, reserved 1114112K
  class space    used 3410K, committed 3584K, reserved 1048576K
}
Event: 33.988 GC heap before
{Heap before GC invocations=14 (full 0):
 garbage-first heap   total 92160K, used 61901K [0x0000000084a00000, 0x0000000100000000)
  region size 1024K, 14 young (14336K), 3 survivors (3072K)
 Metaspace       used 30468K, committed 30912K, reserved 1114112K
  class space    used 3412K, committed 3584K, reserved 1048576K
}
Event: 33.996 GC heap after
{Heap after GC invocations=15 (full 0):
 garbage-first heap   total 92160K, used 54311K [0x0000000084a00000, 0x0000000100000000)
  region size 1024K, 3 young (3072K), 3 survivors (3072K)
 Metaspace       used 30468K, committed 30912K, reserved 1114112K
  class space    used 3412K, committed 3584K, reserved 1048576K
}
Event: 34.497 GC heap before
{Heap before GC invocations=16 (full 0):
 garbage-first heap   total 96256K, used 71719K [0x0000000084a00000, 0x0000000100000000)
  region size 1024K, 19 young (19456K), 3 survivors (3072K)
 Metaspace       used 30667K, committed 31104K, reserved 1114112K
  class space    used 3425K, committed 3648K, reserved 1048576K
}
Event: 34.508 GC heap after
{Heap after GC invocations=17 (full 0):
 garbage-first heap   total 96256K, used 58025K [0x0000000084a00000, 0x0000000100000000)
  region size 1024K, 3 young (3072K), 3 survivors (3072K)
 Metaspace       used 30667K, committed 31104K, reserved 1114112K
  class space    used 3425K, committed 3648K, reserved 1048576K
}
Event: 35.206 GC heap before
{Heap before GC invocations=17 (full 0):
 garbage-first heap   total 96256K, used 72361K [0x0000000084a00000, 0x0000000100000000)
  region size 1024K, 18 young (18432K), 3 survivors (3072K)
 Metaspace       used 31627K, committed 32064K, reserved 1114112K
  class space    used 3538K, committed 3712K, reserved 1048576K
}
Event: 35.214 GC heap after
{Heap after GC invocations=18 (full 0):
 garbage-first heap   total 96256K, used 59695K [0x0000000084a00000, 0x0000000100000000)
  region size 1024K, 2 young (2048K), 2 survivors (2048K)
 Metaspace       used 31627K, committed 32064K, reserved 1114112K
  class space    used 3538K, committed 3712K, reserved 1048576K
}
Event: 36.325 GC heap before
{Heap before GC invocations=19 (full 0):
 garbage-first heap   total 106496K, used 78127K [0x0000000084a00000, 0x0000000100000000)
  region size 1024K, 18 young (18432K), 2 survivors (2048K)
 Metaspace       used 32680K, committed 33088K, reserved 1114112K
  class space    used 3620K, committed 3840K, reserved 1048576K
}
Event: 36.332 GC heap after
{Heap after GC invocations=20 (full 0):
 garbage-first heap   total 106496K, used 62161K [0x0000000084a00000, 0x0000000100000000)
  region size 1024K, 3 young (3072K), 3 survivors (3072K)
 Metaspace       used 32680K, committed 33088K, reserved 1114112K
  class space    used 3620K, committed 3840K, reserved 1048576K
}
Event: 39.424 GC heap before
{Heap before GC invocations=20 (full 0):
 garbage-first heap   total 106496K, used 83665K [0x0000000084a00000, 0x0000000100000000)
  region size 1024K, 24 young (24576K), 3 survivors (3072K)
 Metaspace       used 33048K, committed 33536K, reserved 1114112K
  class space    used 3622K, committed 3840K, reserved 1048576K
}
Event: 39.432 GC heap after
{Heap after GC invocations=21 (full 0):
 garbage-first heap   total 106496K, used 62813K [0x0000000084a00000, 0x0000000100000000)
  region size 1024K, 1 young (1024K), 1 survivors (1024K)
 Metaspace       used 33048K, committed 33536K, reserved 1114112K
  class space    used 3622K, committed 3840K, reserved 1048576K
}
Event: 41.016 GC heap before
{Heap before GC invocations=22 (full 0):
 garbage-first heap   total 109568K, used 85341K [0x0000000084a00000, 0x0000000100000000)
  region size 1024K, 23 young (23552K), 1 survivors (1024K)
 Metaspace       used 33202K, committed 33664K, reserved 1114112K
  class space    used 3623K, committed 3840K, reserved 1048576K
}
Event: 41.021 GC heap after
{Heap after GC invocations=23 (full 0):
 garbage-first heap   total 109568K, used 63106K [0x0000000084a00000, 0x0000000100000000)
  region size 1024K, 1 young (1024K), 1 survivors (1024K)
 Metaspace       used 33202K, committed 33664K, reserved 1114112K
  class space    used 3623K, committed 3840K, reserved 1048576K
}
Event: 41.178 GC heap before
{Heap before GC invocations=23 (full 0):
 garbage-first heap   total 109568K, used 67202K [0x0000000084a00000, 0x0000000100000000)
  region size 1024K, 5 young (5120K), 1 survivors (1024K)
 Metaspace       used 33213K, committed 33664K, reserved 1114112K
  class space    used 3623K, committed 3840K, reserved 1048576K
}
Event: 41.182 GC heap after
{Heap after GC invocations=24 (full 0):
 garbage-first heap   total 109568K, used 62918K [0x0000000084a00000, 0x0000000100000000)
  region size 1024K, 1 young (1024K), 1 survivors (1024K)
 Metaspace       used 33213K, committed 33664K, reserved 1114112K
  class space    used 3623K, committed 3840K, reserved 1048576K
}
Event: 44.891 GC heap before
{Heap before GC invocations=24 (full 0):
 garbage-first heap   total 109568K, used 87494K [0x0000000084a00000, 0x0000000100000000)
  region size 1024K, 26 young (26624K), 1 survivors (1024K)
 Metaspace       used 34336K, committed 34816K, reserved 1114112K
  class space    used 3711K, committed 3904K, reserved 1048576K
}
Event: 44.897 GC heap after
{Heap after GC invocations=25 (full 0):
 garbage-first heap   total 109568K, used 62342K [0x0000000084a00000, 0x0000000100000000)
  region size 1024K, 2 young (2048K), 2 survivors (2048K)
 Metaspace       used 34336K, committed 34816K, reserved 1114112K
  class space    used 3711K, committed 3904K, reserved 1048576K
}

