# JRE version: Java(TM) SE Runtime Environment (17.0.10+11) (build 17.0.10+11-LTS-240)
# Java VM: Java HotSpot(TM) 64-Bit Server VM (17.0.10+11-LTS-240, mixed mode, sharing, tiered, compressed oops, compressed class ptrs, g1 gc, windows-amd64)
GC Precious Log:
 CPUs: 4 total, 4 available
 Memory: 7890M
 Large Page Support: Disabled
 NUMA Support: Disabled
 Compressed Oops: Enabled (32-bit)
 Heap Region Size: 1M
 Heap Min Capacity: 8M
 Heap Initial Capacity: 124M
 Heap Max Capacity: 1974M
 Pre-touch: Disabled
 Parallel Workers: 4
 Concurrent Workers: 1
 Concurrent Refinement Workers: 4
 Periodic GC: Disabled
Heap:
 garbage-first heap   total 126976K, used 31898K [0x0000000084a00000, 0x0000000100000000)
  region size 1024K, 2 young (2048K), 2 survivors (2048K)
 Metaspace       used 31175K, committed 31552K, reserved 1114112K
  class space    used 3718K, committed 3904K, reserved 1048576K
GC Heap History (20 events):
Event: 44.006 GC heap after
{Heap after GC invocations=16 (full 0):
 garbage-first heap   total 55296K, used 31505K [0x0000000084a00000, 0x0000000100000000)
  region size 1024K, 2 young (2048K), 2 survivors (2048K)
 Metaspace       used 30954K, committed 31360K, reserved 1114112K
  class space    used 3707K, committed 3904K, reserved 1048576K
}
Event: 44.124 GC heap before
{Heap before GC invocations=17 (full 0):
 garbage-first heap   total 55296K, used 39697K [0x0000000084a00000, 0x0000000100000000)
  region size 1024K, 12 young (12288K), 2 survivors (2048K)
 Metaspace       used 30964K, committed 31360K, reserved 1114112K
  class space    used 3707K, committed 3904K, reserved 1048576K
}
Event: 44.127 GC heap after
{Heap after GC invocations=18 (full 0):
 garbage-first heap   total 55296K, used 30994K [0x0000000084a00000, 0x0000000100000000)
  region size 1024K, 2 young (2048K), 2 survivors (2048K)
 Metaspace       used 30964K, committed 31360K, reserved 1114112K
  class space    used 3707K, committed 3904K, reserved 1048576K
}
Event: 44.135 GC heap before
{Heap before GC invocations=18 (full 0):
 garbage-first heap   total 55296K, used 32018K [0x0000000084a00000, 0x0000000100000000)
  region size 1024K, 3 young (3072K), 2 survivors (2048K)
 Metaspace       used 30964K, committed 31360K, reserved 1114112K
  class space    used 3707K, committed 3904K, reserved 1048576K
}
Event: 44.137 GC heap after
{Heap after GC invocations=19 (full 0):
 garbage-first heap   total 55296K, used 30030K [0x0000000084a00000, 0x0000000100000000)
  region size 1024K, 1 young (1024K), 1 survivors (1024K)
 Metaspace       used 30964K, committed 31360K, reserved 1114112K
  class space    used 3707K, committed 3904K, reserved 1048576K
}
Event: 44.191 GC heap before
{Heap before GC invocations=19 (full 0):
 garbage-first heap   total 55296K, used 40270K [0x0000000084a00000, 0x0000000100000000)
  region size 1024K, 11 young (11264K), 1 survivors (1024K)
 Metaspace       used 30964K, committed 31360K, reserved 1114112K
  class space    used 3707K, committed 3904K, reserved 1048576K
}
Event: 44.194 GC heap after
{Heap after GC invocations=20 (full 0):
 garbage-first heap   total 111616K, used 30676K [0x0000000084a00000, 0x0000000100000000)
  region size 1024K, 1 young (1024K), 1 survivors (1024K)
 Metaspace       used 30964K, committed 31360K, reserved 1114112K
  class space    used 3707K, committed 3904K, reserved 1048576K
}
Event: 44.703 GC heap before
{Heap before GC invocations=21 (full 0):
 garbage-first heap   total 102400K, used 73684K [0x0000000084a00000, 0x0000000100000000)
  region size 1024K, 49 young (50176K), 1 survivors (1024K)
 Metaspace       used 30987K, committed 31360K, reserved 1114112K
  class space    used 3707K, committed 3904K, reserved 1048576K
}
Event: 44.709 GC heap after
{Heap after GC invocations=22 (full 0):
 garbage-first heap   total 102400K, used 29379K [0x0000000084a00000, 0x0000000100000000)
  region size 1024K, 5 young (5120K), 5 survivors (5120K)
 Metaspace       used 30987K, committed 31360K, reserved 1114112K
  class space    used 3707K, committed 3904K, reserved 1048576K
}
Event: 44.717 GC heap before
{Heap before GC invocations=22 (full 0):
 garbage-first heap   total 102400K, used 29379K [0x0000000084a00000, 0x0000000100000000)
  region size 1024K, 6 young (6144K), 5 survivors (5120K)
 Metaspace       used 30987K, committed 31360K, reserved 1114112K
  class space    used 3707K, committed 3904K, reserved 1048576K
}
Event: 44.722 GC heap after
{Heap after GC invocations=23 (full 0):
 garbage-first heap   total 102400K, used 27474K [0x0000000084a00000, 0x0000000100000000)
  region size 1024K, 1 young (1024K), 1 survivors (1024K)
 Metaspace       used 30987K, committed 31360K, reserved 1114112K
  class space    used 3707K, committed 3904K, reserved 1048576K
}
Event: 45.475 GC heap before
{Heap before GC invocations=23 (full 0):
 garbage-first heap   total 102400K, used 73554K [0x0000000084a00000, 0x0000000100000000)
  region size 1024K, 46 young (47104K), 1 survivors (1024K)
 Metaspace       used 31066K, committed 31424K, reserved 1114112K
  class space    used 3717K, committed 3904K, reserved 1048576K
}
Event: 45.482 GC heap after
{Heap after GC invocations=24 (full 0):
 garbage-first heap   total 102400K, used 31691K [0x0000000084a00000, 0x0000000100000000)
  region size 1024K, 5 young (5120K), 5 survivors (5120K)
 Metaspace       used 31066K, committed 31424K, reserved 1114112K
  class space    used 3717K, committed 3904K, reserved 1048576K
}
Event: 46.601 GC heap before
{Heap before GC invocations=24 (full 0):
 garbage-first heap   total 102400K, used 74699K [0x0000000084a00000, 0x0000000100000000)
  region size 1024K, 48 young (49152K), 5 survivors (5120K)
 Metaspace       used 31071K, committed 31424K, reserved 1114112K
  class space    used 3717K, committed 3904K, reserved 1048576K
}
Event: 46.606 GC heap after
{Heap after GC invocations=25 (full 0):
 garbage-first heap   total 102400K, used 31671K [0x0000000084a00000, 0x0000000100000000)
  region size 1024K, 1 young (1024K), 1 survivors (1024K)
 Metaspace       used 31071K, committed 31424K, reserved 1114112K
  class space    used 3717K, committed 3904K, reserved 1048576K
}
Event: 47.158 GC heap before
{Heap before GC invocations=25 (full 0):
 garbage-first heap   total 102400K, used 77751K [0x0000000084a00000, 0x0000000100000000)
  region size 1024K, 46 young (47104K), 1 survivors (1024K)
 Metaspace       used 31075K, committed 31424K, reserved 1114112K
  class space    used 3717K, committed 3904K, reserved 1048576K
}
Event: 47.162 GC heap after
{Heap after GC invocations=26 (full 0):
 garbage-first heap   total 102400K, used 34234K [0x0000000084a00000, 0x0000000100000000)
  region size 1024K, 4 young (4096K), 4 survivors (4096K)
 Metaspace       used 31075K, committed 31424K, reserved 1114112K
  class space    used 3717K, committed 3904K, reserved 1048576K
}
Event: 47.526 GC heap before
{Heap before GC invocations=26 (full 0):
 garbage-first heap   total 102400K, used 77242K [0x0000000084a00000, 0x0000000100000000)
  region size 1024K, 47 young (48128K), 4 survivors (4096K)
 Metaspace       used 31114K, committed 31488K, reserved 1114112K
  class space    used 3717K, committed 3904K, reserved 1048576K
}
Event: 47.532 GC heap after
{Heap after GC invocations=27 (full 0):
 garbage-first heap   total 102400K, used 31899K [0x0000000084a00000, 0x0000000100000000)
  region size 1024K, 2 young (2048K), 2 survivors (2048K)
 Metaspace       used 31114K, committed 31488K, reserved 1114112K
  class space    used 3717K, committed 3904K, reserved 1048576K
}
Event: 48.040 GC heap before
{Heap before GC invocations=27 (full 0):
 garbage-first heap   total 102400K, used 79003K [0x0000000084a00000, 0x0000000100000000)
  region size 1024K, 48 young (49152K), 2 survivors (2048K)
 Metaspace       used 31175K, committed 31552K, reserved 1114112K
  class space    used 3718K, committed 3904K, reserved 1048576K
}

