# JRE version: Java(TM) SE Runtime Environment (17.0.10+11) (build 17.0.10+11-LTS-240)
# Java VM: Java HotSpot(TM) 64-Bit Server VM (17.0.10+11-LTS-240, mixed mode, sharing, tiered, compressed oops, compressed class ptrs, g1 gc, windows-amd64)
GC Precious Log:
 CPUs: 4 total, 4 available
 Memory: 7890M
 Large Page Support: Disabled
 NUMA Support: Disabled
 Compressed Oops: Enabled (32-bit)
 Heap Region Size: 1M
 Heap Min Capacity: 8M
 Heap Initial Capacity: 124M
 Heap Max Capacity: 1974M
 Pre-touch: Disabled
 Parallel Workers: 4
 Concurrent Workers: 1
 Concurrent Refinement Workers: 4
 Periodic GC: Disabled
Heap:
 garbage-first heap   total 129024K, used 24643K [0x0000000084a00000, 0x0000000100000000)
  region size 1024K, 2 young (2048K), 2 survivors (2048K)
 Metaspace       used 31344K, committed 31744K, reserved 1114112K
  class space    used 3719K, committed 3904K, reserved 1048576K
GC Heap History (20 events):
Event: 40.741 GC heap after
{Heap after GC invocations=26 (full 0):
 garbage-first heap   total 129024K, used 23694K [0x0000000084a00000, 0x0000000100000000)
  region size 1024K, 1 young (1024K), 1 survivors (1024K)
 Metaspace       used 31265K, committed 31616K, reserved 1114112K
  class space    used 3719K, committed 3904K, reserved 1048576K
}
Event: 40.886 GC heap before
{Heap before GC invocations=26 (full 0):
 garbage-first heap   total 129024K, used 99470K [0x0000000084a00000, 0x0000000100000000)
  region size 1024K, 75 young (76800K), 1 survivors (1024K)
 Metaspace       used 31286K, committed 31616K, reserved 1114112K
  class space    used 3719K, committed 3904K, reserved 1048576K
}
Event: 40.888 GC heap after
{Heap after GC invocations=27 (full 0):
 garbage-first heap   total 129024K, used 25116K [0x0000000084a00000, 0x0000000100000000)
  region size 1024K, 2 young (2048K), 2 survivors (2048K)
 Metaspace       used 31286K, committed 31616K, reserved 1114112K
  class space    used 3719K, committed 3904K, reserved 1048576K
}
Event: 41.028 GC heap before
{Heap before GC invocations=27 (full 0):
 garbage-first heap   total 129024K, used 98844K [0x0000000084a00000, 0x0000000100000000)
  region size 1024K, 75 young (76800K), 2 survivors (2048K)
 Metaspace       used 31288K, committed 31616K, reserved 1114112K
  class space    used 3719K, committed 3904K, reserved 1048576K
}
Event: 41.029 GC heap after
{Heap after GC invocations=28 (full 0):
 garbage-first heap   total 129024K, used 24741K [0x0000000084a00000, 0x0000000100000000)
  region size 1024K, 2 young (2048K), 2 survivors (2048K)
 Metaspace       used 31288K, committed 31616K, reserved 1114112K
  class space    used 3719K, committed 3904K, reserved 1048576K
}
Event: 41.175 GC heap before
{Heap before GC invocations=28 (full 0):
 garbage-first heap   total 129024K, used 98469K [0x0000000084a00000, 0x0000000100000000)
  region size 1024K, 75 young (76800K), 2 survivors (2048K)
 Metaspace       used 31294K, committed 31616K, reserved 1114112K
  class space    used 3719K, committed 3904K, reserved 1048576K
}
Event: 41.177 GC heap after
{Heap after GC invocations=29 (full 0):
 garbage-first heap   total 129024K, used 24622K [0x0000000084a00000, 0x0000000100000000)
  region size 1024K, 2 young (2048K), 2 survivors (2048K)
 Metaspace       used 31294K, committed 31616K, reserved 1114112K
  class space    used 3719K, committed 3904K, reserved 1048576K
}
Event: 41.321 GC heap before
{Heap before GC invocations=29 (full 0):
 garbage-first heap   total 129024K, used 99374K [0x0000000084a00000, 0x0000000100000000)
  region size 1024K, 75 young (76800K), 2 survivors (2048K)
 Metaspace       used 31302K, committed 31616K, reserved 1114112K
  class space    used 3719K, committed 3904K, reserved 1048576K
}
Event: 41.326 GC heap after
{Heap after GC invocations=30 (full 0):
 garbage-first heap   total 129024K, used 28037K [0x0000000084a00000, 0x0000000100000000)
  region size 1024K, 5 young (5120K), 5 survivors (5120K)
 Metaspace       used 31302K, committed 31616K, reserved 1114112K
  class space    used 3719K, committed 3904K, reserved 1048576K
}
Event: 41.474 GC heap before
{Heap before GC invocations=30 (full 0):
 garbage-first heap   total 129024K, used 99717K [0x0000000084a00000, 0x0000000100000000)
  region size 1024K, 75 young (76800K), 5 survivors (5120K)
 Metaspace       used 31302K, committed 31616K, reserved 1114112K
  class space    used 3719K, committed 3904K, reserved 1048576K
}
Event: 41.476 GC heap after
{Heap after GC invocations=31 (full 0):
 garbage-first heap   total 129024K, used 24827K [0x0000000084a00000, 0x0000000100000000)
  region size 1024K, 2 young (2048K), 2 survivors (2048K)
 Metaspace       used 31302K, committed 31616K, reserved 1114112K
  class space    used 3719K, committed 3904K, reserved 1048576K
}
Event: 41.629 GC heap before
{Heap before GC invocations=31 (full 0):
 garbage-first heap   total 129024K, used 99579K [0x0000000084a00000, 0x0000000100000000)
  region size 1024K, 75 young (76800K), 2 survivors (2048K)
 Metaspace       used 31315K, committed 31680K, reserved 1114112K
  class space    used 3719K, committed 3904K, reserved 1048576K
}
Event: 41.631 GC heap after
{Heap after GC invocations=32 (full 0):
 garbage-first heap   total 129024K, used 24657K [0x0000000084a00000, 0x0000000100000000)
  region size 1024K, 2 young (2048K), 2 survivors (2048K)
 Metaspace       used 31315K, committed 31680K, reserved 1114112K
  class space    used 3719K, committed 3904K, reserved 1048576K
}
Event: 41.853 GC heap before
{Heap before GC invocations=32 (full 0):
 garbage-first heap   total 129024K, used 99409K [0x0000000084a00000, 0x0000000100000000)
  region size 1024K, 75 young (76800K), 2 survivors (2048K)
 Metaspace       used 31321K, committed 31680K, reserved 1114112K
  class space    used 3719K, committed 3904K, reserved 1048576K
}
Event: 41.854 GC heap after
{Heap after GC invocations=33 (full 0):
 garbage-first heap   total 129024K, used 24611K [0x0000000084a00000, 0x0000000100000000)
  region size 1024K, 2 young (2048K), 2 survivors (2048K)
 Metaspace       used 31321K, committed 31680K, reserved 1114112K
  class space    used 3719K, committed 3904K, reserved 1048576K
}
Event: 42.046 GC heap before
{Heap before GC invocations=33 (full 0):
 garbage-first heap   total 129024K, used 98339K [0x0000000084a00000, 0x0000000100000000)
  region size 1024K, 75 young (76800K), 2 survivors (2048K)
 Metaspace       used 31332K, committed 31744K, reserved 1114112K
  class space    used 3719K, committed 3904K, reserved 1048576K
}
Event: 42.048 GC heap after
{Heap after GC invocations=34 (full 0):
 garbage-first heap   total 129024K, used 26431K [0x0000000084a00000, 0x0000000100000000)
  region size 1024K, 3 young (3072K), 3 survivors (3072K)
 Metaspace       used 31332K, committed 31744K, reserved 1114112K
  class space    used 3719K, committed 3904K, reserved 1048576K
}
Event: 42.238 GC heap before
{Heap before GC invocations=34 (full 0):
 garbage-first heap   total 129024K, used 99135K [0x0000000084a00000, 0x0000000100000000)
  region size 1024K, 75 young (76800K), 3 survivors (3072K)
 Metaspace       used 31334K, committed 31744K, reserved 1114112K
  class space    used 3719K, committed 3904K, reserved 1048576K
}
Event: 42.245 GC heap after
{Heap after GC invocations=35 (full 0):
 garbage-first heap   total 129024K, used 24718K [0x0000000084a00000, 0x0000000100000000)
  region size 1024K, 2 young (2048K), 2 survivors (2048K)
 Metaspace       used 31334K, committed 31744K, reserved 1114112K
  class space    used 3719K, committed 3904K, reserved 1048576K
}
Event: 42.401 GC heap before
{Heap before GC invocations=35 (full 0):
 garbage-first heap   total 129024K, used 98446K [0x0000000084a00000, 0x0000000100000000)
  region size 1024K, 75 young (76800K), 2 survivors (2048K)
 Metaspace       used 31344K, committed 31744K, reserved 1114112K
  class space    used 3719K, committed 3904K, reserved 1048576K
}

