# JRE version: Java(TM) SE Runtime Environment (17.0.10+11) (build 17.0.10+11-LTS-240)
# Java VM: Java HotSpot(TM) 64-Bit Server VM (17.0.10+11-LTS-240, mixed mode, sharing, tiered, compressed oops, compressed class ptrs, g1 gc, windows-amd64)
GC Precious Log:
 CPUs: 4 total, 4 available
 Memory: 7890M
 Large Page Support: Disabled
 NUMA Support: Disabled
 Compressed Oops: Enabled (32-bit)
 Heap Region Size: 1M
 Heap Min Capacity: 8M
 Heap Initial Capacity: 124M
 Heap Max Capacity: 1974M
 Pre-touch: Disabled
 Parallel Workers: 4
 Concurrent Workers: 1
 Concurrent Refinement Workers: 4
 Periodic GC: Disabled
Heap:
 garbage-first heap   total 114688K, used 24914K [0x0000000084a00000, 0x0000000100000000)
  region size 1024K, 2 young (2048K), 2 survivors (2048K)
 Metaspace       used 31190K, committed 31552K, reserved 1114112K
  class space    used 3718K, committed 3904K, reserved 1048576K
GC Heap History (20 events):
Event: 38.474 GC heap after
{Heap after GC invocations=18 (full 0):
 garbage-first heap   total 94208K, used 23956K [0x0000000084a00000, 0x0000000100000000)
  region size 1024K, 2 young (2048K), 2 survivors (2048K)
 Metaspace       used 30976K, committed 31360K, reserved 1114112K
  class space    used 3716K, committed 3904K, reserved 1048576K
}
Event: 38.601 GC heap before
{Heap before GC invocations=18 (full 0):
 garbage-first heap   total 94208K, used 77204K [0x0000000084a00000, 0x0000000100000000)
  region size 1024K, 54 young (55296K), 2 survivors (2048K)
 Metaspace       used 30980K, committed 31360K, reserved 1114112K
  class space    used 3716K, committed 3904K, reserved 1048576K
}
Event: 38.607 GC heap after
{Heap after GC invocations=19 (full 0):
 garbage-first heap   total 94208K, used 27893K [0x0000000084a00000, 0x0000000100000000)
  region size 1024K, 6 young (6144K), 6 survivors (6144K)
 Metaspace       used 30980K, committed 31360K, reserved 1114112K
  class space    used 3716K, committed 3904K, reserved 1048576K
}
Event: 38.723 GC heap before
{Heap before GC invocations=19 (full 0):
 garbage-first heap   total 94208K, used 73973K [0x0000000084a00000, 0x0000000100000000)
  region size 1024K, 51 young (52224K), 6 survivors (6144K)
 Metaspace       used 30984K, committed 31360K, reserved 1114112K
  class space    used 3716K, committed 3904K, reserved 1048576K
}
Event: 38.725 GC heap after
{Heap after GC invocations=20 (full 0):
 garbage-first heap   total 94208K, used 25050K [0x0000000084a00000, 0x0000000100000000)
  region size 1024K, 2 young (2048K), 2 survivors (2048K)
 Metaspace       used 30984K, committed 31360K, reserved 1114112K
  class space    used 3716K, committed 3904K, reserved 1048576K
}
Event: 38.840 GC heap before
{Heap before GC invocations=20 (full 0):
 garbage-first heap   total 94208K, used 76250K [0x0000000084a00000, 0x0000000100000000)
  region size 1024K, 52 young (53248K), 2 survivors (2048K)
 Metaspace       used 31040K, committed 31424K, reserved 1114112K
  class space    used 3716K, committed 3904K, reserved 1048576K
}
Event: 38.841 GC heap after
{Heap after GC invocations=21 (full 0):
 garbage-first heap   total 114688K, used 24674K [0x0000000084a00000, 0x0000000100000000)
  region size 1024K, 2 young (2048K), 2 survivors (2048K)
 Metaspace       used 31040K, committed 31424K, reserved 1114112K
  class space    used 3716K, committed 3904K, reserved 1048576K
}
Event: 39.012 GC heap before
{Heap before GC invocations=21 (full 0):
 garbage-first heap   total 114688K, used 91234K [0x0000000084a00000, 0x0000000100000000)
  region size 1024K, 67 young (68608K), 2 survivors (2048K)
 Metaspace       used 31095K, committed 31424K, reserved 1114112K
  class space    used 3717K, committed 3904K, reserved 1048576K
}
Event: 39.015 GC heap after
{Heap after GC invocations=22 (full 0):
 garbage-first heap   total 114688K, used 27707K [0x0000000084a00000, 0x0000000100000000)
  region size 1024K, 5 young (5120K), 5 survivors (5120K)
 Metaspace       used 31095K, committed 31424K, reserved 1114112K
  class space    used 3717K, committed 3904K, reserved 1048576K
}
Event: 39.172 GC heap before
{Heap before GC invocations=22 (full 0):
 garbage-first heap   total 114688K, used 91195K [0x0000000084a00000, 0x0000000100000000)
  region size 1024K, 67 young (68608K), 5 survivors (5120K)
 Metaspace       used 31112K, committed 31488K, reserved 1114112K
  class space    used 3717K, committed 3904K, reserved 1048576K
}
Event: 39.174 GC heap after
{Heap after GC invocations=23 (full 0):
 garbage-first heap   total 114688K, used 24587K [0x0000000084a00000, 0x0000000100000000)
  region size 1024K, 2 young (2048K), 2 survivors (2048K)
 Metaspace       used 31112K, committed 31488K, reserved 1114112K
  class space    used 3717K, committed 3904K, reserved 1048576K
}
Event: 39.326 GC heap before
{Heap before GC invocations=23 (full 0):
 garbage-first heap   total 114688K, used 90123K [0x0000000084a00000, 0x0000000100000000)
  region size 1024K, 67 young (68608K), 2 survivors (2048K)
 Metaspace       used 31117K, committed 31488K, reserved 1114112K
  class space    used 3717K, committed 3904K, reserved 1048576K
}
Event: 39.328 GC heap after
{Heap after GC invocations=24 (full 0):
 garbage-first heap   total 114688K, used 24642K [0x0000000084a00000, 0x0000000100000000)
  region size 1024K, 2 young (2048K), 2 survivors (2048K)
 Metaspace       used 31117K, committed 31488K, reserved 1114112K
  class space    used 3717K, committed 3904K, reserved 1048576K
}
Event: 39.474 GC heap before
{Heap before GC invocations=24 (full 0):
 garbage-first heap   total 114688K, used 90178K [0x0000000084a00000, 0x0000000100000000)
  region size 1024K, 67 young (68608K), 2 survivors (2048K)
 Metaspace       used 31171K, committed 31552K, reserved 1114112K
  class space    used 3717K, committed 3904K, reserved 1048576K
}
Event: 39.475 GC heap after
{Heap after GC invocations=25 (full 0):
 garbage-first heap   total 114688K, used 24488K [0x0000000084a00000, 0x0000000100000000)
  region size 1024K, 2 young (2048K), 2 survivors (2048K)
 Metaspace       used 31171K, committed 31552K, reserved 1114112K
  class space    used 3717K, committed 3904K, reserved 1048576K
}
Event: 39.603 GC heap before
{Heap before GC invocations=25 (full 0):
 garbage-first heap   total 114688K, used 91048K [0x0000000084a00000, 0x0000000100000000)
  region size 1024K, 67 young (68608K), 2 survivors (2048K)
 Metaspace       used 31174K, committed 31552K, reserved 1114112K
  class space    used 3718K, committed 3904K, reserved 1048576K
}
Event: 39.605 GC heap after
{Heap after GC invocations=26 (full 0):
 garbage-first heap   total 114688K, used 24615K [0x0000000084a00000, 0x0000000100000000)
  region size 1024K, 2 young (2048K), 2 survivors (2048K)
 Metaspace       used 31174K, committed 31552K, reserved 1114112K
  class space    used 3718K, committed 3904K, reserved 1048576K
}
Event: 39.767 GC heap before
{Heap before GC invocations=26 (full 0):
 garbage-first heap   total 114688K, used 90151K [0x0000000084a00000, 0x0000000100000000)
  region size 1024K, 67 young (68608K), 2 survivors (2048K)
 Metaspace       used 31184K, committed 31552K, reserved 1114112K
  class space    used 3718K, committed 3904K, reserved 1048576K
}
Event: 39.770 GC heap after
{Heap after GC invocations=27 (full 0):
 garbage-first heap   total 114688K, used 27955K [0x0000000084a00000, 0x0000000100000000)
  region size 1024K, 5 young (5120K), 5 survivors (5120K)
 Metaspace       used 31184K, committed 31552K, reserved 1114112K
  class space    used 3718K, committed 3904K, reserved 1048576K
}
Event: 39.896 GC heap before
{Heap before GC invocations=27 (full 0):
 garbage-first heap   total 114688K, used 91443K [0x0000000084a00000, 0x0000000100000000)
  region size 1024K, 67 young (68608K), 5 survivors (5120K)
 Metaspace       used 31190K, committed 31552K, reserved 1114112K
  class space    used 3718K, committed 3904K, reserved 1048576K
}

