# JRE version: OpenJDK Runtime Environment Temurin-17.0.10+7 (17.0.10+7) (build 17.0.10+7)
# Java VM: OpenJDK 64-Bit Server VM Temurin-17.0.10+7 (17.0.10+7, mixed mode, tiered, compressed oops, compressed class ptrs, g1 gc, windows-amd64)
GC Precious Log:
 CPUs: 4 total, 4 available
 Memory: 7890M
 Large Page Support: Disabled
 NUMA Support: Disabled
 Compressed Oops: Enabled (32-bit)
 Heap Region Size: 1M
 Heap Min Capacity: 8M
 Heap Initial Capacity: 124M
 Heap Max Capacity: 1974M
 Pre-touch: Disabled
 Parallel Workers: 4
 Concurrent Workers: 1
 Concurrent Refinement Workers: 4
 Periodic GC: Disabled
Heap:
 garbage-first heap   total 77824K, used 38619K [0x0000000084a00000, 0x0000000100000000)
  region size 1024K, 19 young (19456K), 4 survivors (4096K)
 Metaspace       used 43277K, committed 43648K, reserved 1114112K
  class space    used 4781K, committed 4992K, reserved 1048576K
GC Heap History (20 events):
Event: 8.074 GC heap before
{Heap before GC invocations=6 (full 0):
 garbage-first heap   total 48128K, used 31031K [0x0000000084a00000, 0x0000000100000000)
  region size 1024K, 18 young (18432K), 1 survivors (1024K)
 Metaspace       used 32644K, committed 32960K, reserved 1114112K
  class space    used 3586K, committed 3712K, reserved 1048576K
}
Event: 8.078 GC heap after
{Heap after GC invocations=7 (full 0):
 garbage-first heap   total 48128K, used 15751K [0x0000000084a00000, 0x0000000100000000)
  region size 1024K, 3 young (3072K), 3 survivors (3072K)
 Metaspace       used 32644K, committed 32960K, reserved 1114112K
  class space    used 3586K, committed 3712K, reserved 1048576K
}
Event: 8.617 GC heap before
{Heap before GC invocations=7 (full 0):
 garbage-first heap   total 48128K, used 22919K [0x0000000084a00000, 0x0000000100000000)
  region size 1024K, 12 young (12288K), 3 survivors (3072K)
 Metaspace       used 35685K, committed 35968K, reserved 1114112K
  class space    used 3979K, committed 4096K, reserved 1048576K
}
Event: 8.622 GC heap after
{Heap after GC invocations=8 (full 0):
 garbage-first heap   total 48128K, used 16610K [0x0000000084a00000, 0x0000000100000000)
  region size 1024K, 1 young (1024K), 1 survivors (1024K)
 Metaspace       used 35685K, committed 35968K, reserved 1114112K
  class space    used 3979K, committed 4096K, reserved 1048576K
}
Event: 56.212 GC heap before
{Heap before GC invocations=9 (full 0):
 garbage-first heap   total 48128K, used 32994K [0x0000000084a00000, 0x0000000100000000)
  region size 1024K, 18 young (18432K), 1 survivors (1024K)
 Metaspace       used 37740K, committed 38080K, reserved 1114112K
  class space    used 4263K, committed 4416K, reserved 1048576K
}
Event: 56.229 GC heap after
{Heap after GC invocations=10 (full 0):
 garbage-first heap   total 48128K, used 17938K [0x0000000084a00000, 0x0000000100000000)
  region size 1024K, 3 young (3072K), 3 survivors (3072K)
 Metaspace       used 37740K, committed 38080K, reserved 1114112K
  class space    used 4263K, committed 4416K, reserved 1048576K
}
Event: 56.300 GC heap before
{Heap before GC invocations=10 (full 0):
 garbage-first heap   total 48128K, used 18962K [0x0000000084a00000, 0x0000000100000000)
  region size 1024K, 4 young (4096K), 3 survivors (3072K)
 Metaspace       used 37751K, committed 38080K, reserved 1114112K
  class space    used 4263K, committed 4416K, reserved 1048576K
}
Event: 56.311 GC heap after
{Heap after GC invocations=11 (full 0):
 garbage-first heap   total 48128K, used 17863K [0x0000000084a00000, 0x0000000100000000)
  region size 1024K, 1 young (1024K), 1 survivors (1024K)
 Metaspace       used 37751K, committed 38080K, reserved 1114112K
  class space    used 4263K, committed 4416K, reserved 1048576K
}
Event: 57.406 GC heap before
{Heap before GC invocations=11 (full 0):
 garbage-first heap   total 48128K, used 34247K [0x0000000084a00000, 0x0000000100000000)
  region size 1024K, 17 young (17408K), 1 survivors (1024K)
 Metaspace       used 38185K, committed 38464K, reserved 1114112K
  class space    used 4286K, committed 4416K, reserved 1048576K
}
Event: 57.415 GC heap after
{Heap after GC invocations=12 (full 0):
 garbage-first heap   total 48128K, used 20763K [0x0000000084a00000, 0x0000000100000000)
  region size 1024K, 3 young (3072K), 3 survivors (3072K)
 Metaspace       used 38185K, committed 38464K, reserved 1114112K
  class space    used 4286K, committed 4416K, reserved 1048576K
}
Event: 58.121 GC heap before
{Heap before GC invocations=12 (full 0):
 garbage-first heap   total 48128K, used 34075K [0x0000000084a00000, 0x0000000100000000)
  region size 1024K, 17 young (17408K), 3 survivors (3072K)
 Metaspace       used 38303K, committed 38656K, reserved 1114112K
  class space    used 4286K, committed 4416K, reserved 1048576K
}
Event: 58.132 GC heap after
{Heap after GC invocations=13 (full 0):
 garbage-first heap   total 48128K, used 21893K [0x0000000084a00000, 0x0000000100000000)
  region size 1024K, 2 young (2048K), 2 survivors (2048K)
 Metaspace       used 38303K, committed 38656K, reserved 1114112K
  class space    used 4286K, committed 4416K, reserved 1048576K
}
Event: 69.213 GC heap before
{Heap before GC invocations=13 (full 0):
 garbage-first heap   total 48128K, used 35205K [0x0000000084a00000, 0x0000000100000000)
  region size 1024K, 15 young (15360K), 2 survivors (2048K)
 Metaspace       used 39834K, committed 40128K, reserved 1114112K
  class space    used 4419K, committed 4544K, reserved 1048576K
}
Event: 69.215 GC heap after
{Heap after GC invocations=14 (full 0):
 garbage-first heap   total 77824K, used 21560K [0x0000000084a00000, 0x0000000100000000)
  region size 1024K, 1 young (1024K), 1 survivors (1024K)
 Metaspace       used 39834K, committed 40128K, reserved 1114112K
  class space    used 4419K, committed 4544K, reserved 1048576K
}
Event: 78.490 GC heap before
{Heap before GC invocations=14 (full 0):
 garbage-first heap   total 77824K, used 57400K [0x0000000084a00000, 0x0000000100000000)
  region size 1024K, 36 young (36864K), 1 survivors (1024K)
 Metaspace       used 42570K, committed 43008K, reserved 1114112K
  class space    used 4757K, committed 4992K, reserved 1048576K
}
Event: 78.497 GC heap after
{Heap after GC invocations=15 (full 0):
 garbage-first heap   total 77824K, used 23481K [0x0000000084a00000, 0x0000000100000000)
  region size 1024K, 3 young (3072K), 3 survivors (3072K)
 Metaspace       used 42570K, committed 43008K, reserved 1114112K
  class space    used 4757K, committed 4992K, reserved 1048576K
}
Event: 82.124 GC heap before
{Heap before GC invocations=15 (full 0):
 garbage-first heap   total 77824K, used 61369K [0x0000000084a00000, 0x0000000100000000)
  region size 1024K, 40 young (40960K), 3 survivors (3072K)
 Metaspace       used 43021K, committed 43456K, reserved 1114112K
  class space    used 4769K, committed 4992K, reserved 1048576K
}
Event: 82.130 GC heap after
{Heap after GC invocations=16 (full 0):
 garbage-first heap   total 77824K, used 23749K [0x0000000084a00000, 0x0000000100000000)
  region size 1024K, 3 young (3072K), 3 survivors (3072K)
 Metaspace       used 43021K, committed 43456K, reserved 1114112K
  class space    used 4769K, committed 4992K, reserved 1048576K
}
Event: 86.627 GC heap before
{Heap before GC invocations=16 (full 0):
 garbage-first heap   total 77824K, used 62661K [0x0000000084a00000, 0x0000000100000000)
  region size 1024K, 41 young (41984K), 3 survivors (3072K)
 Metaspace       used 43200K, committed 43648K, reserved 1114112K
  class space    used 4772K, committed 4992K, reserved 1048576K
}
Event: 86.631 GC heap after
{Heap after GC invocations=17 (full 0):
 garbage-first heap   total 77824K, used 24283K [0x0000000084a00000, 0x0000000100000000)
  region size 1024K, 4 young (4096K), 4 survivors (4096K)
 Metaspace       used 43200K, committed 43648K, reserved 1114112K
  class space    used 4772K, committed 4992K, reserved 1048576K
}

