# JRE version: Java(TM) SE Runtime Environment (17.0.10+11) (build 17.0.10+11-LTS-240)
# Java VM: Java HotSpot(TM) 64-Bit Server VM (17.0.10+11-LTS-240, mixed mode, sharing, tiered, compressed oops, compressed class ptrs, g1 gc, windows-amd64)
GC Precious Log:
 CPUs: 4 total, 4 available
 Memory: 7890M
 Large Page Support: Disabled
 NUMA Support: Disabled
 Compressed Oops: Enabled (32-bit)
 Heap Region Size: 1M
 Heap Min Capacity: 8M
 Heap Initial Capacity: 124M
 Heap Max Capacity: 1974M
 Pre-touch: Disabled
 Parallel Workers: 4
 Concurrent Workers: 1
 Concurrent Refinement Workers: 4
 Periodic GC: Disabled
Heap:
 garbage-first heap   total 221184K, used 29917K [0x0000000084a00000, 0x0000000100000000)
  region size 1024K, 1 young (1024K), 1 survivors (1024K)
 Metaspace       used 31264K, committed 31616K, reserved 1114112K
  class space    used 3717K, committed 3904K, reserved 1048576K
GC Heap History (20 events):
Event: 39.779 GC heap after
{Heap after GC invocations=37 (full 0):
 garbage-first heap   total 99328K, used 25484K [0x0000000084a00000, 0x0000000100000000)
  region size 1024K, 3 young (3072K), 3 survivors (3072K)
 Metaspace       used 31215K, committed 31616K, reserved 1114112K
  class space    used 3717K, committed 3904K, reserved 1048576K
}
Event: 39.784 GC heap before
{Heap before GC invocations=37 (full 0):
 garbage-first heap   total 99328K, used 26508K [0x0000000084a00000, 0x0000000100000000)
  region size 1024K, 4 young (4096K), 3 survivors (3072K)
 Metaspace       used 31215K, committed 31616K, reserved 1114112K
  class space    used 3717K, committed 3904K, reserved 1048576K
}
Event: 39.786 GC heap after
{Heap after GC invocations=38 (full 0):
 garbage-first heap   total 99328K, used 25398K [0x0000000084a00000, 0x0000000100000000)
  region size 1024K, 1 young (1024K), 1 survivors (1024K)
 Metaspace       used 31215K, committed 31616K, reserved 1114112K
  class space    used 3717K, committed 3904K, reserved 1048576K
}
Event: 39.942 GC heap before
{Heap before GC invocations=38 (full 0):
 garbage-first heap   total 99328K, used 77622K [0x0000000084a00000, 0x0000000100000000)
  region size 1024K, 53 young (54272K), 1 survivors (1024K)
 Metaspace       used 31215K, committed 31616K, reserved 1114112K
  class space    used 3717K, committed 3904K, reserved 1048576K
}
Event: 39.949 GC heap after
{Heap after GC invocations=39 (full 0):
 garbage-first heap   total 221184K, used 28648K [0x0000000084a00000, 0x0000000100000000)
  region size 1024K, 5 young (5120K), 5 survivors (5120K)
 Metaspace       used 31215K, committed 31616K, reserved 1114112K
  class space    used 3717K, committed 3904K, reserved 1048576K
}
Event: 40.411 GC heap before
{Heap before GC invocations=40 (full 0):
 garbage-first heap   total 126976K, used 99304K [0x0000000084a00000, 0x0000000100000000)
  region size 1024K, 74 young (75776K), 5 survivors (5120K)
 Metaspace       used 31243K, committed 31616K, reserved 1114112K
  class space    used 3717K, committed 3904K, reserved 1048576K
}
Event: 40.414 GC heap after
{Heap after GC invocations=41 (full 0):
 garbage-first heap   total 126976K, used 27370K [0x0000000084a00000, 0x0000000100000000)
  region size 1024K, 3 young (3072K), 3 survivors (3072K)
 Metaspace       used 31243K, committed 31616K, reserved 1114112K
  class space    used 3717K, committed 3904K, reserved 1048576K
}
Event: 40.416 GC heap before
{Heap before GC invocations=41 (full 0):
 garbage-first heap   total 126976K, used 30442K [0x0000000084a00000, 0x0000000100000000)
  region size 1024K, 6 young (6144K), 3 survivors (3072K)
 Metaspace       used 31243K, committed 31616K, reserved 1114112K
  class space    used 3717K, committed 3904K, reserved 1048576K
}
Event: 40.420 GC heap after
{Heap after GC invocations=42 (full 0):
 garbage-first heap   total 126976K, used 26784K [0x0000000084a00000, 0x0000000100000000)
  region size 1024K, 1 young (1024K), 1 survivors (1024K)
 Metaspace       used 31243K, committed 31616K, reserved 1114112K
  class space    used 3717K, committed 3904K, reserved 1048576K
}
Event: 40.570 GC heap before
{Heap before GC invocations=42 (full 0):
 garbage-first heap   total 126976K, used 97440K [0x0000000084a00000, 0x0000000100000000)
  region size 1024K, 71 young (72704K), 1 survivors (1024K)
 Metaspace       used 31251K, committed 31616K, reserved 1114112K
  class space    used 3717K, committed 3904K, reserved 1048576K
}
Event: 40.575 GC heap after
{Heap after GC invocations=43 (full 0):
 garbage-first heap   total 126976K, used 30837K [0x0000000084a00000, 0x0000000100000000)
  region size 1024K, 5 young (5120K), 5 survivors (5120K)
 Metaspace       used 31251K, committed 31616K, reserved 1114112K
  class space    used 3717K, committed 3904K, reserved 1048576K
}
Event: 40.690 GC heap before
{Heap before GC invocations=44 (full 0):
 garbage-first heap   total 126976K, used 96558K [0x0000000084a00000, 0x0000000100000000)
  region size 1024K, 71 young (72704K), 5 survivors (5120K)
 Metaspace       used 31252K, committed 31616K, reserved 1114112K
  class space    used 3717K, committed 3904K, reserved 1048576K
}
Event: 40.694 GC heap after
{Heap after GC invocations=45 (full 0):
 garbage-first heap   total 126976K, used 29268K [0x0000000084a00000, 0x0000000100000000)
  region size 1024K, 5 young (5120K), 5 survivors (5120K)
 Metaspace       used 31252K, committed 31616K, reserved 1114112K
  class space    used 3717K, committed 3904K, reserved 1048576K
}
Event: 40.695 GC heap before
{Heap before GC invocations=45 (full 0):
 garbage-first heap   total 126976K, used 29268K [0x0000000084a00000, 0x0000000100000000)
  region size 1024K, 6 young (6144K), 5 survivors (5120K)
 Metaspace       used 31252K, committed 31616K, reserved 1114112K
  class space    used 3717K, committed 3904K, reserved 1048576K
}
Event: 40.699 GC heap after
{Heap after GC invocations=46 (full 0):
 garbage-first heap   total 126976K, used 28692K [0x0000000084a00000, 0x0000000100000000)
  region size 1024K, 1 young (1024K), 1 survivors (1024K)
 Metaspace       used 31252K, committed 31616K, reserved 1114112K
  class space    used 3717K, committed 3904K, reserved 1048576K
}
Event: 40.825 GC heap before
{Heap before GC invocations=46 (full 0):
 garbage-first heap   total 126976K, used 98324K [0x0000000084a00000, 0x0000000100000000)
  region size 1024K, 70 young (71680K), 1 survivors (1024K)
 Metaspace       used 31257K, committed 31616K, reserved 1114112K
  class space    used 3717K, committed 3904K, reserved 1048576K
}
Event: 40.831 GC heap after
{Heap after GC invocations=47 (full 0):
 garbage-first heap   total 126976K, used 32586K [0x0000000084a00000, 0x0000000100000000)
  region size 1024K, 5 young (5120K), 5 survivors (5120K)
 Metaspace       used 31257K, committed 31616K, reserved 1114112K
  class space    used 3717K, committed 3904K, reserved 1048576K
}
Event: 41.021 GC heap before
{Heap before GC invocations=48 (full 0):
 garbage-first heap   total 126976K, used 97695K [0x0000000084a00000, 0x0000000100000000)
  region size 1024K, 70 young (71680K), 5 survivors (5120K)
 Metaspace       used 31264K, committed 31616K, reserved 1114112K
  class space    used 3717K, committed 3904K, reserved 1048576K
}
Event: 41.028 GC heap after
{Heap after GC invocations=49 (full 0):
 garbage-first heap   total 126976K, used 31363K [0x0000000084a00000, 0x0000000100000000)
  region size 1024K, 5 young (5120K), 5 survivors (5120K)
 Metaspace       used 31264K, committed 31616K, reserved 1114112K
  class space    used 3717K, committed 3904K, reserved 1048576K
}
Event: 41.031 GC heap before
{Heap before GC invocations=49 (full 0):
 garbage-first heap   total 126976K, used 32387K [0x0000000084a00000, 0x0000000100000000)
  region size 1024K, 6 young (6144K), 5 survivors (5120K)
 Metaspace       used 31264K, committed 31616K, reserved 1114112K
  class space    used 3717K, committed 3904K, reserved 1048576K
}

