# JRE version: Java(TM) SE Runtime Environment (17.0.10+11) (build 17.0.10+11-LTS-240)
# Java VM: Java HotSpot(TM) 64-Bit Server VM (17.0.10+11-LTS-240, mixed mode, sharing, tiered, compressed oops, compressed class ptrs, g1 gc, windows-amd64)
GC Precious Log:
 CPUs: 4 total, 4 available
 Memory: 7890M
 Large Page Support: Disabled
 NUMA Support: Disabled
 Compressed Oops: Enabled (32-bit)
 Heap Region Size: 1M
 Heap Min Capacity: 8M
 Heap Initial Capacity: 124M
 Heap Max Capacity: 1974M
 Pre-touch: Disabled
 Parallel Workers: 4
 Concurrent Workers: 1
 Concurrent Refinement Workers: 4
 Periodic GC: Disabled
Heap:
 garbage-first heap   total 128000K, used 52106K [0x0000000084a00000, 0x0000000100000000)
  region size 1024K, 3 young (3072K), 3 survivors (3072K)
 Metaspace       used 30295K, committed 30720K, reserved 1114112K
  class space    used 3411K, committed 3584K, reserved 1048576K
GC Heap History (20 events):
Event: 4.259 GC heap after
{Heap after GC invocations=4 (full 0):
 garbage-first heap   total 126976K, used 15225K [0x0000000084a00000, 0x0000000100000000)
  region size 1024K, 8 young (8192K), 8 survivors (8192K)
 Metaspace       used 19547K, committed 19968K, reserved 1114112K
  class space    used 2288K, committed 2496K, reserved 1048576K
}
Event: 5.901 GC heap before
{Heap before GC invocations=4 (full 0):
 garbage-first heap   total 126976K, used 79737K [0x0000000084a00000, 0x0000000100000000)
  region size 1024K, 72 young (73728K), 8 survivors (8192K)
 Metaspace       used 21141K, committed 21504K, reserved 1114112K
  class space    used 2417K, committed 2624K, reserved 1048576K
}
Event: 5.909 GC heap after
{Heap after GC invocations=5 (full 0):
 garbage-first heap   total 126976K, used 19105K [0x0000000084a00000, 0x0000000100000000)
  region size 1024K, 9 young (9216K), 9 survivors (9216K)
 Metaspace       used 21141K, committed 21504K, reserved 1114112K
  class space    used 2417K, committed 2624K, reserved 1048576K
}
Event: 6.809 GC heap before
{Heap before GC invocations=6 (full 0):
 garbage-first heap   total 68608K, used 50849K [0x0000000084a00000, 0x0000000100000000)
  region size 1024K, 40 young (40960K), 9 survivors (9216K)
 Metaspace       used 21698K, committed 22144K, reserved 1114112K
  class space    used 2443K, committed 2688K, reserved 1048576K
}
Event: 6.817 GC heap after
{Heap after GC invocations=7 (full 0):
 garbage-first heap   total 68608K, used 21027K [0x0000000084a00000, 0x0000000100000000)
  region size 1024K, 3 young (3072K), 3 survivors (3072K)
 Metaspace       used 21698K, committed 22144K, reserved 1114112K
  class space    used 2443K, committed 2688K, reserved 1048576K
}
Event: 6.836 GC heap before
{Heap before GC invocations=7 (full 0):
 garbage-first heap   total 68608K, used 22051K [0x0000000084a00000, 0x0000000100000000)
  region size 1024K, 4 young (4096K), 3 survivors (3072K)
 Metaspace       used 21699K, committed 22144K, reserved 1114112K
  class space    used 2443K, committed 2688K, reserved 1048576K
}
Event: 6.839 GC heap after
{Heap after GC invocations=8 (full 0):
 garbage-first heap   total 68608K, used 21753K [0x0000000084a00000, 0x0000000100000000)
  region size 1024K, 1 young (1024K), 1 survivors (1024K)
 Metaspace       used 21699K, committed 22144K, reserved 1114112K
  class space    used 2443K, committed 2688K, reserved 1048576K
}
Event: 7.912 GC heap before
{Heap before GC invocations=8 (full 0):
 garbage-first heap   total 68608K, used 53497K [0x0000000084a00000, 0x0000000100000000)
  region size 1024K, 31 young (31744K), 1 survivors (1024K)
 Metaspace       used 27504K, committed 27904K, reserved 1114112K
  class space    used 3135K, committed 3328K, reserved 1048576K
}
Event: 7.915 GC heap after
{Heap after GC invocations=9 (full 0):
 garbage-first heap   total 68608K, used 23554K [0x0000000084a00000, 0x0000000100000000)
  region size 1024K, 3 young (3072K), 3 survivors (3072K)
 Metaspace       used 27504K, committed 27904K, reserved 1114112K
  class space    used 3135K, committed 3328K, reserved 1048576K
}
Event: 8.594 GC heap before
{Heap before GC invocations=9 (full 0):
 garbage-first heap   total 68608K, used 55298K [0x0000000084a00000, 0x0000000100000000)
  region size 1024K, 31 young (31744K), 3 survivors (3072K)
 Metaspace       used 29774K, committed 30208K, reserved 1114112K
  class space    used 3358K, committed 3584K, reserved 1048576K
}
Event: 8.602 GC heap after
{Heap after GC invocations=10 (full 0):
 garbage-first heap   total 69632K, used 36086K [0x0000000084a00000, 0x0000000100000000)
  region size 1024K, 4 young (4096K), 4 survivors (4096K)
 Metaspace       used 29774K, committed 30208K, reserved 1114112K
  class space    used 3358K, committed 3584K, reserved 1048576K
}
Event: 8.625 GC heap before
{Heap before GC invocations=10 (full 0):
 garbage-first heap   total 69632K, used 37110K [0x0000000084a00000, 0x0000000100000000)
  region size 1024K, 6 young (6144K), 4 survivors (4096K)
 Metaspace       used 29785K, committed 30208K, reserved 1114112K
  class space    used 3358K, committed 3584K, reserved 1048576K
}
Event: 8.628 GC heap after
{Heap after GC invocations=11 (full 0):
 garbage-first heap   total 69632K, used 37211K [0x0000000084a00000, 0x0000000100000000)
  region size 1024K, 1 young (1024K), 1 survivors (1024K)
 Metaspace       used 29785K, committed 30208K, reserved 1114112K
  class space    used 3358K, committed 3584K, reserved 1048576K
}
Event: 8.902 GC heap before
{Heap before GC invocations=12 (full 0):
 garbage-first heap   total 69632K, used 51547K [0x0000000084a00000, 0x0000000100000000)
  region size 1024K, 15 young (15360K), 1 survivors (1024K)
 Metaspace       used 29826K, committed 30272K, reserved 1114112K
  class space    used 3360K, committed 3584K, reserved 1048576K
}
Event: 8.905 GC heap after
{Heap after GC invocations=13 (full 0):
 garbage-first heap   total 69632K, used 43888K [0x0000000084a00000, 0x0000000100000000)
  region size 1024K, 2 young (2048K), 2 survivors (2048K)
 Metaspace       used 29826K, committed 30272K, reserved 1114112K
  class space    used 3360K, committed 3584K, reserved 1048576K
}
Event: 8.961 GC heap before
{Heap before GC invocations=13 (full 0):
 garbage-first heap   total 69632K, used 47984K [0x0000000084a00000, 0x0000000100000000)
  region size 1024K, 7 young (7168K), 2 survivors (2048K)
 Metaspace       used 29834K, committed 30336K, reserved 1114112K
  class space    used 3360K, committed 3584K, reserved 1048576K
}
Event: 8.964 GC heap after
{Heap after GC invocations=14 (full 0):
 garbage-first heap   total 69632K, used 45156K [0x0000000084a00000, 0x0000000100000000)
  region size 1024K, 1 young (1024K), 1 survivors (1024K)
 Metaspace       used 29834K, committed 30336K, reserved 1114112K
  class space    used 3360K, committed 3584K, reserved 1048576K
}
Event: 9.054 GC heap before
{Heap before GC invocations=15 (full 0):
 garbage-first heap   total 92160K, used 55396K [0x0000000084a00000, 0x0000000100000000)
  region size 1024K, 10 young (10240K), 1 survivors (1024K)
 Metaspace       used 29837K, committed 30336K, reserved 1114112K
  class space    used 3360K, committed 3584K, reserved 1048576K
}
Event: 9.057 GC heap after
{Heap after GC invocations=16 (full 0):
 garbage-first heap   total 92160K, used 48100K [0x0000000084a00000, 0x0000000100000000)
  region size 1024K, 2 young (2048K), 2 survivors (2048K)
 Metaspace       used 29837K, committed 30336K, reserved 1114112K
  class space    used 3360K, committed 3584K, reserved 1048576K
}
Event: 9.700 GC heap before
{Heap before GC invocations=16 (full 0):
 garbage-first heap   total 92160K, used 64484K [0x0000000084a00000, 0x0000000100000000)
  region size 1024K, 18 young (18432K), 2 survivors (2048K)
 Metaspace       used 30295K, committed 30720K, reserved 1114112K
  class space    used 3411K, committed 3584K, reserved 1048576K
}

