# JRE version: Java(TM) SE Runtime Environment (17.0.10+11) (build 17.0.10+11-LTS-240)
# Java VM: Java HotSpot(TM) 64-Bit Server VM (17.0.10+11-LTS-240, mixed mode, sharing, tiered, compressed oops, compressed class ptrs, g1 gc, windows-amd64)
GC Precious Log:
 CPUs: 4 total, 4 available
 Memory: 7890M
 Large Page Support: Disabled
 NUMA Support: Disabled
 Compressed Oops: Enabled (32-bit)
 Heap Region Size: 1M
 Heap Min Capacity: 8M
 Heap Initial Capacity: 124M
 Heap Max Capacity: 1974M
 Pre-touch: Disabled
 Parallel Workers: 4
 Concurrent Workers: 1
 Concurrent Refinement Workers: 4
 Periodic GC: Disabled
Heap:
 garbage-first heap   total 122880K, used 87199K [0x0000000084a00000, 0x0000000100000000)
  region size 1024K, 64 young (65536K), 1 survivors (1024K)
 Metaspace       used 31557K, committed 31936K, reserved 1114112K
  class space    used 3718K, committed 3904K, reserved 1048576K
GC Heap History (20 events):
Event: 41.700 GC heap before
{Heap before GC invocations=75 (full 0):
 garbage-first heap   total 122880K, used 96233K [0x0000000084a00000, 0x0000000100000000)
  region size 1024K, 72 young (73728K), 1 survivors (1024K)
 Metaspace       used 31477K, committed 31808K, reserved 1114112K
  class space    used 3718K, committed 3904K, reserved 1048576K
}
Event: 41.702 GC heap after
{Heap after GC invocations=76 (full 0):
 garbage-first heap   total 122880K, used 25234K [0x0000000084a00000, 0x0000000100000000)
  region size 1024K, 3 young (3072K), 3 survivors (3072K)
 Metaspace       used 31477K, committed 31808K, reserved 1114112K
  class space    used 3718K, committed 3904K, reserved 1048576K
}
Event: 41.829 GC heap before
{Heap before GC invocations=76 (full 0):
 garbage-first heap   total 122880K, used 95890K [0x0000000084a00000, 0x0000000100000000)
  region size 1024K, 72 young (73728K), 3 survivors (3072K)
 Metaspace       used 31481K, committed 31808K, reserved 1114112K
  class space    used 3718K, committed 3904K, reserved 1048576K
}
Event: 41.830 GC heap after
{Heap after GC invocations=77 (full 0):
 garbage-first heap   total 122880K, used 23643K [0x0000000084a00000, 0x0000000100000000)
  region size 1024K, 1 young (1024K), 1 survivors (1024K)
 Metaspace       used 31481K, committed 31808K, reserved 1114112K
  class space    used 3718K, committed 3904K, reserved 1048576K
}
Event: 41.956 GC heap before
{Heap before GC invocations=77 (full 0):
 garbage-first heap   total 122880K, used 96347K [0x0000000084a00000, 0x0000000100000000)
  region size 1024K, 72 young (73728K), 1 survivors (1024K)
 Metaspace       used 31481K, committed 31808K, reserved 1114112K
  class space    used 3718K, committed 3904K, reserved 1048576K
}
Event: 41.957 GC heap after
{Heap after GC invocations=78 (full 0):
 garbage-first heap   total 122880K, used 23617K [0x0000000084a00000, 0x0000000100000000)
  region size 1024K, 1 young (1024K), 1 survivors (1024K)
 Metaspace       used 31481K, committed 31808K, reserved 1114112K
  class space    used 3718K, committed 3904K, reserved 1048576K
}
Event: 42.084 GC heap before
{Heap before GC invocations=78 (full 0):
 garbage-first heap   total 122880K, used 96321K [0x0000000084a00000, 0x0000000100000000)
  region size 1024K, 72 young (73728K), 1 survivors (1024K)
 Metaspace       used 31481K, committed 31808K, reserved 1114112K
  class space    used 3718K, committed 3904K, reserved 1048576K
}
Event: 42.085 GC heap after
{Heap after GC invocations=79 (full 0):
 garbage-first heap   total 122880K, used 23499K [0x0000000084a00000, 0x0000000100000000)
  region size 1024K, 1 young (1024K), 1 survivors (1024K)
 Metaspace       used 31481K, committed 31808K, reserved 1114112K
  class space    used 3718K, committed 3904K, reserved 1048576K
}
Event: 42.192 GC heap before
{Heap before GC invocations=79 (full 0):
 garbage-first heap   total 122880K, used 96203K [0x0000000084a00000, 0x0000000100000000)
  region size 1024K, 72 young (73728K), 1 survivors (1024K)
 Metaspace       used 31485K, committed 31808K, reserved 1114112K
  class space    used 3718K, committed 3904K, reserved 1048576K
}
Event: 42.193 GC heap after
{Heap after GC invocations=80 (full 0):
 garbage-first heap   total 122880K, used 23550K [0x0000000084a00000, 0x0000000100000000)
  region size 1024K, 1 young (1024K), 1 survivors (1024K)
 Metaspace       used 31485K, committed 31808K, reserved 1114112K
  class space    used 3718K, committed 3904K, reserved 1048576K
}
Event: 42.327 GC heap before
{Heap before GC invocations=80 (full 0):
 garbage-first heap   total 122880K, used 96254K [0x0000000084a00000, 0x0000000100000000)
  region size 1024K, 72 young (73728K), 1 survivors (1024K)
 Metaspace       used 31488K, committed 31808K, reserved 1114112K
  class space    used 3718K, committed 3904K, reserved 1048576K
}
Event: 42.327 GC heap after
{Heap after GC invocations=81 (full 0):
 garbage-first heap   total 122880K, used 23115K [0x0000000084a00000, 0x0000000100000000)
  region size 1024K, 1 young (1024K), 1 survivors (1024K)
 Metaspace       used 31488K, committed 31808K, reserved 1114112K
  class space    used 3718K, committed 3904K, reserved 1048576K
}
Event: 42.435 GC heap before
{Heap before GC invocations=81 (full 0):
 garbage-first heap   total 122880K, used 95819K [0x0000000084a00000, 0x0000000100000000)
  region size 1024K, 72 young (73728K), 1 survivors (1024K)
 Metaspace       used 31490K, committed 31808K, reserved 1114112K
  class space    used 3718K, committed 3904K, reserved 1048576K
}
Event: 42.436 GC heap after
{Heap after GC invocations=82 (full 0):
 garbage-first heap   total 122880K, used 23489K [0x0000000084a00000, 0x0000000100000000)
  region size 1024K, 1 young (1024K), 1 survivors (1024K)
 Metaspace       used 31490K, committed 31808K, reserved 1114112K
  class space    used 3718K, committed 3904K, reserved 1048576K
}
Event: 42.551 GC heap before
{Heap before GC invocations=82 (full 0):
 garbage-first heap   total 122880K, used 96193K [0x0000000084a00000, 0x0000000100000000)
  region size 1024K, 72 young (73728K), 1 survivors (1024K)
 Metaspace       used 31495K, committed 31872K, reserved 1114112K
  class space    used 3718K, committed 3904K, reserved 1048576K
}
Event: 42.553 GC heap after
{Heap after GC invocations=83 (full 0):
 garbage-first heap   total 122880K, used 25457K [0x0000000084a00000, 0x0000000100000000)
  region size 1024K, 3 young (3072K), 3 survivors (3072K)
 Metaspace       used 31495K, committed 31872K, reserved 1114112K
  class space    used 3718K, committed 3904K, reserved 1048576K
}
Event: 42.666 GC heap before
{Heap before GC invocations=83 (full 0):
 garbage-first heap   total 122880K, used 96113K [0x0000000084a00000, 0x0000000100000000)
  region size 1024K, 72 young (73728K), 3 survivors (3072K)
 Metaspace       used 31555K, committed 31936K, reserved 1114112K
  class space    used 3718K, committed 3904K, reserved 1048576K
}
Event: 42.667 GC heap after
{Heap after GC invocations=84 (full 0):
 garbage-first heap   total 122880K, used 23489K [0x0000000084a00000, 0x0000000100000000)
  region size 1024K, 1 young (1024K), 1 survivors (1024K)
 Metaspace       used 31555K, committed 31936K, reserved 1114112K
  class space    used 3718K, committed 3904K, reserved 1048576K
}
Event: 42.790 GC heap before
{Heap before GC invocations=84 (full 0):
 garbage-first heap   total 122880K, used 96193K [0x0000000084a00000, 0x0000000100000000)
  region size 1024K, 72 young (73728K), 1 survivors (1024K)
 Metaspace       used 31555K, committed 31936K, reserved 1114112K
  class space    used 3718K, committed 3904K, reserved 1048576K
}
Event: 42.791 GC heap after
{Heap after GC invocations=85 (full 0):
 garbage-first heap   total 122880K, used 23711K [0x0000000084a00000, 0x0000000100000000)
  region size 1024K, 1 young (1024K), 1 survivors (1024K)
 Metaspace       used 31555K, committed 31936K, reserved 1114112K
  class space    used 3718K, committed 3904K, reserved 1048576K
}

