# JRE version: Java(TM) SE Runtime Environment (17.0.10+11) (build 17.0.10+11-LTS-240)
# Java VM: Java HotSpot(TM) 64-Bit Server VM (17.0.10+11-LTS-240, mixed mode, sharing, tiered, compressed oops, compressed class ptrs, g1 gc, windows-amd64)
GC Precious Log:
 CPUs: 4 total, 4 available
 Memory: 7890M
 Large Page Support: Disabled
 NUMA Support: Disabled
 Compressed Oops: Enabled (32-bit)
 Heap Region Size: 1M
 Heap Min Capacity: 8M
 Heap Initial Capacity: 124M
 Heap Max Capacity: 1974M
 Pre-touch: Disabled
 Parallel Workers: 4
 Concurrent Workers: 1
 Concurrent Refinement Workers: 4
 Periodic GC: Disabled
Heap:
 garbage-first heap   total 231424K, used 57970K [0x0000000084a00000, 0x0000000100000000)
  region size 1024K, 36 young (36864K), 2 survivors (2048K)
 Metaspace       used 31658K, committed 32064K, reserved 1114112K
  class space    used 3720K, committed 3904K, reserved 1048576K
GC Heap History (20 events):
Event: 88.207 GC heap before
{Heap before GC invocations=223 (full 0):
 garbage-first heap   total 231424K, used 160169K [0x0000000084a00000, 0x0000000100000000)
  region size 1024K, 135 young (138240K), 2 survivors (2048K)
 Metaspace       used 31658K, committed 32064K, reserved 1114112K
  class space    used 3720K, committed 3904K, reserved 1048576K
}
Event: 88.209 GC heap after
{Heap after GC invocations=224 (full 0):
 garbage-first heap   total 231424K, used 24212K [0x0000000084a00000, 0x0000000100000000)
  region size 1024K, 2 young (2048K), 2 survivors (2048K)
 Metaspace       used 31658K, committed 32064K, reserved 1114112K
  class space    used 3720K, committed 3904K, reserved 1048576K
}
Event: 88.602 GC heap before
{Heap before GC invocations=224 (full 0):
 garbage-first heap   total 231424K, used 159380K [0x0000000084a00000, 0x0000000100000000)
  region size 1024K, 135 young (138240K), 2 survivors (2048K)
 Metaspace       used 31658K, committed 32064K, reserved 1114112K
  class space    used 3720K, committed 3904K, reserved 1048576K
}
Event: 88.606 GC heap after
{Heap after GC invocations=225 (full 0):
 garbage-first heap   total 231424K, used 24455K [0x0000000084a00000, 0x0000000100000000)
  region size 1024K, 3 young (3072K), 3 survivors (3072K)
 Metaspace       used 31658K, committed 32064K, reserved 1114112K
  class space    used 3720K, committed 3904K, reserved 1048576K
}
Event: 89.151 GC heap before
{Heap before GC invocations=225 (full 0):
 garbage-first heap   total 231424K, used 159623K [0x0000000084a00000, 0x0000000100000000)
  region size 1024K, 135 young (138240K), 3 survivors (3072K)
 Metaspace       used 31658K, committed 32064K, reserved 1114112K
  class space    used 3720K, committed 3904K, reserved 1048576K
}
Event: 89.153 GC heap after
{Heap after GC invocations=226 (full 0):
 garbage-first heap   total 231424K, used 23885K [0x0000000084a00000, 0x0000000100000000)
  region size 1024K, 2 young (2048K), 2 survivors (2048K)
 Metaspace       used 31658K, committed 32064K, reserved 1114112K
  class space    used 3720K, committed 3904K, reserved 1048576K
}
Event: 89.418 GC heap before
{Heap before GC invocations=226 (full 0):
 garbage-first heap   total 231424K, used 159053K [0x0000000084a00000, 0x0000000100000000)
  region size 1024K, 135 young (138240K), 2 survivors (2048K)
 Metaspace       used 31658K, committed 32064K, reserved 1114112K
  class space    used 3720K, committed 3904K, reserved 1048576K
}
Event: 89.419 GC heap after
{Heap after GC invocations=227 (full 0):
 garbage-first heap   total 231424K, used 23996K [0x0000000084a00000, 0x0000000100000000)
  region size 1024K, 2 young (2048K), 2 survivors (2048K)
 Metaspace       used 31658K, committed 32064K, reserved 1114112K
  class space    used 3720K, committed 3904K, reserved 1048576K
}
Event: 89.760 GC heap before
{Heap before GC invocations=227 (full 0):
 garbage-first heap   total 231424K, used 159164K [0x0000000084a00000, 0x0000000100000000)
  region size 1024K, 135 young (138240K), 2 survivors (2048K)
 Metaspace       used 31658K, committed 32064K, reserved 1114112K
  class space    used 3720K, committed 3904K, reserved 1048576K
}
Event: 89.763 GC heap after
{Heap after GC invocations=228 (full 0):
 garbage-first heap   total 231424K, used 23969K [0x0000000084a00000, 0x0000000100000000)
  region size 1024K, 2 young (2048K), 2 survivors (2048K)
 Metaspace       used 31658K, committed 32064K, reserved 1114112K
  class space    used 3720K, committed 3904K, reserved 1048576K
}
Event: 90.135 GC heap before
{Heap before GC invocations=228 (full 0):
 garbage-first heap   total 231424K, used 160161K [0x0000000084a00000, 0x0000000100000000)
  region size 1024K, 135 young (138240K), 2 survivors (2048K)
 Metaspace       used 31658K, committed 32064K, reserved 1114112K
  class space    used 3720K, committed 3904K, reserved 1048576K
}
Event: 90.136 GC heap after
{Heap after GC invocations=229 (full 0):
 garbage-first heap   total 231424K, used 24293K [0x0000000084a00000, 0x0000000100000000)
  region size 1024K, 3 young (3072K), 3 survivors (3072K)
 Metaspace       used 31658K, committed 32064K, reserved 1114112K
  class space    used 3720K, committed 3904K, reserved 1048576K
}
Event: 90.380 GC heap before
{Heap before GC invocations=229 (full 0):
 garbage-first heap   total 231424K, used 159461K [0x0000000084a00000, 0x0000000100000000)
  region size 1024K, 135 young (138240K), 3 survivors (3072K)
 Metaspace       used 31658K, committed 32064K, reserved 1114112K
  class space    used 3720K, committed 3904K, reserved 1048576K
}
Event: 90.382 GC heap after
{Heap after GC invocations=230 (full 0):
 garbage-first heap   total 231424K, used 23893K [0x0000000084a00000, 0x0000000100000000)
  region size 1024K, 2 young (2048K), 2 survivors (2048K)
 Metaspace       used 31658K, committed 32064K, reserved 1114112K
  class space    used 3720K, committed 3904K, reserved 1048576K
}
Event: 90.687 GC heap before
{Heap before GC invocations=230 (full 0):
 garbage-first heap   total 231424K, used 160085K [0x0000000084a00000, 0x0000000100000000)
  region size 1024K, 135 young (138240K), 2 survivors (2048K)
 Metaspace       used 31658K, committed 32064K, reserved 1114112K
  class space    used 3720K, committed 3904K, reserved 1048576K
}
Event: 90.689 GC heap after
{Heap after GC invocations=231 (full 0):
 garbage-first heap   total 231424K, used 23887K [0x0000000084a00000, 0x0000000100000000)
  region size 1024K, 2 young (2048K), 2 survivors (2048K)
 Metaspace       used 31658K, committed 32064K, reserved 1114112K
  class space    used 3720K, committed 3904K, reserved 1048576K
}
Event: 91.268 GC heap before
{Heap before GC invocations=231 (full 0):
 garbage-first heap   total 231424K, used 160079K [0x0000000084a00000, 0x0000000100000000)
  region size 1024K, 135 young (138240K), 2 survivors (2048K)
 Metaspace       used 31658K, committed 32064K, reserved 1114112K
  class space    used 3720K, committed 3904K, reserved 1048576K
}
Event: 91.273 GC heap after
{Heap after GC invocations=232 (full 0):
 garbage-first heap   total 231424K, used 24003K [0x0000000084a00000, 0x0000000100000000)
  region size 1024K, 2 young (2048K), 2 survivors (2048K)
 Metaspace       used 31658K, committed 32064K, reserved 1114112K
  class space    used 3720K, committed 3904K, reserved 1048576K
}
Event: 91.565 GC heap before
{Heap before GC invocations=232 (full 0):
 garbage-first heap   total 231424K, used 160195K [0x0000000084a00000, 0x0000000100000000)
  region size 1024K, 135 young (138240K), 2 survivors (2048K)
 Metaspace       used 31658K, committed 32064K, reserved 1114112K
  class space    used 3720K, committed 3904K, reserved 1048576K
}
Event: 91.568 GC heap after
{Heap after GC invocations=233 (full 0):
 garbage-first heap   total 231424K, used 24178K [0x0000000084a00000, 0x0000000100000000)
  region size 1024K, 2 young (2048K), 2 survivors (2048K)
 Metaspace       used 31658K, committed 32064K, reserved 1114112K
  class space    used 3720K, committed 3904K, reserved 1048576K
}

