# JRE version: Java(TM) SE Runtime Environment (17.0.10+11) (build 17.0.10+11-LTS-240)
# Java VM: Java HotSpot(TM) 64-Bit Server VM (17.0.10+11-LTS-240, mixed mode, sharing, tiered, compressed oops, compressed class ptrs, g1 gc, windows-amd64)
GC Precious Log:
 CPUs: 4 total, 4 available
 Memory: 7890M
 Large Page Support: Disabled
 NUMA Support: Disabled
 Compressed Oops: Enabled (32-bit)
 Heap Region Size: 1M
 Heap Min Capacity: 8M
 Heap Initial Capacity: 124M
 Heap Max Capacity: 1974M
 Pre-touch: Disabled
 Parallel Workers: 4
 Concurrent Workers: 1
 Concurrent Refinement Workers: 4
 Periodic GC: Disabled
Heap:
 garbage-first heap   total 139264K, used 30041K [0x0000000084a00000, 0x0000000100000000)
  region size 1024K, 6 young (6144K), 6 survivors (6144K)
 Metaspace       used 33400K, committed 33792K, reserved 1114112K
  class space    used 3894K, committed 4096K, reserved 1048576K
GC Heap History (20 events):
Event: 61.384 GC heap after
{Heap after GC invocations=21 (full 0):
 garbage-first heap   total 84992K, used 25298K [0x0000000084a00000, 0x0000000100000000)
  region size 1024K, 4 young (4096K), 4 survivors (4096K)
 Metaspace       used 33344K, committed 33728K, reserved 1114112K
  class space    used 3893K, committed 4096K, reserved 1048576K
}
Event: 61.465 GC heap before
{Heap before GC invocations=21 (full 0):
 garbage-first heap   total 84992K, used 62162K [0x0000000084a00000, 0x0000000100000000)
  region size 1024K, 40 young (40960K), 4 survivors (4096K)
 Metaspace       used 33347K, committed 33728K, reserved 1114112K
  class space    used 3893K, committed 4096K, reserved 1048576K
}
Event: 61.467 GC heap after
{Heap after GC invocations=22 (full 0):
 garbage-first heap   total 84992K, used 25489K [0x0000000084a00000, 0x0000000100000000)
  region size 1024K, 4 young (4096K), 4 survivors (4096K)
 Metaspace       used 33347K, committed 33728K, reserved 1114112K
  class space    used 3893K, committed 4096K, reserved 1048576K
}
Event: 61.555 GC heap before
{Heap before GC invocations=22 (full 0):
 garbage-first heap   total 84992K, used 62353K [0x0000000084a00000, 0x0000000100000000)
  region size 1024K, 40 young (40960K), 4 survivors (4096K)
 Metaspace       used 33348K, committed 33728K, reserved 1114112K
  class space    used 3893K, committed 4096K, reserved 1048576K
}
Event: 61.558 GC heap after
{Heap after GC invocations=23 (full 0):
 garbage-first heap   total 111616K, used 26968K [0x0000000084a00000, 0x0000000100000000)
  region size 1024K, 5 young (5120K), 5 survivors (5120K)
 Metaspace       used 33348K, committed 33728K, reserved 1114112K
  class space    used 3893K, committed 4096K, reserved 1048576K
}
Event: 61.703 GC heap before
{Heap before GC invocations=23 (full 0):
 garbage-first heap   total 111616K, used 85336K [0x0000000084a00000, 0x0000000100000000)
  region size 1024K, 62 young (63488K), 5 survivors (5120K)
 Metaspace       used 33359K, committed 33728K, reserved 1114112K
  class space    used 3894K, committed 4096K, reserved 1048576K
}
Event: 61.708 GC heap after
{Heap after GC invocations=24 (full 0):
 garbage-first heap   total 111616K, used 28291K [0x0000000084a00000, 0x0000000100000000)
  region size 1024K, 4 young (4096K), 4 survivors (4096K)
 Metaspace       used 33359K, committed 33728K, reserved 1114112K
  class space    used 3894K, committed 4096K, reserved 1048576K
}
Event: 61.828 GC heap before
{Heap before GC invocations=24 (full 0):
 garbage-first heap   total 111616K, used 84611K [0x0000000084a00000, 0x0000000100000000)
  region size 1024K, 59 young (60416K), 4 survivors (4096K)
 Metaspace       used 33368K, committed 33728K, reserved 1114112K
  class space    used 3894K, committed 4096K, reserved 1048576K
}
Event: 61.831 GC heap after
{Heap after GC invocations=25 (full 0):
 garbage-first heap   total 111616K, used 30039K [0x0000000084a00000, 0x0000000100000000)
  region size 1024K, 6 young (6144K), 6 survivors (6144K)
 Metaspace       used 33368K, committed 33728K, reserved 1114112K
  class space    used 3894K, committed 4096K, reserved 1048576K
}
Event: 61.946 GC heap before
{Heap before GC invocations=25 (full 0):
 garbage-first heap   total 111616K, used 83287K [0x0000000084a00000, 0x0000000100000000)
  region size 1024K, 58 young (59392K), 6 survivors (6144K)
 Metaspace       used 33368K, committed 33728K, reserved 1114112K
  class space    used 3894K, committed 4096K, reserved 1048576K
}
Event: 61.949 GC heap after
{Heap after GC invocations=26 (full 0):
 garbage-first heap   total 111616K, used 28623K [0x0000000084a00000, 0x0000000100000000)
  region size 1024K, 4 young (4096K), 4 survivors (4096K)
 Metaspace       used 33368K, committed 33728K, reserved 1114112K
  class space    used 3894K, committed 4096K, reserved 1048576K
}
Event: 62.057 GC heap before
{Heap before GC invocations=26 (full 0):
 garbage-first heap   total 111616K, used 84943K [0x0000000084a00000, 0x0000000100000000)
  region size 1024K, 59 young (60416K), 4 survivors (4096K)
 Metaspace       used 33368K, committed 33728K, reserved 1114112K
  class space    used 3894K, committed 4096K, reserved 1048576K
}
Event: 62.060 GC heap after
{Heap after GC invocations=27 (full 0):
 garbage-first heap   total 139264K, used 28404K [0x0000000084a00000, 0x0000000100000000)
  region size 1024K, 4 young (4096K), 4 survivors (4096K)
 Metaspace       used 33368K, committed 33728K, reserved 1114112K
  class space    used 3894K, committed 4096K, reserved 1048576K
}
Event: 62.242 GC heap before
{Heap before GC invocations=27 (full 0):
 garbage-first heap   total 139264K, used 107252K [0x0000000084a00000, 0x0000000100000000)
  region size 1024K, 81 young (82944K), 4 survivors (4096K)
 Metaspace       used 33372K, committed 33728K, reserved 1114112K
  class space    used 3894K, committed 4096K, reserved 1048576K
}
Event: 62.245 GC heap after
{Heap after GC invocations=28 (full 0):
 garbage-first heap   total 139264K, used 28347K [0x0000000084a00000, 0x0000000100000000)
  region size 1024K, 4 young (4096K), 4 survivors (4096K)
 Metaspace       used 33372K, committed 33728K, reserved 1114112K
  class space    used 3894K, committed 4096K, reserved 1048576K
}
Event: 62.423 GC heap before
{Heap before GC invocations=28 (full 0):
 garbage-first heap   total 139264K, used 107195K [0x0000000084a00000, 0x0000000100000000)
  region size 1024K, 81 young (82944K), 4 survivors (4096K)
 Metaspace       used 33374K, committed 33792K, reserved 1114112K
  class space    used 3894K, committed 4096K, reserved 1048576K
}
Event: 62.426 GC heap after
{Heap after GC invocations=29 (full 0):
 garbage-first heap   total 139264K, used 28323K [0x0000000084a00000, 0x0000000100000000)
  region size 1024K, 4 young (4096K), 4 survivors (4096K)
 Metaspace       used 33374K, committed 33792K, reserved 1114112K
  class space    used 3894K, committed 4096K, reserved 1048576K
}
Event: 62.594 GC heap before
{Heap before GC invocations=29 (full 0):
 garbage-first heap   total 139264K, used 107171K [0x0000000084a00000, 0x0000000100000000)
  region size 1024K, 81 young (82944K), 4 survivors (4096K)
 Metaspace       used 33392K, committed 33792K, reserved 1114112K
  class space    used 3894K, committed 4096K, reserved 1048576K
}
Event: 62.596 GC heap after
{Heap after GC invocations=30 (full 0):
 garbage-first heap   total 139264K, used 28169K [0x0000000084a00000, 0x0000000100000000)
  region size 1024K, 4 young (4096K), 4 survivors (4096K)
 Metaspace       used 33392K, committed 33792K, reserved 1114112K
  class space    used 3894K, committed 4096K, reserved 1048576K
}
Event: 62.745 GC heap before
{Heap before GC invocations=30 (full 0):
 garbage-first heap   total 139264K, used 107017K [0x0000000084a00000, 0x0000000100000000)
  region size 1024K, 81 young (82944K), 4 survivors (4096K)
 Metaspace       used 33400K, committed 33792K, reserved 1114112K
  class space    used 3894K, committed 4096K, reserved 1048576K
}

